0 verbose cli /home/ubuntu/.c9/node/bin/node /home/ubuntu/.c9/node/bin/npm
1 info using npm@9.5.1
2 info using node@v18.16.1
3 timing npm:load:whichnode Completed in 1ms
4 timing config:load:defaults Completed in 2ms
5 timing config:load:file:/home/ubuntu/.c9/node/lib/node_modules/npm/npmrc Completed in 1ms
6 timing config:load:builtin Completed in 1ms
7 timing config:load:cli Completed in 2ms
8 timing config:load:env Completed in 0ms
9 timing config:load:file:/home/ubuntu/.c9/ts-server/.npmrc Completed in 0ms
10 timing config:load:project Completed in 4ms
11 timing config:load:file:/home/ubuntu/.npmrc Completed in 1ms
12 timing config:load:user Completed in 1ms
13 timing config:load:file:/home/ubuntu/.c9/node/etc/npmrc Completed in 1ms
14 timing config:load:global Completed in 1ms
15 timing config:load:setEnvs Completed in 2ms
16 timing config:load Completed in 13ms
17 timing npm:load:configload Completed in 13ms
18 timing npm:load:mkdirpcache Completed in 0ms
19 timing npm:load:mkdirplogs Completed in 0ms
20 verbose title npm install typescript-language-server-with-ts@0.3.12
21 verbose argv "install" "typescript-language-server-with-ts@0.3.12"
22 timing npm:load:setTitle Completed in 2ms
23 timing config:load:flatten Completed in 4ms
24 timing npm:load:display Completed in 6ms
25 verbose logfile logs-max:10 dir:/home/ubuntu/.c9/tmp/.npm/_logs/2023-10-16T19_48_52_969Z-
26 verbose logfile /home/ubuntu/.c9/tmp/.npm/_logs/2023-10-16T19_48_52_969Z-debug-0.log
27 timing npm:load:logFile Completed in 18ms
28 timing npm:load:timers Completed in 0ms
29 timing npm:load:configScope Completed in 0ms
30 timing npm:load Completed in 41ms
31 timing arborist:ctor Completed in 1ms
32 silly logfile done cleaning log files
33 timing arborist:ctor Completed in 0ms
34 timing idealTree:init Completed in 25ms
35 timing idealTree:userRequests Completed in 9ms
36 silly idealTree buildDeps
37 silly fetch manifest typescript-language-server-with-ts@0.3.12
38 http fetch GET 200 https://registry.npmjs.org/typescript-language-server-with-ts 38ms (cache hit)
39 silly placeDep ROOT typescript-language-server-with-ts@0.3.12 OK for: ts-server@1.0.0 want: 0.3.12
40 silly fetch manifest command-exists@1.2.6
41 silly fetch manifest commander@^2.11.0
42 silly fetch manifest fs-extra@^7.0.0
43 silly fetch manifest p-debounce@^1.0.0
44 silly fetch manifest tempy@^0.2.1
45 silly fetch manifest vscode-languageserver@^4.4.0
46 silly fetch manifest vscode-uri@^1.0.5
47 silly fetch manifest typescript@3.7.2
48 http fetch GET 200 https://registry.npmjs.org/command-exists 299ms (cache miss)
49 http fetch GET 200 https://registry.npmjs.org/p-debounce 297ms (cache miss)
50 http fetch GET 200 https://registry.npmjs.org/tempy 303ms (cache miss)
51 http fetch GET 200 https://registry.npmjs.org/vscode-uri 305ms (cache miss)
52 http fetch GET 200 https://registry.npmjs.org/fs-extra 314ms (cache miss)
53 http fetch GET 200 https://registry.npmjs.org/commander 319ms (cache miss)
54 http fetch GET 200 https://registry.npmjs.org/vscode-languageserver 327ms (cache miss)
55 http fetch GET 200 https://registry.npmjs.org/typescript 402ms (cache miss)
56 timing idealTree:#root Completed in 588ms
57 timing idealTree:buildDeps Completed in 589ms
58 timing idealTree:fixDepFlags Completed in 13ms
59 timing idealTree Completed in 638ms
60 timing reify:loadTrees Completed in 639ms
61 timing reify:diffTrees Completed in 2ms
62 silly reify moves {}
63 timing reify:retireShallow Completed in 4ms
64 timing reify:createSparse Completed in 4ms
65 timing reifyNode:node_modules/typescript-language-server-with-ts Completed in 74ms
66 timing arborist:ctor Completed in 0ms
67 timing reify:diffTrees Completed in 2ms
68 timing reify:createSparse Completed in 10ms
69 timing reify:loadShrinkwraps Completed in 110ms
70 timing reify:loadBundles Completed in 0ms
71 silly audit bulk request {
71 silly audit   'typescript-language-server-with-ts': [ '0.3.12' ],
71 silly audit   '@types/fs-extra': [ '5.0.4' ],
71 silly audit   '@types/node': [ '10.12.0' ],
71 silly audit   '@types/p-debounce': [ '1.0.0' ],
71 silly audit   '@types/tempy': [ '0.1.0' ],
71 silly audit   'command-exists': [ '1.2.6' ],
71 silly audit   commander: [ '2.19.0' ],
71 silly audit   'crypto-random-string': [ '1.0.0' ],
71 silly audit   'fs-extra': [ '7.0.0' ],
71 silly audit   'graceful-fs': [ '4.1.11' ],
71 silly audit   jsonfile: [ '4.0.0' ],
71 silly audit   'p-debounce': [ '1.0.0' ],
71 silly audit   'temp-dir': [ '1.0.0' ],
71 silly audit   tempy: [ '0.2.1' ],
71 silly audit   typescript: [ '3.7.2' ],
71 silly audit   'unique-string': [ '1.0.0' ],
71 silly audit   universalify: [ '0.1.2' ],
71 silly audit   'vscode-jsonrpc': [ '4.0.0' ],
71 silly audit   'vscode-languageserver': [ '4.4.2' ],
71 silly audit   'vscode-languageserver-protocol': [ '3.13.0' ],
71 silly audit   'vscode-languageserver-types': [ '3.13.0' ],
71 silly audit   'vscode-uri': [ '1.0.6' ]
71 silly audit }
72 silly tarball no local data for vscode-uri@https://registry.npmjs.org/vscode-uri/-/vscode-uri-1.0.6.tgz. Extracting by manifest.
73 silly tarball no local data for vscode-languageserver-types@https://registry.npmjs.org/vscode-languageserver-types/-/vscode-languageserver-types-3.13.0.tgz. Extracting by manifest.
74 silly tarball no local data for vscode-languageserver-protocol@https://registry.npmjs.org/vscode-languageserver-protocol/-/vscode-languageserver-protocol-3.13.0.tgz. Extracting by manifest.
75 silly tarball no local data for vscode-languageserver@https://registry.npmjs.org/vscode-languageserver/-/vscode-languageserver-4.4.2.tgz. Extracting by manifest.
76 silly tarball no local data for vscode-jsonrpc@https://registry.npmjs.org/vscode-jsonrpc/-/vscode-jsonrpc-4.0.0.tgz. Extracting by manifest.
77 silly tarball no local data for universalify@https://registry.npmjs.org/universalify/-/universalify-0.1.2.tgz. Extracting by manifest.
78 silly tarball no local data for unique-string@https://registry.npmjs.org/unique-string/-/unique-string-1.0.0.tgz. Extracting by manifest.
79 silly tarball no local data for typescript@https://registry.npmjs.org/typescript/-/typescript-3.7.2.tgz. Extracting by manifest.
80 silly tarball no local data for tempy@https://registry.npmjs.org/tempy/-/tempy-0.2.1.tgz. Extracting by manifest.
81 silly tarball no local data for temp-dir@https://registry.npmjs.org/temp-dir/-/temp-dir-1.0.0.tgz. Extracting by manifest.
82 silly tarball no local data for p-debounce@https://registry.npmjs.org/p-debounce/-/p-debounce-1.0.0.tgz. Extracting by manifest.
83 silly tarball no local data for jsonfile@https://registry.npmjs.org/jsonfile/-/jsonfile-4.0.0.tgz. Extracting by manifest.
84 silly tarball no local data for graceful-fs@https://registry.npmjs.org/graceful-fs/-/graceful-fs-4.1.11.tgz. Extracting by manifest.
85 silly tarball no local data for fs-extra@https://registry.npmjs.org/fs-extra/-/fs-extra-7.0.0.tgz. Extracting by manifest.
86 silly tarball no local data for crypto-random-string@https://registry.npmjs.org/crypto-random-string/-/crypto-random-string-1.0.0.tgz. Extracting by manifest.
87 silly tarball no local data for commander@https://registry.npmjs.org/commander/-/commander-2.19.0.tgz. Extracting by manifest.
88 silly tarball no local data for command-exists@https://registry.npmjs.org/command-exists/-/command-exists-1.2.6.tgz. Extracting by manifest.
89 silly tarball no local data for @types/tempy@https://registry.npmjs.org/@types/tempy/-/tempy-0.1.0.tgz. Extracting by manifest.
90 silly tarball no local data for @types/p-debounce@https://registry.npmjs.org/@types/p-debounce/-/p-debounce-1.0.0.tgz. Extracting by manifest.
91 silly tarball no local data for @types/node@https://registry.npmjs.org/@types/node/-/node-10.12.0.tgz. Extracting by manifest.
92 silly tarball no local data for @types/fs-extra@https://registry.npmjs.org/@types/fs-extra/-/fs-extra-5.0.4.tgz. Extracting by manifest.
93 http fetch POST 200 https://registry.npmjs.org/-/npm/v1/security/advisories/bulk 211ms
94 timing auditReport:getReport Completed in 216ms
95 silly audit report {}
96 timing auditReport:init Completed in 0ms
97 timing reify:audit Completed in 219ms
98 http fetch GET 200 https://registry.npmjs.org/universalify/-/universalify-0.1.2.tgz 422ms (cache miss)
99 timing reifyNode:node_modules/typescript-language-server-with-ts/node_modules/universalify Completed in 463ms
100 http fetch GET 200 https://registry.npmjs.org/tempy/-/tempy-0.2.1.tgz 435ms (cache miss)
101 timing reifyNode:node_modules/typescript-language-server-with-ts/node_modules/tempy Completed in 478ms
102 http fetch GET 200 https://registry.npmjs.org/unique-string/-/unique-string-1.0.0.tgz 440ms (cache miss)
103 timing reifyNode:node_modules/typescript-language-server-with-ts/node_modules/unique-string Completed in 481ms
104 http fetch GET 200 https://registry.npmjs.org/commander/-/commander-2.19.0.tgz 432ms (cache miss)
105 timing reifyNode:node_modules/typescript-language-server-with-ts/node_modules/commander Completed in 487ms
106 http fetch GET 200 https://registry.npmjs.org/command-exists/-/command-exists-1.2.6.tgz 431ms (cache miss)
107 http fetch GET 200 https://registry.npmjs.org/crypto-random-string/-/crypto-random-string-1.0.0.tgz 437ms (cache miss)
108 timing reifyNode:node_modules/typescript-language-server-with-ts/node_modules/crypto-random-string Completed in 490ms
109 http fetch GET 200 https://registry.npmjs.org/p-debounce/-/p-debounce-1.0.0.tgz 446ms (cache miss)
110 timing reifyNode:node_modules/typescript-language-server-with-ts/node_modules/p-debounce Completed in 492ms
111 timing reifyNode:node_modules/typescript-language-server-with-ts/node_modules/command-exists Completed in 494ms
112 http fetch GET 200 https://registry.npmjs.org/temp-dir/-/temp-dir-1.0.0.tgz 451ms (cache miss)
113 timing reifyNode:node_modules/typescript-language-server-with-ts/node_modules/temp-dir Completed in 496ms
114 http fetch GET 200 https://registry.npmjs.org/@types/p-debounce/-/p-debounce-1.0.0.tgz 446ms (cache miss)
115 timing reifyNode:node_modules/typescript-language-server-with-ts/node_modules/@types/p-debounce Completed in 510ms
116 http fetch GET 200 https://registry.npmjs.org/jsonfile/-/jsonfile-4.0.0.tgz 469ms (cache miss)
117 timing reifyNode:node_modules/typescript-language-server-with-ts/node_modules/jsonfile Completed in 517ms
118 http fetch GET 200 https://registry.npmjs.org/graceful-fs/-/graceful-fs-4.1.11.tgz 470ms (cache miss)
119 timing reifyNode:node_modules/typescript-language-server-with-ts/node_modules/graceful-fs Completed in 519ms
120 http fetch GET 200 https://registry.npmjs.org/vscode-uri/-/vscode-uri-1.0.6.tgz 502ms (cache miss)
121 timing reifyNode:node_modules/typescript-language-server-with-ts/node_modules/vscode-uri Completed in 526ms
122 http fetch GET 200 https://registry.npmjs.org/vscode-languageserver-types/-/vscode-languageserver-types-3.13.0.tgz 496ms (cache miss)
123 timing reifyNode:node_modules/typescript-language-server-with-ts/node_modules/vscode-languageserver-types Completed in 530ms
124 http fetch GET 200 https://registry.npmjs.org/vscode-jsonrpc/-/vscode-jsonrpc-4.0.0.tgz 512ms (cache miss)
125 timing reifyNode:node_modules/typescript-language-server-with-ts/node_modules/vscode-jsonrpc Completed in 555ms
126 http fetch GET 200 https://registry.npmjs.org/@types/node/-/node-10.12.0.tgz 490ms (cache miss)
127 http fetch GET 200 https://registry.npmjs.org/vscode-languageserver-protocol/-/vscode-languageserver-protocol-3.13.0.tgz 529ms (cache miss)
128 timing reifyNode:node_modules/typescript-language-server-with-ts/node_modules/vscode-languageserver-protocol Completed in 562ms
129 timing reifyNode:node_modules/typescript-language-server-with-ts/node_modules/@types/node Completed in 560ms
130 http fetch GET 200 https://registry.npmjs.org/@types/fs-extra/-/fs-extra-5.0.4.tgz 494ms (cache miss)
131 timing reifyNode:node_modules/typescript-language-server-with-ts/node_modules/@types/fs-extra Completed in 564ms
132 http fetch GET 200 https://registry.npmjs.org/vscode-languageserver/-/vscode-languageserver-4.4.2.tgz 531ms (cache miss)
133 timing reifyNode:node_modules/typescript-language-server-with-ts/node_modules/vscode-languageserver Completed in 568ms
134 http fetch GET 200 https://registry.npmjs.org/fs-extra/-/fs-extra-7.0.0.tgz 560ms (cache miss)
135 timing reifyNode:node_modules/typescript-language-server-with-ts/node_modules/fs-extra Completed in 611ms
136 http fetch GET 200 https://registry.npmjs.org/@types/tempy/-/tempy-0.1.0.tgz 761ms (cache miss)
137 timing reifyNode:node_modules/typescript-language-server-with-ts/node_modules/@types/tempy Completed in 824ms
138 http fetch GET 200 https://registry.npmjs.org/typescript/-/typescript-3.7.2.tgz 1564ms (cache miss)
139 timing reifyNode:node_modules/typescript-language-server-with-ts/node_modules/typescript Completed in 1608ms
140 timing reify:unpack Completed in 1610ms
141 timing reify:unretire Completed in 1ms
142 timing build:queue Completed in 1ms
143 timing build:link:node_modules/typescript-language-server-with-ts Completed in 2ms
144 timing build:link Completed in 2ms
145 timing build:deps Completed in 4ms
146 timing build Completed in 4ms
147 timing reify:build Completed in 4ms
148 timing reify:trash Completed in 0ms
149 timing reify:save Completed in 15ms
150 timing reify Completed in 2412ms
151 silly ADD node_modules/typescript-language-server-with-ts
152 silly ADD node_modules/typescript-language-server-with-ts/node_modules/vscode-uri
153 silly ADD node_modules/typescript-language-server-with-ts/node_modules/vscode-languageserver-types
154 silly ADD node_modules/typescript-language-server-with-ts/node_modules/vscode-languageserver-protocol
155 silly ADD node_modules/typescript-language-server-with-ts/node_modules/vscode-languageserver
156 silly ADD node_modules/typescript-language-server-with-ts/node_modules/vscode-jsonrpc
157 silly ADD node_modules/typescript-language-server-with-ts/node_modules/universalify
158 silly ADD node_modules/typescript-language-server-with-ts/node_modules/unique-string
159 silly ADD node_modules/typescript-language-server-with-ts/node_modules/typescript
160 silly ADD node_modules/typescript-language-server-with-ts/node_modules/tempy
161 silly ADD node_modules/typescript-language-server-with-ts/node_modules/temp-dir
162 silly ADD node_modules/typescript-language-server-with-ts/node_modules/p-debounce
163 silly ADD node_modules/typescript-language-server-with-ts/node_modules/jsonfile
164 silly ADD node_modules/typescript-language-server-with-ts/node_modules/graceful-fs
165 silly ADD node_modules/typescript-language-server-with-ts/node_modules/fs-extra
166 silly ADD node_modules/typescript-language-server-with-ts/node_modules/crypto-random-string
167 silly ADD node_modules/typescript-language-server-with-ts/node_modules/commander
168 silly ADD node_modules/typescript-language-server-with-ts/node_modules/command-exists
169 silly ADD node_modules/typescript-language-server-with-ts/node_modules/@types/tempy
170 silly ADD node_modules/typescript-language-server-with-ts/node_modules/@types/p-debounce
171 silly ADD node_modules/typescript-language-server-with-ts/node_modules/@types/node
172 silly ADD node_modules/typescript-language-server-with-ts/node_modules/@types/fs-extra
173 timing command:install Completed in 2421ms
174 verbose exit 0
175 timing npm Completed in 2492ms
176 info ok
