0 verbose cli /home/ubuntu/.c9/node/bin/node /home/ubuntu/.c9/node/bin/npm
1 info using npm@9.5.1
2 info using node@v18.16.1
3 timing npm:load:whichnode Completed in 2ms
4 timing config:load:defaults Completed in 3ms
5 timing config:load:file:/home/ubuntu/.c9/node/lib/node_modules/npm/npmrc Completed in 0ms
6 timing config:load:builtin Completed in 1ms
7 warn config production Use `--omit=dev` instead.
8 timing config:load:cli Completed in 3ms
9 timing config:load:env Completed in 1ms
10 timing config:load:file:/home/ubuntu/.c9/.npmrc Completed in 1ms
11 timing config:load:project Completed in 7ms
12 timing config:load:file:/home/ubuntu/.npmrc Completed in 1ms
13 timing config:load:user Completed in 1ms
14 timing config:load:file:/home/ubuntu/.c9/node/etc/npmrc Completed in 1ms
15 timing config:load:global Completed in 1ms
16 timing config:load:setEnvs Completed in 2ms
17 timing config:load Completed in 19ms
18 timing npm:load:configload Completed in 20ms
19 timing npm:load:mkdirpcache Completed in 0ms
20 timing npm:load:mkdirplogs Completed in 0ms
21 verbose title npm install node-cleanup@2.1.2
22 verbose argv "install" "--production" "node-cleanup@2.1.2"
23 timing npm:load:setTitle Completed in 2ms
24 timing config:load:flatten Completed in 6ms
25 timing npm:load:display Completed in 9ms
26 verbose logfile logs-max:10 dir:/home/ubuntu/.c9/tmp/.npm/_logs/2023-10-16T19_49_07_305Z-
27 verbose logfile /home/ubuntu/.c9/tmp/.npm/_logs/2023-10-16T19_49_07_305Z-debug-0.log
28 timing npm:load:logFile Completed in 8ms
29 timing npm:load:timers Completed in 0ms
30 timing npm:load:configScope Completed in 0ms
31 timing npm:load Completed in 45ms
32 timing arborist:ctor Completed in 3ms
33 silly logfile done cleaning log files
34 timing idealTree:init Completed in 109ms
35 timing idealTree:userRequests Completed in 2ms
36 silly idealTree buildDeps
37 silly fetch manifest node-cleanup@2.1.2
38 timing arborist:ctor Completed in 0ms
39 http fetch GET 200 https://registry.npmjs.org/node-cleanup 175ms (cache miss)
40 silly placeDep ROOT node-cleanup@2.1.2 OK for:  want: 2.1.2
41 timing idealTree:#root Completed in 184ms
42 timing idealTree:node_modules/node-cleanup Completed in 0ms
43 timing idealTree:buildDeps Completed in 186ms
44 timing idealTree:fixDepFlags Completed in 1ms
45 timing idealTree Completed in 300ms
46 timing reify:loadTrees Completed in 301ms
47 timing reify:diffTrees Completed in 3ms
48 silly reify moves {}
49 timing reify:retireShallow Completed in 1ms
50 timing reify:createSparse Completed in 1ms
51 timing reify:trashOmits Completed in 1ms
52 timing reify:loadBundles Completed in 0ms
53 silly audit bulk request {
53 silly audit   '@ionic/node-pty-prebuilt': [ '0.9.1' ],
53 silly audit   'ansi-regex': [ '2.1.1' ],
53 silly audit   aproba: [ '1.2.0' ],
53 silly audit   'are-we-there-yet': [ '1.1.7' ],
53 silly audit   'base64-js': [ '1.5.1' ],
53 silly audit   bl: [ '4.1.0' ],
53 silly audit   'readable-stream': [ '3.6.2', '2.3.8' ],
53 silly audit   buffer: [ '5.7.1' ],
53 silly audit   chownr: [ '1.1.4' ],
53 silly audit   'code-point-at': [ '1.1.0' ],
53 silly audit   colors: [ '0.6.2' ],
53 silly audit   'console-control-strings': [ '1.1.0' ],
53 silly audit   'core-util-is': [ '1.0.3' ],
53 silly audit   'decompress-response': [ '4.2.1' ],
53 silly audit   'deep-extend': [ '0.6.0' ],
53 silly audit   delegates: [ '1.0.0' ],
53 silly audit   'detect-libc': [ '1.0.3' ],
53 silly audit   'end-of-stream': [ '1.4.4' ],
53 silly audit   'expand-template': [ '2.0.3' ],
53 silly audit   'fs-constants': [ '1.0.0' ],
53 silly audit   gauge: [ '2.7.4' ],
53 silly audit   'github-from-package': [ '0.0.0' ],
53 silly audit   'has-unicode': [ '2.0.1' ],
53 silly audit   ieee754: [ '1.2.1' ],
53 silly audit   inherits: [ '2.0.4' ],
53 silly audit   ini: [ '1.3.8' ],
53 silly audit   'is-fullwidth-code-point': [ '1.0.0' ],
53 silly audit   isarray: [ '1.0.0' ],
53 silly audit   isbinaryfile: [ '2.0.4' ],
53 silly audit   'mimic-response': [ '2.1.0' ],
53 silly audit   minimist: [ '1.2.8' ],
53 silly audit   'mkdirp-classic': [ '0.5.3' ],
53 silly audit   nak: [ '0.3.3' ],
53 silly audit   nan: [ '2.18.0' ],
53 silly audit   'napi-build-utils': [ '1.0.2' ],
53 silly audit   'node-abi': [ '2.30.1' ],
53 silly audit   'noop-logger': [ '0.1.1' ],
53 silly audit   npmlog: [ '4.1.2' ],
53 silly audit   'number-is-nan': [ '1.0.1' ],
53 silly audit   'object-assign': [ '4.1.1' ],
53 silly audit   once: [ '1.4.0' ],
53 silly audit   'os-tmpdir': [ '1.0.2' ],
53 silly audit   'prebuild-install': [ '5.3.6' ],
53 silly audit   'process-nextick-args': [ '2.0.1' ],
53 silly audit   pump: [ '3.0.0' ],
53 silly audit   rc: [ '1.2.8' ],
53 silly audit   'safe-buffer': [ '5.1.2' ],
53 silly audit   semver: [ '5.7.2' ],
53 silly audit   'set-blocking': [ '2.0.0' ],
53 silly audit   'signal-exit': [ '3.0.7' ],
53 silly audit   'simple-concat': [ '1.0.1' ],
53 silly audit   'simple-get': [ '3.1.1' ],
53 silly audit   string_decoder: [ '1.1.1' ],
53 silly audit   'string-width': [ '1.0.2' ],
53 silly audit   'strip-ansi': [ '3.0.1' ],
53 silly audit   'strip-json-comments': [ '2.0.1' ],
53 silly audit   'tar-fs': [ '2.1.1' ],
53 silly audit   'tar-stream': [ '2.2.0' ],
53 silly audit   tmp: [ '0.0.33' ],
53 silly audit   'tunnel-agent': [ '0.6.0' ],
53 silly audit   'util-deprecate': [ '1.0.2' ],
53 silly audit   'which-pm-runs': [ '1.1.0' ],
53 silly audit   'wide-align': [ '1.1.5' ],
53 silly audit   wrappy: [ '1.0.2' ],
53 silly audit   'node-cleanup': [ '2.1.2' ]
53 silly audit }
54 silly tarball no local data for node-cleanup@https://registry.npmjs.org/node-cleanup/-/node-cleanup-2.1.2.tgz. Extracting by manifest.
55 http fetch GET 200 https://registry.npmjs.org/node-cleanup/-/node-cleanup-2.1.2.tgz 59ms (cache miss)
56 timing reifyNode:node_modules/node-cleanup Completed in 68ms
57 timing reify:unpack Completed in 68ms
58 timing reify:unretire Completed in 0ms
59 timing build:queue Completed in 0ms
60 timing build:deps Completed in 1ms
61 timing build Completed in 1ms
62 timing reify:build Completed in 1ms
63 timing reify:trash Completed in 0ms
64 timing reify:save Completed in 66ms
65 http fetch POST 200 https://registry.npmjs.org/-/npm/v1/security/advisories/bulk 153ms
66 timing auditReport:getReport Completed in 158ms
67 silly audit report {}
68 timing auditReport:init Completed in 0ms
69 timing reify:audit Completed in 162ms
70 timing reify Completed in 484ms
71 silly ADD node_modules/node-cleanup
72 timing command:install Completed in 501ms
73 verbose exit 0
74 timing npm Completed in 571ms
75 info ok
