0 verbose cli /home/ubuntu/.c9/node/bin/node /home/ubuntu/.c9/node/bin/npm
1 info using npm@9.5.1
2 info using node@v18.16.1
3 timing npm:load:whichnode Completed in 1ms
4 timing config:load:defaults Completed in 2ms
5 timing config:load:file:/home/ubuntu/.c9/node/lib/node_modules/npm/npmrc Completed in 0ms
6 timing config:load:builtin Completed in 0ms
7 timing config:load:cli Completed in 3ms
8 timing config:load:env Completed in 0ms
9 timing config:load:project Completed in 2ms
10 timing config:load:file:/home/ubuntu/.npmrc Completed in 1ms
11 timing config:load:user Completed in 1ms
12 timing config:load:file:/home/ubuntu/.c9/node/etc/npmrc Completed in 1ms
13 timing config:load:global Completed in 1ms
14 timing config:load:setEnvs Completed in 1ms
15 timing config:load Completed in 10ms
16 timing npm:load:configload Completed in 10ms
17 timing npm:load:mkdirpcache Completed in 0ms
18 timing npm:load:mkdirplogs Completed in 0ms
19 verbose title npm config set python python2.7
20 verbose argv "config" "--global" "set" "python" "python2.7"
21 timing npm:load:setTitle Completed in 1ms
22 timing config:load:flatten Completed in 6ms
23 timing npm:load:display Completed in 7ms
24 verbose logfile logs-max:10 dir:/home/ubuntu/.c9/tmp/.npm/_logs/2023-09-26T16_56_42_631Z-
25 verbose logfile /home/ubuntu/.c9/tmp/.npm/_logs/2023-09-26T16_56_42_631Z-debug-0.log
26 timing npm:load:logFile Completed in 5ms
27 timing npm:load:timers Completed in 0ms
28 timing npm:load:configScope Completed in 0ms
29 timing npm:load Completed in 30ms
30 info config set "python" "python2.7"
31 timing command:config Completed in 2ms
32 verbose stack Error: `python` is not a valid npm option
32 verbose stack     at Config.set (/home/ubuntu/.c9/node/lib/node_modules/npm/lib/commands/config.js:158:15)
32 verbose stack     at Config.exec (/home/ubuntu/.c9/node/lib/node_modules/npm/lib/commands/config.js:120:22)
32 verbose stack     at Config.cmdExec (/home/ubuntu/.c9/node/lib/node_modules/npm/lib/base-command.js:130:17)
32 verbose stack     at Npm.exec (/home/ubuntu/.c9/node/lib/node_modules/npm/lib/npm.js:154:20)
32 verbose stack     at async module.exports (/home/ubuntu/.c9/node/lib/node_modules/npm/lib/cli.js:134:5)
33 verbose cwd /home/ubuntu/.c9
34 verbose Linux 6.2.0-1012-aws
35 verbose node v18.16.1
36 verbose npm  v9.5.1
37 error `python` is not a valid npm option
38 verbose exit 1
39 timing npm Completed in 43ms
40 verbose code 1
41 error A complete log of this run can be found in:
41 error     /home/ubuntu/.c9/tmp/.npm/_logs/2023-09-26T16_56_42_631Z-debug-0.log
