0 verbose cli /home/ubuntu/.c9/node/bin/node /home/ubuntu/.c9/node/bin/npm
1 info using npm@9.5.1
2 info using node@v18.16.1
3 timing npm:load:whichnode Completed in 9ms
4 timing config:load:defaults Completed in 3ms
5 timing config:load:file:/home/ubuntu/.c9/node/lib/node_modules/npm/npmrc Completed in 1ms
6 timing config:load:builtin Completed in 1ms
7 warn config production Use `--omit=dev` instead.
8 timing config:load:cli Completed in 4ms
9 timing config:load:env Completed in 1ms
10 timing config:load:file:/home/ubuntu/.c9/.npmrc Completed in 0ms
11 timing config:load:project Completed in 10ms
12 timing config:load:file:/home/ubuntu/.npmrc Completed in 0ms
13 timing config:load:user Completed in 1ms
14 timing config:load:file:/home/ubuntu/.c9/node/etc/npmrc Completed in 3ms
15 timing config:load:global Completed in 3ms
16 timing config:load:setEnvs Completed in 1ms
17 timing config:load Completed in 25ms
18 timing npm:load:configload Completed in 25ms
19 timing npm:load:mkdirpcache Completed in 6ms
20 timing npm:load:mkdirplogs Completed in 1ms
21 verbose title npm install https://d3kgj69l4ph6w4.cloudfront.net/static/cloud9ide-nak-3cb2f94.tar.gz
22 verbose argv "install" "--production" "https://d3kgj69l4ph6w4.cloudfront.net/static/cloud9ide-nak-3cb2f94.tar.gz"
23 timing npm:load:setTitle Completed in 4ms
24 timing config:load:flatten Completed in 11ms
25 timing npm:load:display Completed in 20ms
26 verbose logfile logs-max:10 dir:/home/ubuntu/.c9/tmp/.npm/_logs/2023-09-26T17_00_59_501Z-
27 verbose logfile /home/ubuntu/.c9/tmp/.npm/_logs/2023-09-26T17_00_59_501Z-debug-0.log
28 timing npm:load:logFile Completed in 18ms
29 timing npm:load:timers Completed in 0ms
30 timing npm:load:configScope Completed in 0ms
31 timing npm:load Completed in 84ms
32 timing arborist:ctor Completed in 1ms
33 silly logfile done cleaning log files
34 timing idealTree:init Completed in 216ms
35 timing arborist:ctor Completed in 0ms
36 http fetch GET 200 https://d3kgj69l4ph6w4.cloudfront.net/static/cloud9ide-nak-3cb2f94.tar.gz 789ms (cache miss)
37 timing idealTree:userRequests Completed in 873ms
38 silly idealTree buildDeps
39 silly fetch manifest nak@https://d3kgj69l4ph6w4.cloudfront.net/static/cloud9ide-nak-3cb2f94.tar.gz
40 http fetch GET 200 https://d3kgj69l4ph6w4.cloudfront.net/static/cloud9ide-nak-3cb2f94.tar.gz 50ms (cache hit)
41 silly placeDep ROOT nak@0.3.3 OK for:  want: https://d3kgj69l4ph6w4.cloudfront.net/static/cloud9ide-nak-3cb2f94.tar.gz
42 silly fetch manifest isbinaryfile@2.0.x
43 silly fetch manifest colors@0.6.x
44 http fetch GET 200 https://registry.npmjs.org/colors 99ms (cache miss)
45 http fetch GET 200 https://registry.npmjs.org/isbinaryfile 109ms (cache miss)
46 timing idealTree:#root Completed in 285ms
47 silly placeDep ROOT colors@0.6.2 OK for: nak@0.3.3 want: 0.6.x
48 silly placeDep ROOT isbinaryfile@2.0.4 OK for: nak@0.3.3 want: 2.0.x
49 timing idealTree:node_modules/nak Completed in 7ms
50 timing idealTree:node_modules/colors Completed in 0ms
51 timing idealTree:node_modules/isbinaryfile Completed in 0ms
52 timing idealTree:buildDeps Completed in 293ms
53 timing idealTree:fixDepFlags Completed in 2ms
54 timing idealTree Completed in 1388ms
55 timing reify:loadTrees Completed in 1390ms
56 timing reify:diffTrees Completed in 6ms
57 silly reify moves {}
58 timing reify:retireShallow Completed in 1ms
59 timing reify:createSparse Completed in 1ms
60 timing reify:trashOmits Completed in 0ms
61 timing reify:loadBundles Completed in 0ms
62 silly audit bulk request {
62 silly audit   '@ionic/node-pty-prebuilt': [ '0.9.1' ],
62 silly audit   'ansi-regex': [ '2.1.1' ],
62 silly audit   aproba: [ '1.2.0' ],
62 silly audit   'are-we-there-yet': [ '1.1.7' ],
62 silly audit   'base64-js': [ '1.5.1' ],
62 silly audit   bl: [ '4.1.0' ],
62 silly audit   'readable-stream': [ '3.6.2', '2.3.8' ],
62 silly audit   buffer: [ '5.7.1' ],
62 silly audit   chownr: [ '1.1.4' ],
62 silly audit   'code-point-at': [ '1.1.0' ],
62 silly audit   'console-control-strings': [ '1.1.0' ],
62 silly audit   'core-util-is': [ '1.0.3' ],
62 silly audit   'decompress-response': [ '4.2.1' ],
62 silly audit   'deep-extend': [ '0.6.0' ],
62 silly audit   delegates: [ '1.0.0' ],
62 silly audit   'detect-libc': [ '1.0.3' ],
62 silly audit   'end-of-stream': [ '1.4.4' ],
62 silly audit   'expand-template': [ '2.0.3' ],
62 silly audit   'fs-constants': [ '1.0.0' ],
62 silly audit   gauge: [ '2.7.4' ],
62 silly audit   'github-from-package': [ '0.0.0' ],
62 silly audit   'has-unicode': [ '2.0.1' ],
62 silly audit   ieee754: [ '1.2.1' ],
62 silly audit   inherits: [ '2.0.4' ],
62 silly audit   ini: [ '1.3.8' ],
62 silly audit   'is-fullwidth-code-point': [ '1.0.0' ],
62 silly audit   isarray: [ '1.0.0' ],
62 silly audit   'mimic-response': [ '2.1.0' ],
62 silly audit   minimist: [ '1.2.8' ],
62 silly audit   'mkdirp-classic': [ '0.5.3' ],
62 silly audit   nan: [ '2.18.0' ],
62 silly audit   'napi-build-utils': [ '1.0.2' ],
62 silly audit   'node-abi': [ '2.30.1' ],
62 silly audit   'noop-logger': [ '0.1.1' ],
62 silly audit   npmlog: [ '4.1.2' ],
62 silly audit   'number-is-nan': [ '1.0.1' ],
62 silly audit   'object-assign': [ '4.1.1' ],
62 silly audit   once: [ '1.4.0' ],
62 silly audit   'prebuild-install': [ '5.3.6' ],
62 silly audit   'process-nextick-args': [ '2.0.1' ],
62 silly audit   pump: [ '3.0.0' ],
62 silly audit   rc: [ '1.2.8' ],
62 silly audit   'safe-buffer': [ '5.1.2' ],
62 silly audit   semver: [ '5.7.2' ],
62 silly audit   'set-blocking': [ '2.0.0' ],
62 silly audit   'signal-exit': [ '3.0.7' ],
62 silly audit   'simple-concat': [ '1.0.1' ],
62 silly audit   'simple-get': [ '3.1.1' ],
62 silly audit   string_decoder: [ '1.1.1' ],
62 silly audit   'string-width': [ '1.0.2' ],
62 silly audit   'strip-ansi': [ '3.0.1' ],
62 silly audit   'strip-json-comments': [ '2.0.1' ],
62 silly audit   'tar-fs': [ '2.1.1' ],
62 silly audit   'tar-stream': [ '2.2.0' ],
62 silly audit   'tunnel-agent': [ '0.6.0' ],
62 silly audit   'util-deprecate': [ '1.0.2' ],
62 silly audit   'which-pm-runs': [ '1.1.0' ],
62 silly audit   'wide-align': [ '1.1.5' ],
62 silly audit   wrappy: [ '1.0.2' ],
62 silly audit   nak: [ '0.3.3' ],
62 silly audit   colors: [ '0.6.2' ],
62 silly audit   isbinaryfile: [ '2.0.4' ]
62 silly audit }
63 silly tarball no local data for isbinaryfile@https://registry.npmjs.org/isbinaryfile/-/isbinaryfile-2.0.4.tgz. Extracting by manifest.
64 silly tarball no local data for colors@https://registry.npmjs.org/colors/-/colors-0.6.2.tgz. Extracting by manifest.
65 http fetch POST 200 https://registry.npmjs.org/-/npm/v1/security/advisories/bulk 182ms
66 timing auditReport:getReport Completed in 189ms
67 silly audit report {}
68 timing auditReport:init Completed in 0ms
69 timing reify:audit Completed in 192ms
70 http fetch GET 200 https://registry.npmjs.org/isbinaryfile/-/isbinaryfile-2.0.4.tgz 189ms (cache miss)
71 timing reifyNode:node_modules/isbinaryfile Completed in 198ms
72 http fetch GET 200 https://registry.npmjs.org/colors/-/colors-0.6.2.tgz 213ms (cache miss)
73 timing reifyNode:node_modules/colors Completed in 230ms
74 timing reifyNode:node_modules/nak Completed in 273ms
75 timing reify:unpack Completed in 274ms
76 timing reify:unretire Completed in 0ms
77 timing build:queue Completed in 0ms
78 timing build:link:node_modules/nak Completed in 2ms
79 timing build:link Completed in 3ms
80 timing build:deps Completed in 5ms
81 timing build Completed in 5ms
82 timing reify:build Completed in 5ms
83 timing reify:trash Completed in 0ms
84 timing reify:save Completed in 54ms
85 timing reify Completed in 1791ms
86 silly ADD node_modules/isbinaryfile
87 silly ADD node_modules/colors
88 silly ADD node_modules/nak
89 timing command:install Completed in 1822ms
90 verbose exit 0
91 timing npm Completed in 1950ms
92 info ok
