0 verbose cli /home/ubuntu/.c9/node/bin/node /home/ubuntu/.c9/node/bin/npm
1 info using npm@9.5.1
2 info using node@v18.16.1
3 timing npm:load:whichnode Completed in 1ms
4 timing config:load:defaults Completed in 2ms
5 timing config:load:file:/home/ubuntu/.c9/node/lib/node_modules/npm/npmrc Completed in 1ms
6 timing config:load:builtin Completed in 1ms
7 warn config production Use `--omit=dev` instead.
8 timing config:load:cli Completed in 2ms
9 timing config:load:env Completed in 1ms
10 timing config:load:file:/home/ubuntu/.c9/.npmrc Completed in 0ms
11 timing config:load:project Completed in 1ms
12 timing config:load:file:/home/ubuntu/.npmrc Completed in 0ms
13 timing config:load:user Completed in 0ms
14 timing config:load:file:/home/ubuntu/.c9/node/etc/npmrc Completed in 1ms
15 timing config:load:global Completed in 1ms
16 timing config:load:setEnvs Completed in 0ms
17 timing config:load Completed in 9ms
18 timing npm:load:configload Completed in 9ms
19 timing npm:load:mkdirpcache Completed in 1ms
20 timing npm:load:mkdirplogs Completed in 0ms
21 verbose title npm install sqlite3@4.2.0
22 verbose argv "install" "--production" "sqlite3@4.2.0"
23 timing npm:load:setTitle Completed in 1ms
24 timing config:load:flatten Completed in 3ms
25 timing npm:load:display Completed in 5ms
26 verbose logfile logs-max:10 dir:/home/ubuntu/.c9/tmp/.npm/_logs/2023-09-26T17_02_08_262Z-
27 verbose logfile /home/ubuntu/.c9/tmp/.npm/_logs/2023-09-26T17_02_08_262Z-debug-0.log
28 timing npm:load:logFile Completed in 5ms
29 timing npm:load:timers Completed in 0ms
30 timing npm:load:configScope Completed in 0ms
31 timing npm:load Completed in 22ms
32 timing arborist:ctor Completed in 1ms
33 silly logfile done cleaning log files
34 timing idealTree:init Completed in 79ms
35 timing idealTree:userRequests Completed in 2ms
36 silly idealTree buildDeps
37 silly fetch manifest sqlite3@4.2.0
38 timing arborist:ctor Completed in 1ms
39 http fetch GET 200 https://registry.npmjs.org/sqlite3 231ms (cache miss)
40 silly placeDep ROOT sqlite3@4.2.0 OK for:  want: 4.2.0
41 silly fetch manifest node-pre-gyp@^0.11.0
42 http fetch GET 200 https://registry.npmjs.org/node-pre-gyp 34ms (cache miss)
43 timing idealTree:#root Completed in 282ms
44 silly placeDep ROOT node-pre-gyp@0.11.0 OK for: sqlite3@4.2.0 want: ^0.11.0
45 silly fetch manifest mkdirp@^0.5.1
46 silly fetch manifest needle@^2.2.1
47 silly fetch manifest nopt@^4.0.1
48 silly fetch manifest npm-packlist@^1.1.6
49 silly fetch manifest rimraf@^2.6.1
50 silly fetch manifest tar@^4
51 http fetch GET 200 https://registry.npmjs.org/mkdirp 47ms (cache miss)
52 http fetch GET 200 https://registry.npmjs.org/nopt 98ms (cache miss)
53 http fetch GET 200 https://registry.npmjs.org/rimraf 115ms (cache miss)
54 http fetch GET 200 https://registry.npmjs.org/npm-packlist 119ms (cache miss)
55 http fetch GET 200 https://registry.npmjs.org/needle 124ms (cache miss)
56 http fetch GET 200 https://registry.npmjs.org/tar 156ms (cache miss)
57 timing idealTree:node_modules/sqlite3 Completed in 175ms
58 silly placeDep ROOT mkdirp@0.5.6 OK for: node-pre-gyp@0.11.0 want: ^0.5.1
59 silly placeDep ROOT needle@2.9.1 OK for: node-pre-gyp@0.11.0 want: ^2.2.1
60 silly placeDep ROOT nopt@4.0.3 OK for: node-pre-gyp@0.11.0 want: ^4.0.1
61 silly placeDep ROOT npm-packlist@1.4.8 OK for: node-pre-gyp@0.11.0 want: ^1.1.6
62 silly placeDep ROOT rimraf@2.7.1 OK for: node-pre-gyp@0.11.0 want: ^2.6.1
63 silly placeDep ROOT tar@4.4.19 OK for: node-pre-gyp@0.11.0 want: ^4
64 silly fetch manifest debug@^3.2.6
65 silly fetch manifest iconv-lite@^0.4.4
66 silly fetch manifest sax@^1.2.4
67 silly fetch manifest abbrev@1
68 silly fetch manifest osenv@^0.1.4
69 silly fetch manifest ignore-walk@^3.0.1
70 silly fetch manifest npm-bundled@^1.0.1
71 silly fetch manifest npm-normalize-package-bin@^1.0.1
72 silly fetch manifest glob@^7.1.3
73 silly fetch manifest fs-minipass@^1.2.7
74 silly fetch manifest minipass@^2.9.0
75 silly fetch manifest minizlib@^1.3.3
76 silly fetch manifest safe-buffer@^5.2.1
77 silly fetch manifest yallist@^3.1.1
78 http fetch GET 200 https://registry.npmjs.org/ignore-walk 86ms (cache miss)
79 http fetch GET 200 https://registry.npmjs.org/abbrev 105ms (cache miss)
80 http fetch GET 200 https://registry.npmjs.org/osenv 128ms (cache miss)
81 http fetch GET 200 https://registry.npmjs.org/sax 134ms (cache miss)
82 http fetch GET 200 https://registry.npmjs.org/iconv-lite 136ms (cache miss)
83 http fetch GET 200 https://registry.npmjs.org/debug 147ms (cache miss)
84 http fetch GET 200 https://registry.npmjs.org/npm-normalize-package-bin 155ms (cache miss)
85 http fetch GET 200 https://registry.npmjs.org/safe-buffer 156ms (cache revalidated)
86 http fetch GET 200 https://registry.npmjs.org/fs-minipass 159ms (cache miss)
87 http fetch GET 200 https://registry.npmjs.org/yallist 157ms (cache miss)
88 http fetch GET 200 https://registry.npmjs.org/npm-bundled 163ms (cache miss)
89 http fetch GET 200 https://registry.npmjs.org/minizlib 160ms (cache miss)
90 http fetch GET 200 https://registry.npmjs.org/minipass 167ms (cache miss)
91 http fetch GET 200 https://registry.npmjs.org/glob 171ms (cache miss)
92 timing idealTree:node_modules/node-pre-gyp Completed in 194ms
93 timing idealTree:node_modules/mkdirp Completed in 1ms
94 silly placeDep ROOT debug@3.2.7 OK for: needle@2.9.1 want: ^3.2.6
95 silly placeDep ROOT iconv-lite@0.4.24 OK for: needle@2.9.1 want: ^0.4.4
96 silly placeDep ROOT sax@1.2.4 OK for: needle@2.9.1 want: ^1.2.4
97 silly fetch manifest ms@^2.1.1
98 silly fetch manifest safer-buffer@>= 2.1.2 < 3
99 http fetch GET 200 https://registry.npmjs.org/safer-buffer 55ms (cache miss)
100 http fetch GET 200 https://registry.npmjs.org/ms 74ms (cache miss)
101 timing idealTree:node_modules/needle Completed in 79ms
102 silly placeDep ROOT ms@2.1.3 OK for: debug@3.2.7 want: ^2.1.1
103 timing idealTree:node_modules/debug Completed in 5ms
104 silly placeDep ROOT safer-buffer@2.1.2 OK for: iconv-lite@0.4.24 want: >= 2.1.2 < 3
105 timing idealTree:node_modules/iconv-lite Completed in 2ms
106 timing idealTree:node_modules/ms Completed in 0ms
107 silly placeDep ROOT abbrev@1.1.1 OK for: nopt@4.0.3 want: 1
108 silly placeDep ROOT osenv@0.1.5 OK for: nopt@4.0.3 want: ^0.1.4
109 silly fetch manifest os-homedir@^1.0.0
110 silly fetch manifest os-tmpdir@^1.0.0
111 http fetch GET 200 https://registry.npmjs.org/os-tmpdir 35ms (cache miss)
112 http fetch GET 200 https://registry.npmjs.org/os-homedir 38ms (cache miss)
113 timing idealTree:node_modules/nopt Completed in 44ms
114 timing idealTree:node_modules/abbrev Completed in 0ms
115 silly placeDep ROOT ignore-walk@3.0.4 OK for: npm-packlist@1.4.8 want: ^3.0.1
116 silly placeDep ROOT npm-bundled@1.1.2 OK for: npm-packlist@1.4.8 want: ^1.0.1
117 silly placeDep ROOT npm-normalize-package-bin@1.0.1 OK for: npm-packlist@1.4.8 want: ^1.0.1
118 silly fetch manifest minimatch@^3.0.4
119 http fetch GET 200 https://registry.npmjs.org/minimatch 38ms (cache miss)
120 timing idealTree:node_modules/npm-packlist Completed in 57ms
121 silly placeDep ROOT minimatch@3.1.2 OK for: ignore-walk@3.0.4 want: ^3.0.4
122 silly fetch manifest brace-expansion@^1.1.7
123 http fetch GET 200 https://registry.npmjs.org/brace-expansion 34ms (cache miss)
124 timing idealTree:node_modules/ignore-walk Completed in 39ms
125 silly placeDep ROOT brace-expansion@1.1.11 OK for: minimatch@3.1.2 want: ^1.1.7
126 silly fetch manifest balanced-match@^1.0.0
127 silly fetch manifest concat-map@0.0.1
128 http fetch GET 200 https://registry.npmjs.org/concat-map 43ms (cache miss)
129 http fetch GET 200 https://registry.npmjs.org/balanced-match 48ms (cache miss)
130 timing idealTree:node_modules/minimatch Completed in 52ms
131 silly placeDep ROOT balanced-match@1.0.2 OK for: brace-expansion@1.1.11 want: ^1.0.0
132 silly placeDep ROOT concat-map@0.0.1 OK for: brace-expansion@1.1.11 want: 0.0.1
133 timing idealTree:node_modules/brace-expansion Completed in 3ms
134 timing idealTree:node_modules/balanced-match Completed in 0ms
135 timing idealTree:node_modules/concat-map Completed in 0ms
136 timing idealTree:node_modules/npm-bundled Completed in 0ms
137 timing idealTree:node_modules/npm-normalize-package-bin Completed in 0ms
138 silly placeDep ROOT os-homedir@1.0.2 OK for: osenv@0.1.5 want: ^1.0.0
139 silly placeDep ROOT os-tmpdir@1.0.2 OK for: osenv@0.1.5 want: ^1.0.0
140 timing idealTree:node_modules/osenv Completed in 4ms
141 timing idealTree:node_modules/os-homedir Completed in 0ms
142 timing idealTree:node_modules/os-tmpdir Completed in 0ms
143 silly placeDep ROOT glob@7.2.3 OK for: rimraf@2.7.1 want: ^7.1.3
144 silly fetch manifest fs.realpath@^1.0.0
145 silly fetch manifest inflight@^1.0.4
146 silly fetch manifest path-is-absolute@^1.0.0
147 http fetch GET 200 https://registry.npmjs.org/inflight 37ms (cache miss)
148 http fetch GET 200 https://registry.npmjs.org/fs.realpath 46ms (cache miss)
149 http fetch GET 200 https://registry.npmjs.org/path-is-absolute 57ms (cache miss)
150 timing idealTree:node_modules/rimraf Completed in 81ms
151 silly placeDep ROOT fs.realpath@1.0.0 OK for: glob@7.2.3 want: ^1.0.0
152 silly placeDep ROOT inflight@1.0.6 OK for: glob@7.2.3 want: ^1.0.4
153 silly placeDep ROOT path-is-absolute@1.0.1 OK for: glob@7.2.3 want: ^1.0.0
154 timing idealTree:node_modules/glob Completed in 5ms
155 timing idealTree:node_modules/fs.realpath Completed in 0ms
156 timing idealTree:node_modules/inflight Completed in 0ms
157 timing idealTree:node_modules/path-is-absolute Completed in 0ms
158 timing idealTree:node_modules/safer-buffer Completed in 0ms
159 timing idealTree:node_modules/sax Completed in 0ms
160 silly placeDep ROOT fs-minipass@1.2.7 OK for: tar@4.4.19 want: ^1.2.7
161 silly placeDep ROOT minipass@2.9.0 OK for: tar@4.4.19 want: ^2.9.0
162 silly placeDep ROOT minizlib@1.3.3 OK for: tar@4.4.19 want: ^1.3.3
163 silly placeDep node_modules/tar safe-buffer@5.2.1 OK for: tar@4.4.19 want: ^5.2.1
164 silly placeDep ROOT yallist@3.1.1 OK for: tar@4.4.19 want: ^3.1.1
165 timing idealTree:node_modules/tar Completed in 7ms
166 timing idealTree:node_modules/fs-minipass Completed in 0ms
167 timing idealTree:node_modules/minipass Completed in 0ms
168 timing idealTree:node_modules/minizlib Completed in 0ms
169 timing idealTree:node_modules/yallist Completed in 0ms
170 timing idealTree:node_modules/tar/node_modules/safe-buffer Completed in 0ms
171 timing idealTree:buildDeps Completed in 1032ms
172 timing idealTree:fixDepFlags Completed in 2ms
173 timing idealTree Completed in 1117ms
174 timing reify:loadTrees Completed in 1118ms
175 timing reify:diffTrees Completed in 4ms
176 silly reify moves {}
177 timing reify:retireShallow Completed in 1ms
178 timing reify:createSparse Completed in 11ms
179 timing reify:trashOmits Completed in 0ms
180 timing reify:loadBundles Completed in 0ms
181 silly audit bulk request {
181 silly audit   '@ionic/node-pty-prebuilt': [ '0.9.1' ],
181 silly audit   'ansi-regex': [ '2.1.1' ],
181 silly audit   aproba: [ '1.2.0' ],
181 silly audit   'are-we-there-yet': [ '1.1.7' ],
181 silly audit   'base64-js': [ '1.5.1' ],
181 silly audit   bl: [ '4.1.0' ],
181 silly audit   'readable-stream': [ '3.6.2', '2.3.8' ],
181 silly audit   buffer: [ '5.7.1' ],
181 silly audit   chownr: [ '1.1.4' ],
181 silly audit   'code-point-at': [ '1.1.0' ],
181 silly audit   colors: [ '0.6.2' ],
181 silly audit   'console-control-strings': [ '1.1.0' ],
181 silly audit   'core-util-is': [ '1.0.3' ],
181 silly audit   'decompress-response': [ '4.2.1' ],
181 silly audit   'deep-extend': [ '0.6.0' ],
181 silly audit   delegates: [ '1.0.0' ],
181 silly audit   'detect-libc': [ '1.0.3' ],
181 silly audit   'end-of-stream': [ '1.4.4' ],
181 silly audit   'expand-template': [ '2.0.3' ],
181 silly audit   'fs-constants': [ '1.0.0' ],
181 silly audit   gauge: [ '2.7.4' ],
181 silly audit   'github-from-package': [ '0.0.0' ],
181 silly audit   'has-unicode': [ '2.0.1' ],
181 silly audit   ieee754: [ '1.2.1' ],
181 silly audit   inherits: [ '2.0.4' ],
181 silly audit   ini: [ '1.3.8' ],
181 silly audit   'is-fullwidth-code-point': [ '1.0.0' ],
181 silly audit   isarray: [ '1.0.0' ],
181 silly audit   isbinaryfile: [ '2.0.4' ],
181 silly audit   'mimic-response': [ '2.1.0' ],
181 silly audit   minimist: [ '1.2.8' ],
181 silly audit   'mkdirp-classic': [ '0.5.3' ],
181 silly audit   nak: [ '0.3.3' ],
181 silly audit   nan: [ '2.18.0' ],
181 silly audit   'napi-build-utils': [ '1.0.2' ],
181 silly audit   'node-abi': [ '2.30.1' ],
181 silly audit   'noop-logger': [ '0.1.1' ],
181 silly audit   npmlog: [ '4.1.2' ],
181 silly audit   'number-is-nan': [ '1.0.1' ],
181 silly audit   'object-assign': [ '4.1.1' ],
181 silly audit   once: [ '1.4.0' ],
181 silly audit   'prebuild-install': [ '5.3.6' ],
181 silly audit   'process-nextick-args': [ '2.0.1' ],
181 silly audit   pump: [ '3.0.0' ],
181 silly audit   rc: [ '1.2.8' ],
181 silly audit   'safe-buffer': [ '5.1.2', '5.2.1' ],
181 silly audit   semver: [ '5.7.2' ],
181 silly audit   'set-blocking': [ '2.0.0' ],
181 silly audit   'signal-exit': [ '3.0.7' ],
181 silly audit   'simple-concat': [ '1.0.1' ],
181 silly audit   'simple-get': [ '3.1.1' ],
181 silly audit   string_decoder: [ '1.1.1' ],
181 silly audit   'string-width': [ '1.0.2' ],
181 silly audit   'strip-ansi': [ '3.0.1' ],
181 silly audit   'strip-json-comments': [ '2.0.1' ],
181 silly audit   'tar-fs': [ '2.1.1' ],
181 silly audit   'tar-stream': [ '2.2.0' ],
181 silly audit   'tunnel-agent': [ '0.6.0' ],
181 silly audit   'util-deprecate': [ '1.0.2' ],
181 silly audit   'which-pm-runs': [ '1.1.0' ],
181 silly audit   'wide-align': [ '1.1.5' ],
181 silly audit   wrappy: [ '1.0.2' ],
181 silly audit   sqlite3: [ '4.2.0' ],
181 silly audit   'node-pre-gyp': [ '0.11.0' ],
181 silly audit   mkdirp: [ '0.5.6' ],
181 silly audit   needle: [ '2.9.1' ],
181 silly audit   nopt: [ '4.0.3' ],
181 silly audit   'npm-packlist': [ '1.4.8' ],
181 silly audit   rimraf: [ '2.7.1' ],
181 silly audit   tar: [ '4.4.19' ],
181 silly audit   debug: [ '3.2.7' ],
181 silly audit   'iconv-lite': [ '0.4.24' ],
181 silly audit   sax: [ '1.2.4' ],
181 silly audit   ms: [ '2.1.3' ],
181 silly audit   'safer-buffer': [ '2.1.2' ],
181 silly audit   abbrev: [ '1.1.1' ],
181 silly audit   osenv: [ '0.1.5' ],
181 silly audit   'ignore-walk': [ '3.0.4' ],
181 silly audit   'npm-bundled': [ '1.1.2' ],
181 silly audit   'npm-normalize-package-bin': [ '1.0.1' ],
181 silly audit   minimatch: [ '3.1.2' ],
181 silly audit   'brace-expansion': [ '1.1.11' ],
181 silly audit   'balanced-match': [ '1.0.2' ],
181 silly audit   'concat-map': [ '0.0.1' ],
181 silly audit   'os-homedir': [ '1.0.2' ],
181 silly audit   'os-tmpdir': [ '1.0.2' ],
181 silly audit   glob: [ '7.2.3' ],
181 silly audit   'fs.realpath': [ '1.0.0' ],
181 silly audit   inflight: [ '1.0.6' ],
181 silly audit   'path-is-absolute': [ '1.0.1' ],
181 silly audit   'fs-minipass': [ '1.2.7' ],
181 silly audit   minipass: [ '2.9.0' ],
181 silly audit   minizlib: [ '1.3.3' ],
181 silly audit   yallist: [ '3.1.1' ]
181 silly audit }
182 silly tarball no local data for yallist@https://registry.npmjs.org/yallist/-/yallist-3.1.1.tgz. Extracting by manifest.
183 silly tarball no local data for minizlib@https://registry.npmjs.org/minizlib/-/minizlib-1.3.3.tgz. Extracting by manifest.
184 silly tarball no local data for minipass@https://registry.npmjs.org/minipass/-/minipass-2.9.0.tgz. Extracting by manifest.
185 silly tarball no local data for fs-minipass@https://registry.npmjs.org/fs-minipass/-/fs-minipass-1.2.7.tgz. Extracting by manifest.
186 silly tarball no local data for path-is-absolute@https://registry.npmjs.org/path-is-absolute/-/path-is-absolute-1.0.1.tgz. Extracting by manifest.
187 silly tarball no local data for inflight@https://registry.npmjs.org/inflight/-/inflight-1.0.6.tgz. Extracting by manifest.
188 silly tarball no local data for fs.realpath@https://registry.npmjs.org/fs.realpath/-/fs.realpath-1.0.0.tgz. Extracting by manifest.
189 silly tarball no local data for glob@https://registry.npmjs.org/glob/-/glob-7.2.3.tgz. Extracting by manifest.
190 silly tarball no local data for os-tmpdir@https://registry.npmjs.org/os-tmpdir/-/os-tmpdir-1.0.2.tgz. Extracting by manifest.
191 silly tarball no local data for os-homedir@https://registry.npmjs.org/os-homedir/-/os-homedir-1.0.2.tgz. Extracting by manifest.
192 silly tarball no local data for concat-map@https://registry.npmjs.org/concat-map/-/concat-map-0.0.1.tgz. Extracting by manifest.
193 silly tarball no local data for balanced-match@https://registry.npmjs.org/balanced-match/-/balanced-match-1.0.2.tgz. Extracting by manifest.
194 silly tarball no local data for brace-expansion@https://registry.npmjs.org/brace-expansion/-/brace-expansion-1.1.11.tgz. Extracting by manifest.
195 silly tarball no local data for minimatch@https://registry.npmjs.org/minimatch/-/minimatch-3.1.2.tgz. Extracting by manifest.
196 silly tarball no local data for npm-normalize-package-bin@https://registry.npmjs.org/npm-normalize-package-bin/-/npm-normalize-package-bin-1.0.1.tgz. Extracting by manifest.
197 silly tarball no local data for npm-bundled@https://registry.npmjs.org/npm-bundled/-/npm-bundled-1.1.2.tgz. Extracting by manifest.
198 silly tarball no local data for ignore-walk@https://registry.npmjs.org/ignore-walk/-/ignore-walk-3.0.4.tgz. Extracting by manifest.
199 silly tarball no local data for osenv@https://registry.npmjs.org/osenv/-/osenv-0.1.5.tgz. Extracting by manifest.
200 silly tarball no local data for abbrev@https://registry.npmjs.org/abbrev/-/abbrev-1.1.1.tgz. Extracting by manifest.
201 silly tarball no local data for safer-buffer@https://registry.npmjs.org/safer-buffer/-/safer-buffer-2.1.2.tgz. Extracting by manifest.
202 silly tarball no local data for ms@https://registry.npmjs.org/ms/-/ms-2.1.3.tgz. Extracting by manifest.
203 silly tarball no local data for sax@https://registry.npmjs.org/sax/-/sax-1.2.4.tgz. Extracting by manifest.
204 silly tarball no local data for iconv-lite@https://registry.npmjs.org/iconv-lite/-/iconv-lite-0.4.24.tgz. Extracting by manifest.
205 silly tarball no local data for debug@https://registry.npmjs.org/debug/-/debug-3.2.7.tgz. Extracting by manifest.
206 silly tarball no local data for tar@https://registry.npmjs.org/tar/-/tar-4.4.19.tgz. Extracting by manifest.
207 silly tarball no local data for rimraf@https://registry.npmjs.org/rimraf/-/rimraf-2.7.1.tgz. Extracting by manifest.
208 silly tarball no local data for npm-packlist@https://registry.npmjs.org/npm-packlist/-/npm-packlist-1.4.8.tgz. Extracting by manifest.
209 silly tarball no local data for nopt@https://registry.npmjs.org/nopt/-/nopt-4.0.3.tgz. Extracting by manifest.
210 silly tarball no local data for needle@https://registry.npmjs.org/needle/-/needle-2.9.1.tgz. Extracting by manifest.
211 silly tarball no local data for mkdirp@https://registry.npmjs.org/mkdirp/-/mkdirp-0.5.6.tgz. Extracting by manifest.
212 silly tarball no local data for node-pre-gyp@https://registry.npmjs.org/node-pre-gyp/-/node-pre-gyp-0.11.0.tgz. Extracting by manifest.
213 silly tarball no local data for sqlite3@https://registry.npmjs.org/sqlite3/-/sqlite3-4.2.0.tgz. Extracting by manifest.
214 silly tarball no local data for safe-buffer@https://registry.npmjs.org/safe-buffer/-/safe-buffer-5.2.1.tgz. Extracting by manifest.
215 http fetch POST 200 https://registry.npmjs.org/-/npm/v1/security/advisories/bulk 242ms
216 timing auditReport:getReport Completed in 247ms
217 silly audit report {}
218 timing auditReport:init Completed in 0ms
219 timing reify:audit Completed in 248ms
220 http fetch GET 200 https://registry.npmjs.org/balanced-match/-/balanced-match-1.0.2.tgz 399ms (cache miss)
221 timing reifyNode:node_modules/balanced-match Completed in 441ms
222 http fetch GET 200 https://registry.npmjs.org/inflight/-/inflight-1.0.6.tgz 418ms (cache miss)
223 timing reifyNode:node_modules/inflight Completed in 447ms
224 http fetch GET 200 https://registry.npmjs.org/fs.realpath/-/fs.realpath-1.0.0.tgz 413ms (cache miss)
225 timing reifyNode:node_modules/fs.realpath Completed in 448ms
226 http fetch GET 200 https://registry.npmjs.org/concat-map/-/concat-map-0.0.1.tgz 416ms (cache miss)
227 timing reifyNode:node_modules/concat-map Completed in 457ms
228 http fetch GET 200 https://registry.npmjs.org/minizlib/-/minizlib-1.3.3.tgz 440ms (cache miss)
229 timing reifyNode:node_modules/minizlib Completed in 465ms
230 http fetch GET 200 https://registry.npmjs.org/fs-minipass/-/fs-minipass-1.2.7.tgz 439ms (cache miss)
231 timing reifyNode:node_modules/fs-minipass Completed in 465ms
232 http fetch GET 200 https://registry.npmjs.org/yallist/-/yallist-3.1.1.tgz 443ms (cache miss)
233 timing reifyNode:node_modules/yallist Completed in 466ms
234 http fetch GET 200 https://registry.npmjs.org/os-tmpdir/-/os-tmpdir-1.0.2.tgz 428ms (cache miss)
235 timing reifyNode:node_modules/os-tmpdir Completed in 466ms
236 http fetch GET 200 https://registry.npmjs.org/npm-bundled/-/npm-bundled-1.1.2.tgz 413ms (cache miss)
237 timing reifyNode:node_modules/npm-bundled Completed in 465ms
238 http fetch GET 200 https://registry.npmjs.org/abbrev/-/abbrev-1.1.1.tgz 410ms (cache miss)
239 timing reifyNode:node_modules/abbrev Completed in 466ms
240 http fetch GET 200 https://registry.npmjs.org/glob/-/glob-7.2.3.tgz 440ms (cache miss)
241 timing reifyNode:node_modules/glob Completed in 477ms
242 http fetch GET 200 https://registry.npmjs.org/os-homedir/-/os-homedir-1.0.2.tgz 438ms (cache miss)
243 timing reifyNode:node_modules/os-homedir Completed in 478ms
244 http fetch GET 200 https://registry.npmjs.org/ms/-/ms-2.1.3.tgz 421ms (cache miss)
245 timing reifyNode:node_modules/ms Completed in 479ms
246 http fetch GET 200 https://registry.npmjs.org/path-is-absolute/-/path-is-absolute-1.0.1.tgz 453ms (cache miss)
247 timing reifyNode:node_modules/path-is-absolute Completed in 481ms
248 http fetch GET 200 https://registry.npmjs.org/debug/-/debug-3.2.7.tgz 415ms (cache miss)
249 http fetch GET 200 https://registry.npmjs.org/ignore-walk/-/ignore-walk-3.0.4.tgz 431ms (cache miss)
250 timing reifyNode:node_modules/ignore-walk Completed in 484ms
251 http fetch GET 200 https://registry.npmjs.org/safer-buffer/-/safer-buffer-2.1.2.tgz 427ms (cache miss)
252 http fetch GET 200 https://registry.npmjs.org/nopt/-/nopt-4.0.3.tgz 414ms (cache miss)
253 timing reifyNode:node_modules/nopt Completed in 486ms
254 http fetch GET 200 https://registry.npmjs.org/osenv/-/osenv-0.1.5.tgz 433ms (cache miss)
255 timing reifyNode:node_modules/osenv Completed in 488ms
256 http fetch GET 200 https://registry.npmjs.org/rimraf/-/rimraf-2.7.1.tgz 420ms (cache miss)
257 timing reifyNode:node_modules/rimraf Completed in 490ms
258 http fetch GET 200 https://registry.npmjs.org/safe-buffer/-/safe-buffer-5.2.1.tgz 409ms (cache miss)
259 timing reifyNode:node_modules/tar/node_modules/safe-buffer Completed in 491ms
260 timing reifyNode:node_modules/safer-buffer Completed in 493ms
261 http fetch GET 200 https://registry.npmjs.org/sax/-/sax-1.2.4.tgz 434ms (cache miss)
262 timing reifyNode:node_modules/sax Completed in 494ms
263 timing reifyNode:node_modules/debug Completed in 495ms
264 http fetch GET 200 https://registry.npmjs.org/mkdirp/-/mkdirp-0.5.6.tgz 423ms (cache miss)
265 timing reifyNode:node_modules/mkdirp Completed in 497ms
266 http fetch GET 200 https://registry.npmjs.org/brace-expansion/-/brace-expansion-1.1.11.tgz 456ms (cache miss)
267 timing reifyNode:node_modules/brace-expansion Completed in 498ms
268 http fetch GET 200 https://registry.npmjs.org/npm-packlist/-/npm-packlist-1.4.8.tgz 428ms (cache miss)
269 timing reifyNode:node_modules/npm-packlist Completed in 498ms
270 http fetch GET 200 https://registry.npmjs.org/minipass/-/minipass-2.9.0.tgz 488ms (cache miss)
271 timing reifyNode:node_modules/minipass Completed in 515ms
272 http fetch GET 200 https://registry.npmjs.org/minimatch/-/minimatch-3.1.2.tgz 475ms (cache miss)
273 timing reifyNode:node_modules/minimatch Completed in 518ms
274 http fetch GET 200 https://registry.npmjs.org/npm-normalize-package-bin/-/npm-normalize-package-bin-1.0.1.tgz 478ms (cache miss)
275 timing reifyNode:node_modules/npm-normalize-package-bin Completed in 522ms
276 http fetch GET 200 https://registry.npmjs.org/iconv-lite/-/iconv-lite-0.4.24.tgz 510ms (cache miss)
277 http fetch GET 200 https://registry.npmjs.org/tar/-/tar-4.4.19.tgz 506ms (cache miss)
278 timing reifyNode:node_modules/tar Completed in 575ms
279 timing reifyNode:node_modules/iconv-lite Completed in 577ms
280 http fetch GET 200 https://registry.npmjs.org/node-pre-gyp/-/node-pre-gyp-0.11.0.tgz 508ms (cache miss)
281 warn deprecated node-pre-gyp@0.11.0: Please upgrade to @mapbox/node-pre-gyp: the non-scoped node-pre-gyp package is deprecated and only the @mapbox scoped package will recieve updates in the future
282 timing reifyNode:node_modules/node-pre-gyp Completed in 584ms
283 http fetch GET 200 https://registry.npmjs.org/needle/-/needle-2.9.1.tgz 514ms (cache miss)
284 timing reifyNode:node_modules/needle Completed in 587ms
285 http fetch GET 200 https://registry.npmjs.org/sqlite3/-/sqlite3-4.2.0.tgz 654ms (cache miss)
286 timing reifyNode:node_modules/sqlite3 Completed in 731ms
287 timing reify:unpack Completed in 733ms
288 timing reify:unretire Completed in 0ms
289 timing build:queue Completed in 3ms
290 timing build:link:node_modules/mkdirp Completed in 4ms
291 timing build:link:node_modules/needle Completed in 3ms
292 timing build:link:node_modules/node-pre-gyp Completed in 3ms
293 timing build:link:node_modules/nopt Completed in 3ms
294 timing build:link:node_modules/rimraf Completed in 3ms
295 timing build:link Completed in 4ms
296 info run sqlite3@4.2.0 install node_modules/sqlite3 node-pre-gyp install --fallback-to-build
297 info run sqlite3@4.2.0 install { code: 1, signal: null }
298 timing reify:rollback:createSparse Completed in 27ms
299 timing reify:rollback:retireShallow Completed in 0ms
300 timing command:install Completed in 3703ms
301 verbose stack Error: command failed
301 verbose stack     at ChildProcess.<anonymous> (/home/ubuntu/.c9/node/lib/node_modules/npm/node_modules/@npmcli/promise-spawn/lib/index.js:53:27)
301 verbose stack     at ChildProcess.emit (node:events:513:28)
301 verbose stack     at maybeClose (node:internal/child_process:1091:16)
301 verbose stack     at ChildProcess._handle.onexit (node:internal/child_process:302:5)
302 verbose pkgid sqlite3@4.2.0
303 verbose cwd /home/ubuntu/.c9
304 verbose Linux 6.2.0-1012-aws
305 verbose node v18.16.1
306 verbose npm  v9.5.1
307 error code 1
308 error path /home/ubuntu/.c9/node_modules/sqlite3
309 error command failed
310 error command sh -c node-pre-gyp install --fallback-to-build
311 error make: Entering directory '/home/ubuntu/.c9/node_modules/sqlite3/build'
311 error   ACTION deps_sqlite3_gyp_action_before_build_target_unpack_sqlite_dep Release/obj/gen/sqlite-autoconf-3310100/sqlite3.c
311 error make: Leaving directory '/home/ubuntu/.c9/node_modules/sqlite3/build'
311 error Failed to execute '/home/ubuntu/.c9/node/bin/node /home/ubuntu/.c9/node/lib/node_modules/npm/node_modules/node-gyp/bin/node-gyp.js build --fallback-to-build --module=/home/ubuntu/.c9/node_modules/sqlite3/lib/binding/node-v108-linux-x64/node_sqlite3.node --module_name=node_sqlite3 --module_path=/home/ubuntu/.c9/node_modules/sqlite3/lib/binding/node-v108-linux-x64 --napi_version=8 --node_abi_napi=napi --napi_build_version=0 --node_napi_label=node-v108' (1)
312 error node-pre-gyp info it worked if it ends with ok
312 error node-pre-gyp info using node-pre-gyp@0.11.0
312 error node-pre-gyp info using node@18.16.1 | linux | x64
312 error node-pre-gyp WARN Using needle for node-pre-gyp https download 
312 error node-pre-gyp info check checked for "/home/ubuntu/.c9/node_modules/sqlite3/lib/binding/node-v108-linux-x64/node_sqlite3.node" (not found)
312 error node-pre-gyp http GET https://mapbox-node-binary.s3.amazonaws.com/sqlite3/v4.2.0/node-v108-linux-x64.tar.gz
312 error node-pre-gyp http 403 https://mapbox-node-binary.s3.amazonaws.com/sqlite3/v4.2.0/node-v108-linux-x64.tar.gz
312 error node-pre-gyp WARN Tried to download(403): https://mapbox-node-binary.s3.amazonaws.com/sqlite3/v4.2.0/node-v108-linux-x64.tar.gz 
312 error node-pre-gyp WARN Pre-built binaries not found for sqlite3@4.2.0 and node@18.16.1 (node-v108 ABI, glibc) (falling back to source compile with node-gyp) 
312 error node-pre-gyp http 403 status code downloading tarball https://mapbox-node-binary.s3.amazonaws.com/sqlite3/v4.2.0/node-v108-linux-x64.tar.gz 
312 error gyp info it worked if it ends with ok
312 error gyp info using node-gyp@9.3.1
312 error gyp info using node@18.16.1 | linux | x64
312 error gyp info ok 
312 error gyp info it worked if it ends with ok
312 error gyp info using node-gyp@9.3.1
312 error gyp info using node@18.16.1 | linux | x64
312 error gyp info find Python using Python version 3.10.12 found at "/usr/bin/python3"
312 error gyp info spawn /usr/bin/python3
312 error gyp info spawn args [
312 error gyp info spawn args   '/home/ubuntu/.c9/node/lib/node_modules/npm/node_modules/node-gyp/gyp/gyp_main.py',
312 error gyp info spawn args   'binding.gyp',
312 error gyp info spawn args   '-f',
312 error gyp info spawn args   'make',
312 error gyp info spawn args   '-I',
312 error gyp info spawn args   '/home/ubuntu/.c9/node_modules/sqlite3/build/config.gypi',
312 error gyp info spawn args   '-I',
312 error gyp info spawn args   '/home/ubuntu/.c9/node/lib/node_modules/npm/node_modules/node-gyp/addon.gypi',
312 error gyp info spawn args   '-I',
312 error gyp info spawn args   '/home/ubuntu/.cache/node-gyp/18.16.1/include/node/common.gypi',
312 error gyp info spawn args   '-Dlibrary=shared_library',
312 error gyp info spawn args   '-Dvisibility=default',
312 error gyp info spawn args   '-Dnode_root_dir=/home/ubuntu/.cache/node-gyp/18.16.1',
312 error gyp info spawn args   '-Dnode_gyp_dir=/home/ubuntu/.c9/node/lib/node_modules/npm/node_modules/node-gyp',
312 error gyp info spawn args   '-Dnode_lib_file=/home/ubuntu/.cache/node-gyp/18.16.1/<(target_arch)/node.lib',
312 error gyp info spawn args   '-Dmodule_root_dir=/home/ubuntu/.c9/node_modules/sqlite3',
312 error gyp info spawn args   '-Dnode_engine=v8',
312 error gyp info spawn args   '--depth=.',
312 error gyp info spawn args   '--no-parallel',
312 error gyp info spawn args   '--generator-output',
312 error gyp info spawn args   'build',
312 error gyp info spawn args   '-Goutput_dir=.'
312 error gyp info spawn args ]
312 error gyp info ok 
312 error gyp info it worked if it ends with ok
312 error gyp info using node-gyp@9.3.1
312 error gyp info using node@18.16.1 | linux | x64
312 error gyp info spawn make
312 error gyp info spawn args [ 'BUILDTYPE=Release', '-C', 'build' ]
312 error /bin/sh: 1: python: not found
312 error make: *** [deps/action_before_build.target.mk:13: Release/obj/gen/sqlite-autoconf-3310100/sqlite3.c] Error 127
312 error gyp ERR! build error 
312 error gyp ERR! stack Error: `make` failed with exit code: 2
312 error gyp ERR! stack     at ChildProcess.onExit (/home/ubuntu/.c9/node/lib/node_modules/npm/node_modules/node-gyp/lib/build.js:203:23)
312 error gyp ERR! stack     at ChildProcess.emit (node:events:513:28)
312 error gyp ERR! stack     at ChildProcess._handle.onexit (node:internal/child_process:291:12)
312 error gyp ERR! System Linux 6.2.0-1012-aws
312 error gyp ERR! command "/home/ubuntu/.c9/node/bin/node" "/home/ubuntu/.c9/node/lib/node_modules/npm/node_modules/node-gyp/bin/node-gyp.js" "build" "--fallback-to-build" "--module=/home/ubuntu/.c9/node_modules/sqlite3/lib/binding/node-v108-linux-x64/node_sqlite3.node" "--module_name=node_sqlite3" "--module_path=/home/ubuntu/.c9/node_modules/sqlite3/lib/binding/node-v108-linux-x64" "--napi_version=8" "--node_abi_napi=napi" "--napi_build_version=0" "--node_napi_label=node-v108"
312 error gyp ERR! cwd /home/ubuntu/.c9/node_modules/sqlite3
312 error gyp ERR! node -v v18.16.1
312 error gyp ERR! node-gyp -v v9.3.1
312 error gyp ERR! not ok 
312 error node-pre-gyp ERR! build error 
312 error node-pre-gyp ERR! stack Error: Failed to execute '/home/ubuntu/.c9/node/bin/node /home/ubuntu/.c9/node/lib/node_modules/npm/node_modules/node-gyp/bin/node-gyp.js build --fallback-to-build --module=/home/ubuntu/.c9/node_modules/sqlite3/lib/binding/node-v108-linux-x64/node_sqlite3.node --module_name=node_sqlite3 --module_path=/home/ubuntu/.c9/node_modules/sqlite3/lib/binding/node-v108-linux-x64 --napi_version=8 --node_abi_napi=napi --napi_build_version=0 --node_napi_label=node-v108' (1)
312 error node-pre-gyp ERR! stack     at ChildProcess.<anonymous> (/home/ubuntu/.c9/node_modules/node-pre-gyp/lib/util/compile.js:83:29)
312 error node-pre-gyp ERR! stack     at ChildProcess.emit (node:events:513:28)
312 error node-pre-gyp ERR! stack     at maybeClose (node:internal/child_process:1091:16)
312 error node-pre-gyp ERR! stack     at ChildProcess._handle.onexit (node:internal/child_process:302:5)
312 error node-pre-gyp ERR! System Linux 6.2.0-1012-aws
312 error node-pre-gyp ERR! command "/home/ubuntu/.c9/node/bin/node" "/home/ubuntu/.c9/node_modules/.bin/node-pre-gyp" "install" "--fallback-to-build"
312 error node-pre-gyp ERR! cwd /home/ubuntu/.c9/node_modules/sqlite3
312 error node-pre-gyp ERR! node -v v18.16.1
312 error node-pre-gyp ERR! node-pre-gyp -v v0.11.0
312 error node-pre-gyp ERR! not ok
313 verbose exit 1
314 timing npm Completed in 3752ms
315 verbose unfinished npm timer reify 1695747728301
316 verbose unfinished npm timer reify:build 1695747730179
317 verbose unfinished npm timer build 1695747730180
318 verbose unfinished npm timer build:deps 1695747730180
319 verbose unfinished npm timer build:run:install 1695747730187
320 verbose unfinished npm timer build:run:install:node_modules/sqlite3 1695747730188
321 verbose code 1
322 error A complete log of this run can be found in:
322 error     /home/ubuntu/.c9/tmp/.npm/_logs/2023-09-26T17_02_08_262Z-debug-0.log
