0 verbose cli /home/ubuntu/.c9/node/bin/node /home/ubuntu/.c9/node/bin/npm
1 info using npm@9.5.1
2 info using node@v18.16.1
3 timing npm:load:whichnode Completed in 1ms
4 timing config:load:defaults Completed in 2ms
5 timing config:load:file:/home/ubuntu/.c9/node/lib/node_modules/npm/npmrc Completed in 0ms
6 timing config:load:builtin Completed in 0ms
7 warn config production Use `--omit=dev` instead.
8 timing config:load:cli Completed in 3ms
9 timing config:load:env Completed in 0ms
10 timing config:load:file:/home/ubuntu/.c9/.npmrc Completed in 0ms
11 timing config:load:project Completed in 1ms
12 timing config:load:file:/home/ubuntu/.npmrc Completed in 0ms
13 timing config:load:user Completed in 1ms
14 timing config:load:file:/home/ubuntu/.c9/node/etc/npmrc Completed in 1ms
15 timing config:load:global Completed in 1ms
16 timing config:load:setEnvs Completed in 1ms
17 timing config:load Completed in 9ms
18 timing npm:load:configload Completed in 9ms
19 timing npm:load:mkdirpcache Completed in 1ms
20 timing npm:load:mkdirplogs Completed in 0ms
21 verbose title npm install @ionic/node-pty-prebuilt@0.9.1
22 verbose argv "install" "--production" "@ionic/node-pty-prebuilt@0.9.1"
23 timing npm:load:setTitle Completed in 2ms
24 timing config:load:flatten Completed in 3ms
25 timing npm:load:display Completed in 6ms
26 verbose logfile logs-max:10 dir:/home/ubuntu/.c9/tmp/.npm/_logs/2023-09-26T16_56_48_626Z-
27 verbose logfile /home/ubuntu/.c9/tmp/.npm/_logs/2023-09-26T16_56_48_626Z-debug-0.log
28 timing npm:load:logFile Completed in 9ms
29 timing npm:load:timers Completed in 0ms
30 timing npm:load:configScope Completed in 0ms
31 timing npm:load Completed in 28ms
32 timing config:load:flatten Completed in 1ms
33 timing arborist:ctor Completed in 1ms
34 silly logfile done cleaning log files
35 timing arborist:ctor Completed in 0ms
36 timing idealTree:init Completed in 11ms
37 timing idealTree:userRequests Completed in 2ms
38 silly idealTree buildDeps
39 silly fetch manifest @ionic/node-pty-prebuilt@0.9.1
40 http fetch GET 200 https://registry.npmjs.org/npm 152ms (cache miss)
41 http fetch GET 200 https://registry.npmjs.org/@ionic%2fnode-pty-prebuilt 584ms (cache miss)
42 silly placeDep ROOT @ionic/node-pty-prebuilt@0.9.1 OK for:  want: 0.9.1
43 silly fetch manifest nan@^2.14.0
44 silly fetch manifest prebuild-install@^5.3.3
45 http fetch GET 200 https://registry.npmjs.org/nan 71ms (cache miss)
46 http fetch GET 200 https://registry.npmjs.org/prebuild-install 75ms (cache miss)
47 timing idealTree:#root Completed in 689ms
48 silly placeDep ROOT nan@2.18.0 OK for: @ionic/node-pty-prebuilt@0.9.1 want: ^2.14.0
49 silly placeDep ROOT prebuild-install@5.3.6 OK for: @ionic/node-pty-prebuilt@0.9.1 want: ^5.3.3
50 silly fetch manifest detect-libc@^1.0.3
51 silly fetch manifest expand-template@^2.0.3
52 silly fetch manifest github-from-package@0.0.0
53 silly fetch manifest minimist@^1.2.3
54 silly fetch manifest mkdirp-classic@^0.5.3
55 silly fetch manifest napi-build-utils@^1.0.1
56 silly fetch manifest node-abi@^2.7.0
57 silly fetch manifest noop-logger@^0.1.1
58 silly fetch manifest npmlog@^4.0.1
59 silly fetch manifest pump@^3.0.0
60 silly fetch manifest rc@^1.2.7
61 silly fetch manifest simple-get@^3.0.3
62 silly fetch manifest tar-fs@^2.0.0
63 silly fetch manifest tunnel-agent@^0.6.0
64 silly fetch manifest which-pm-runs@^1.0.0
65 http fetch GET 200 https://registry.npmjs.org/expand-template 100ms (cache miss)
66 http fetch GET 200 https://registry.npmjs.org/detect-libc 102ms (cache miss)
67 http fetch GET 200 https://registry.npmjs.org/github-from-package 179ms (cache miss)
68 http fetch GET 200 https://registry.npmjs.org/noop-logger 178ms (cache miss)
69 http fetch GET 200 https://registry.npmjs.org/tunnel-agent 177ms (cache miss)
70 http fetch GET 200 https://registry.npmjs.org/which-pm-runs 178ms (cache miss)
71 http fetch GET 200 https://registry.npmjs.org/mkdirp-classic 185ms (cache miss)
72 http fetch GET 200 https://registry.npmjs.org/napi-build-utils 185ms (cache miss)
73 http fetch GET 200 https://registry.npmjs.org/pump 193ms (cache miss)
74 http fetch GET 200 https://registry.npmjs.org/npmlog 197ms (cache miss)
75 http fetch GET 200 https://registry.npmjs.org/minimist 203ms (cache miss)
76 http fetch GET 200 https://registry.npmjs.org/rc 199ms (cache miss)
77 http fetch GET 200 https://registry.npmjs.org/simple-get 201ms (cache miss)
78 http fetch GET 200 https://registry.npmjs.org/tar-fs 201ms (cache miss)
79 http fetch GET 200 https://registry.npmjs.org/node-abi 208ms (cache miss)
80 timing idealTree:node_modules/@ionic/node-pty-prebuilt Completed in 221ms
81 timing idealTree:node_modules/nan Completed in 0ms
82 silly placeDep ROOT detect-libc@1.0.3 OK for: prebuild-install@5.3.6 want: ^1.0.3
83 silly placeDep ROOT expand-template@2.0.3 OK for: prebuild-install@5.3.6 want: ^2.0.3
84 silly placeDep ROOT github-from-package@0.0.0 OK for: prebuild-install@5.3.6 want: 0.0.0
85 silly placeDep ROOT minimist@1.2.8 OK for: prebuild-install@5.3.6 want: ^1.2.3
86 silly placeDep ROOT mkdirp-classic@0.5.3 OK for: prebuild-install@5.3.6 want: ^0.5.3
87 silly placeDep ROOT napi-build-utils@1.0.2 OK for: prebuild-install@5.3.6 want: ^1.0.1
88 silly placeDep ROOT node-abi@2.30.1 OK for: prebuild-install@5.3.6 want: ^2.7.0
89 silly placeDep ROOT noop-logger@0.1.1 OK for: prebuild-install@5.3.6 want: ^0.1.1
90 silly placeDep ROOT npmlog@4.1.2 OK for: prebuild-install@5.3.6 want: ^4.0.1
91 silly placeDep ROOT pump@3.0.0 OK for: prebuild-install@5.3.6 want: ^3.0.0
92 silly placeDep ROOT rc@1.2.8 OK for: prebuild-install@5.3.6 want: ^1.2.7
93 silly placeDep ROOT simple-get@3.1.1 OK for: prebuild-install@5.3.6 want: ^3.0.3
94 silly placeDep ROOT tar-fs@2.1.1 OK for: prebuild-install@5.3.6 want: ^2.0.0
95 silly placeDep ROOT tunnel-agent@0.6.0 OK for: prebuild-install@5.3.6 want: ^0.6.0
96 silly placeDep ROOT which-pm-runs@1.1.0 OK for: prebuild-install@5.3.6 want: ^1.0.0
97 silly fetch manifest semver@^5.4.1
98 silly fetch manifest are-we-there-yet@~1.1.2
99 silly fetch manifest console-control-strings@~1.1.0
100 silly fetch manifest gauge@~2.7.3
101 silly fetch manifest set-blocking@~2.0.0
102 silly fetch manifest end-of-stream@^1.1.0
103 silly fetch manifest once@^1.3.1
104 silly fetch manifest deep-extend@^0.6.0
105 silly fetch manifest ini@~1.3.0
106 silly fetch manifest strip-json-comments@~2.0.1
107 silly fetch manifest decompress-response@^4.2.0
108 silly fetch manifest simple-concat@^1.0.0
109 silly fetch manifest chownr@^1.1.1
110 silly fetch manifest tar-stream@^2.1.4
111 silly fetch manifest safe-buffer@^5.0.1
112 http fetch GET 200 https://registry.npmjs.org/set-blocking 116ms (cache miss)
113 http fetch GET 200 https://registry.npmjs.org/once 118ms (cache miss)
114 http fetch GET 200 https://registry.npmjs.org/console-control-strings 122ms (cache miss)
115 http fetch GET 200 https://registry.npmjs.org/safe-buffer 118ms (cache miss)
116 http fetch GET 200 https://registry.npmjs.org/simple-concat 125ms (cache miss)
117 http fetch GET 200 https://registry.npmjs.org/tar-stream 125ms (cache miss)
118 http fetch GET 200 https://registry.npmjs.org/chownr 131ms (cache miss)
119 http fetch GET 200 https://registry.npmjs.org/end-of-stream 139ms (cache miss)
120 http fetch GET 200 https://registry.npmjs.org/deep-extend 138ms (cache miss)
121 http fetch GET 200 https://registry.npmjs.org/strip-json-comments 137ms (cache miss)
122 http fetch GET 200 https://registry.npmjs.org/decompress-response 137ms (cache miss)
123 http fetch GET 200 https://registry.npmjs.org/are-we-there-yet 152ms (cache miss)
124 http fetch GET 200 https://registry.npmjs.org/ini 161ms (cache miss)
125 http fetch GET 200 https://registry.npmjs.org/gauge 173ms (cache miss)
126 http fetch GET 200 https://registry.npmjs.org/semver 196ms (cache miss)
127 timing idealTree:node_modules/prebuild-install Completed in 251ms
128 timing idealTree:node_modules/detect-libc Completed in 0ms
129 timing idealTree:node_modules/expand-template Completed in 0ms
130 timing idealTree:node_modules/github-from-package Completed in 0ms
131 timing idealTree:node_modules/minimist Completed in 0ms
132 timing idealTree:node_modules/mkdirp-classic Completed in 0ms
133 timing idealTree:node_modules/napi-build-utils Completed in 0ms
134 silly placeDep ROOT semver@5.7.2 OK for: node-abi@2.30.1 want: ^5.4.1
135 timing idealTree:node_modules/node-abi Completed in 2ms
136 timing idealTree:node_modules/noop-logger Completed in 0ms
137 silly placeDep ROOT are-we-there-yet@1.1.7 OK for: npmlog@4.1.2 want: ~1.1.2
138 silly placeDep ROOT console-control-strings@1.1.0 OK for: npmlog@4.1.2 want: ~1.1.0
139 silly placeDep ROOT gauge@2.7.4 OK for: npmlog@4.1.2 want: ~2.7.3
140 silly placeDep ROOT set-blocking@2.0.0 OK for: npmlog@4.1.2 want: ~2.0.0
141 silly fetch manifest delegates@^1.0.0
142 silly fetch manifest readable-stream@^2.0.6
143 silly fetch manifest aproba@^1.0.3
144 silly fetch manifest has-unicode@^2.0.0
145 silly fetch manifest object-assign@^4.1.0
146 silly fetch manifest signal-exit@^3.0.0
147 silly fetch manifest string-width@^1.0.1
148 silly fetch manifest strip-ansi@^3.0.1
149 silly fetch manifest wide-align@^1.1.0
150 http fetch GET 200 https://registry.npmjs.org/has-unicode 70ms (cache miss)
151 http fetch GET 200 https://registry.npmjs.org/wide-align 66ms (cache miss)
152 http fetch GET 200 https://registry.npmjs.org/delegates 76ms (cache miss)
153 http fetch GET 200 https://registry.npmjs.org/aproba 74ms (cache miss)
154 http fetch GET 200 https://registry.npmjs.org/object-assign 71ms (cache miss)
155 http fetch GET 200 https://registry.npmjs.org/strip-ansi 71ms (cache miss)
156 http fetch GET 200 https://registry.npmjs.org/signal-exit 75ms (cache miss)
157 http fetch GET 200 https://registry.npmjs.org/string-width 75ms (cache miss)
158 http fetch GET 200 https://registry.npmjs.org/readable-stream 84ms (cache miss)
159 timing idealTree:node_modules/npmlog Completed in 96ms
160 silly placeDep ROOT delegates@1.0.0 OK for: are-we-there-yet@1.1.7 want: ^1.0.0
161 silly placeDep ROOT readable-stream@2.3.8 OK for: are-we-there-yet@1.1.7 want: ^2.0.6
162 silly fetch manifest core-util-is@~1.0.0
163 silly fetch manifest inherits@~2.0.3
164 silly fetch manifest isarray@~1.0.0
165 silly fetch manifest process-nextick-args@~2.0.0
166 silly fetch manifest safe-buffer@~5.1.1
167 silly fetch manifest string_decoder@~1.1.1
168 silly fetch manifest util-deprecate@~1.0.1
169 http fetch GET 200 https://registry.npmjs.org/inherits 60ms (cache miss)
170 http fetch GET 200 https://registry.npmjs.org/util-deprecate 55ms (cache miss)
171 http fetch GET 200 https://registry.npmjs.org/process-nextick-args 58ms (cache miss)
172 http fetch GET 200 https://registry.npmjs.org/core-util-is 63ms (cache miss)
173 http fetch GET 200 https://registry.npmjs.org/string_decoder 58ms (cache miss)
174 http fetch GET 200 https://registry.npmjs.org/isarray 61ms (cache miss)
175 timing idealTree:node_modules/are-we-there-yet Completed in 69ms
176 timing idealTree:node_modules/console-control-strings Completed in 0ms
177 timing idealTree:node_modules/delegates Completed in 0ms
178 silly placeDep ROOT aproba@1.2.0 OK for: gauge@2.7.4 want: ^1.0.3
179 silly placeDep ROOT has-unicode@2.0.1 OK for: gauge@2.7.4 want: ^2.0.0
180 silly placeDep ROOT object-assign@4.1.1 OK for: gauge@2.7.4 want: ^4.1.0
181 silly placeDep ROOT signal-exit@3.0.7 OK for: gauge@2.7.4 want: ^3.0.0
182 silly placeDep ROOT string-width@1.0.2 OK for: gauge@2.7.4 want: ^1.0.1
183 silly placeDep ROOT strip-ansi@3.0.1 OK for: gauge@2.7.4 want: ^3.0.1
184 silly placeDep ROOT wide-align@1.1.5 OK for: gauge@2.7.4 want: ^1.1.0
185 silly fetch manifest code-point-at@^1.0.0
186 silly fetch manifest is-fullwidth-code-point@^1.0.0
187 silly fetch manifest ansi-regex@^2.0.0
188 http fetch GET 200 https://registry.npmjs.org/is-fullwidth-code-point 34ms (cache miss)
189 http fetch GET 200 https://registry.npmjs.org/code-point-at 36ms (cache miss)
190 http fetch GET 200 https://registry.npmjs.org/ansi-regex 43ms (cache miss)
191 timing idealTree:node_modules/gauge Completed in 55ms
192 timing idealTree:node_modules/aproba Completed in 0ms
193 timing idealTree:node_modules/has-unicode Completed in 0ms
194 timing idealTree:node_modules/object-assign Completed in 0ms
195 silly placeDep ROOT end-of-stream@1.4.4 OK for: pump@3.0.0 want: ^1.1.0
196 silly placeDep ROOT once@1.4.0 OK for: pump@3.0.0 want: ^1.3.1
197 silly fetch manifest wrappy@1
198 http fetch GET 200 https://registry.npmjs.org/wrappy 25ms (cache miss)
199 timing idealTree:node_modules/pump Completed in 29ms
200 timing idealTree:node_modules/end-of-stream Completed in 0ms
201 silly placeDep ROOT wrappy@1.0.2 OK for: once@1.4.0 want: 1
202 timing idealTree:node_modules/once Completed in 1ms
203 silly placeDep ROOT deep-extend@0.6.0 OK for: rc@1.2.8 want: ^0.6.0
204 silly placeDep ROOT ini@1.3.8 OK for: rc@1.2.8 want: ~1.3.0
205 silly placeDep ROOT strip-json-comments@2.0.1 OK for: rc@1.2.8 want: ~2.0.1
206 timing idealTree:node_modules/rc Completed in 3ms
207 timing idealTree:node_modules/deep-extend Completed in 0ms
208 timing idealTree:node_modules/ini Completed in 0ms
209 silly placeDep ROOT core-util-is@1.0.3 OK for: readable-stream@2.3.8 want: ~1.0.0
210 silly placeDep ROOT inherits@2.0.4 OK for: readable-stream@2.3.8 want: ~2.0.3
211 silly placeDep ROOT isarray@1.0.0 OK for: readable-stream@2.3.8 want: ~1.0.0
212 silly placeDep ROOT process-nextick-args@2.0.1 OK for: readable-stream@2.3.8 want: ~2.0.0
213 silly placeDep ROOT safe-buffer@5.1.2 OK for: readable-stream@2.3.8 want: ~5.1.1
214 silly placeDep ROOT string_decoder@1.1.1 OK for: readable-stream@2.3.8 want: ~1.1.1
215 silly placeDep ROOT util-deprecate@1.0.2 OK for: readable-stream@2.3.8 want: ~1.0.1
216 timing idealTree:node_modules/readable-stream Completed in 7ms
217 timing idealTree:node_modules/core-util-is Completed in 0ms
218 timing idealTree:node_modules/inherits Completed in 0ms
219 timing idealTree:node_modules/isarray Completed in 0ms
220 timing idealTree:node_modules/process-nextick-args Completed in 0ms
221 timing idealTree:node_modules/safe-buffer Completed in 0ms
222 timing idealTree:node_modules/semver Completed in 0ms
223 timing idealTree:node_modules/set-blocking Completed in 0ms
224 timing idealTree:node_modules/signal-exit Completed in 0ms
225 silly placeDep ROOT decompress-response@4.2.1 OK for: simple-get@3.1.1 want: ^4.2.0
226 silly placeDep ROOT simple-concat@1.0.1 OK for: simple-get@3.1.1 want: ^1.0.0
227 silly fetch manifest mimic-response@^2.0.0
228 http fetch GET 200 https://registry.npmjs.org/mimic-response 34ms (cache miss)
229 timing idealTree:node_modules/simple-get Completed in 41ms
230 silly placeDep ROOT mimic-response@2.1.0 OK for: decompress-response@4.2.1 want: ^2.0.0
231 timing idealTree:node_modules/decompress-response Completed in 1ms
232 timing idealTree:node_modules/mimic-response Completed in 0ms
233 timing idealTree:node_modules/simple-concat Completed in 0ms
234 timing idealTree:node_modules/string_decoder Completed in 0ms
235 silly placeDep ROOT code-point-at@1.1.0 OK for: string-width@1.0.2 want: ^1.0.0
236 silly placeDep ROOT is-fullwidth-code-point@1.0.0 OK for: string-width@1.0.2 want: ^1.0.0
237 silly fetch manifest number-is-nan@^1.0.0
238 http fetch GET 200 https://registry.npmjs.org/number-is-nan 110ms (cache miss)
239 timing idealTree:node_modules/string-width Completed in 117ms
240 timing idealTree:node_modules/code-point-at Completed in 0ms
241 silly placeDep ROOT number-is-nan@1.0.1 OK for: is-fullwidth-code-point@1.0.0 want: ^1.0.0
242 timing idealTree:node_modules/is-fullwidth-code-point Completed in 1ms
243 timing idealTree:node_modules/number-is-nan Completed in 0ms
244 silly placeDep ROOT ansi-regex@2.1.1 OK for: strip-ansi@3.0.1 want: ^2.0.0
245 timing idealTree:node_modules/strip-ansi Completed in 1ms
246 timing idealTree:node_modules/ansi-regex Completed in 0ms
247 timing idealTree:node_modules/strip-json-comments Completed in 0ms
248 silly placeDep ROOT chownr@1.1.4 OK for: tar-fs@2.1.1 want: ^1.1.1
249 silly placeDep ROOT tar-stream@2.2.0 OK for: tar-fs@2.1.1 want: ^2.1.4
250 silly fetch manifest bl@^4.0.3
251 silly fetch manifest fs-constants@^1.0.0
252 silly fetch manifest readable-stream@^3.1.1
253 http fetch GET 200 https://registry.npmjs.org/bl 27ms (cache miss)
254 http fetch GET 200 https://registry.npmjs.org/fs-constants 29ms (cache miss)
255 timing idealTree:node_modules/tar-fs Completed in 33ms
256 timing idealTree:node_modules/chownr Completed in 0ms
257 silly placeDep ROOT bl@4.1.0 OK for: tar-stream@2.2.0 want: ^4.0.3
258 silly placeDep ROOT fs-constants@1.0.0 OK for: tar-stream@2.2.0 want: ^1.0.0
259 silly placeDep node_modules/tar-stream readable-stream@3.6.2 OK for: tar-stream@2.2.0 want: ^3.1.1
260 silly fetch manifest buffer@^5.5.0
261 silly fetch manifest readable-stream@^3.4.0
262 http fetch GET 200 https://registry.npmjs.org/buffer 33ms (cache miss)
263 timing idealTree:node_modules/tar-stream Completed in 42ms
264 silly placeDep ROOT buffer@5.7.1 OK for: bl@4.1.0 want: ^5.5.0
265 silly placeDep node_modules/bl readable-stream@3.6.2 OK for: bl@4.1.0 want: ^3.4.0
266 silly fetch manifest base64-js@^1.3.1
267 silly fetch manifest ieee754@^1.1.13
268 http fetch GET 200 https://registry.npmjs.org/base64-js 29ms (cache miss)
269 http fetch GET 200 https://registry.npmjs.org/ieee754 28ms (cache miss)
270 timing idealTree:node_modules/bl Completed in 36ms
271 silly placeDep ROOT base64-js@1.5.1 OK for: buffer@5.7.1 want: ^1.3.1
272 silly placeDep ROOT ieee754@1.2.1 OK for: buffer@5.7.1 want: ^1.1.13
273 timing idealTree:node_modules/buffer Completed in 3ms
274 timing idealTree:node_modules/base64-js Completed in 0ms
275 timing idealTree:node_modules/fs-constants Completed in 0ms
276 timing idealTree:node_modules/ieee754 Completed in 0ms
277 timing idealTree:node_modules/tunnel-agent Completed in 0ms
278 timing idealTree:node_modules/util-deprecate Completed in 0ms
279 timing idealTree:node_modules/which-pm-runs Completed in 0ms
280 timing idealTree:node_modules/wide-align Completed in 0ms
281 timing idealTree:node_modules/wrappy Completed in 0ms
282 timing idealTree:node_modules/bl/node_modules/readable-stream Completed in 0ms
283 timing idealTree:node_modules/tar-stream/node_modules/readable-stream Completed in 0ms
284 timing idealTree:buildDeps Completed in 1707ms
285 timing idealTree:fixDepFlags Completed in 1ms
286 timing idealTree Completed in 1721ms
287 timing reify:loadTrees Completed in 1722ms
288 timing reify:diffTrees Completed in 2ms
289 silly reify moves {}
290 timing reify:retireShallow Completed in 2ms
291 timing reify:createSparse Completed in 5ms
292 timing reify:trashOmits Completed in 0ms
293 timing reify:loadBundles Completed in 0ms
294 silly tarball no local data for ieee754@https://registry.npmjs.org/ieee754/-/ieee754-1.2.1.tgz. Extracting by manifest.
295 silly tarball no local data for base64-js@https://registry.npmjs.org/base64-js/-/base64-js-1.5.1.tgz. Extracting by manifest.
296 silly tarball no local data for buffer@https://registry.npmjs.org/buffer/-/buffer-5.7.1.tgz. Extracting by manifest.
297 silly tarball no local data for fs-constants@https://registry.npmjs.org/fs-constants/-/fs-constants-1.0.0.tgz. Extracting by manifest.
298 silly tarball no local data for bl@https://registry.npmjs.org/bl/-/bl-4.1.0.tgz. Extracting by manifest.
299 silly tarball no local data for chownr@https://registry.npmjs.org/chownr/-/chownr-1.1.4.tgz. Extracting by manifest.
300 silly tarball no local data for tar-stream@https://registry.npmjs.org/tar-stream/-/tar-stream-2.2.0.tgz. Extracting by manifest.
301 silly tarball no local data for ansi-regex@https://registry.npmjs.org/ansi-regex/-/ansi-regex-2.1.1.tgz. Extracting by manifest.
302 silly tarball no local data for number-is-nan@https://registry.npmjs.org/number-is-nan/-/number-is-nan-1.0.1.tgz. Extracting by manifest.
303 silly tarball no local data for is-fullwidth-code-point@https://registry.npmjs.org/is-fullwidth-code-point/-/is-fullwidth-code-point-1.0.0.tgz. Extracting by manifest.
304 silly tarball no local data for code-point-at@https://registry.npmjs.org/code-point-at/-/code-point-at-1.1.0.tgz. Extracting by manifest.
305 silly tarball no local data for mimic-response@https://registry.npmjs.org/mimic-response/-/mimic-response-2.1.0.tgz. Extracting by manifest.
306 silly tarball no local data for simple-concat@https://registry.npmjs.org/simple-concat/-/simple-concat-1.0.1.tgz. Extracting by manifest.
307 silly tarball no local data for decompress-response@https://registry.npmjs.org/decompress-response/-/decompress-response-4.2.1.tgz. Extracting by manifest.
308 silly tarball no local data for util-deprecate@https://registry.npmjs.org/util-deprecate/-/util-deprecate-1.0.2.tgz. Extracting by manifest.
309 silly tarball no local data for string_decoder@https://registry.npmjs.org/string_decoder/-/string_decoder-1.1.1.tgz. Extracting by manifest.
310 silly tarball no local data for safe-buffer@https://registry.npmjs.org/safe-buffer/-/safe-buffer-5.1.2.tgz. Extracting by manifest.
311 silly tarball no local data for process-nextick-args@https://registry.npmjs.org/process-nextick-args/-/process-nextick-args-2.0.1.tgz. Extracting by manifest.
312 silly tarball no local data for isarray@https://registry.npmjs.org/isarray/-/isarray-1.0.0.tgz. Extracting by manifest.
313 silly tarball no local data for inherits@https://registry.npmjs.org/inherits/-/inherits-2.0.4.tgz. Extracting by manifest.
314 silly tarball no local data for core-util-is@https://registry.npmjs.org/core-util-is/-/core-util-is-1.0.3.tgz. Extracting by manifest.
315 silly tarball no local data for strip-json-comments@https://registry.npmjs.org/strip-json-comments/-/strip-json-comments-2.0.1.tgz. Extracting by manifest.
316 silly tarball no local data for ini@https://registry.npmjs.org/ini/-/ini-1.3.8.tgz. Extracting by manifest.
317 silly tarball no local data for deep-extend@https://registry.npmjs.org/deep-extend/-/deep-extend-0.6.0.tgz. Extracting by manifest.
318 silly tarball no local data for wrappy@https://registry.npmjs.org/wrappy/-/wrappy-1.0.2.tgz. Extracting by manifest.
319 silly tarball no local data for once@https://registry.npmjs.org/once/-/once-1.4.0.tgz. Extracting by manifest.
320 silly tarball no local data for end-of-stream@https://registry.npmjs.org/end-of-stream/-/end-of-stream-1.4.4.tgz. Extracting by manifest.
321 silly tarball no local data for wide-align@https://registry.npmjs.org/wide-align/-/wide-align-1.1.5.tgz. Extracting by manifest.
322 silly tarball no local data for strip-ansi@https://registry.npmjs.org/strip-ansi/-/strip-ansi-3.0.1.tgz. Extracting by manifest.
323 silly tarball no local data for string-width@https://registry.npmjs.org/string-width/-/string-width-1.0.2.tgz. Extracting by manifest.
324 silly tarball no local data for signal-exit@https://registry.npmjs.org/signal-exit/-/signal-exit-3.0.7.tgz. Extracting by manifest.
325 silly tarball no local data for object-assign@https://registry.npmjs.org/object-assign/-/object-assign-4.1.1.tgz. Extracting by manifest.
326 silly tarball no local data for has-unicode@https://registry.npmjs.org/has-unicode/-/has-unicode-2.0.1.tgz. Extracting by manifest.
327 silly tarball no local data for aproba@https://registry.npmjs.org/aproba/-/aproba-1.2.0.tgz. Extracting by manifest.
328 silly tarball no local data for readable-stream@https://registry.npmjs.org/readable-stream/-/readable-stream-2.3.8.tgz. Extracting by manifest.
329 silly tarball no local data for delegates@https://registry.npmjs.org/delegates/-/delegates-1.0.0.tgz. Extracting by manifest.
330 silly tarball no local data for set-blocking@https://registry.npmjs.org/set-blocking/-/set-blocking-2.0.0.tgz. Extracting by manifest.
331 silly tarball no local data for gauge@https://registry.npmjs.org/gauge/-/gauge-2.7.4.tgz. Extracting by manifest.
332 silly tarball no local data for console-control-strings@https://registry.npmjs.org/console-control-strings/-/console-control-strings-1.1.0.tgz. Extracting by manifest.
333 silly tarball no local data for are-we-there-yet@https://registry.npmjs.org/are-we-there-yet/-/are-we-there-yet-1.1.7.tgz. Extracting by manifest.
334 silly tarball no local data for semver@https://registry.npmjs.org/semver/-/semver-5.7.2.tgz. Extracting by manifest.
335 silly tarball no local data for which-pm-runs@https://registry.npmjs.org/which-pm-runs/-/which-pm-runs-1.1.0.tgz. Extracting by manifest.
336 silly tarball no local data for tunnel-agent@https://registry.npmjs.org/tunnel-agent/-/tunnel-agent-0.6.0.tgz. Extracting by manifest.
337 silly tarball no local data for tar-fs@https://registry.npmjs.org/tar-fs/-/tar-fs-2.1.1.tgz. Extracting by manifest.
338 silly tarball no local data for simple-get@https://registry.npmjs.org/simple-get/-/simple-get-3.1.1.tgz. Extracting by manifest.
339 silly tarball no local data for rc@https://registry.npmjs.org/rc/-/rc-1.2.8.tgz. Extracting by manifest.
340 silly tarball no local data for pump@https://registry.npmjs.org/pump/-/pump-3.0.0.tgz. Extracting by manifest.
341 silly tarball no local data for npmlog@https://registry.npmjs.org/npmlog/-/npmlog-4.1.2.tgz. Extracting by manifest.
342 silly tarball no local data for noop-logger@https://registry.npmjs.org/noop-logger/-/noop-logger-0.1.1.tgz. Extracting by manifest.
343 silly tarball no local data for node-abi@https://registry.npmjs.org/node-abi/-/node-abi-2.30.1.tgz. Extracting by manifest.
344 silly tarball no local data for napi-build-utils@https://registry.npmjs.org/napi-build-utils/-/napi-build-utils-1.0.2.tgz. Extracting by manifest.
345 silly tarball no local data for mkdirp-classic@https://registry.npmjs.org/mkdirp-classic/-/mkdirp-classic-0.5.3.tgz. Extracting by manifest.
346 silly tarball no local data for minimist@https://registry.npmjs.org/minimist/-/minimist-1.2.8.tgz. Extracting by manifest.
347 silly tarball no local data for github-from-package@https://registry.npmjs.org/github-from-package/-/github-from-package-0.0.0.tgz. Extracting by manifest.
348 silly tarball no local data for expand-template@https://registry.npmjs.org/expand-template/-/expand-template-2.0.3.tgz. Extracting by manifest.
349 silly tarball no local data for detect-libc@https://registry.npmjs.org/detect-libc/-/detect-libc-1.0.3.tgz. Extracting by manifest.
350 silly tarball no local data for prebuild-install@https://registry.npmjs.org/prebuild-install/-/prebuild-install-5.3.6.tgz. Extracting by manifest.
351 silly tarball no local data for nan@https://registry.npmjs.org/nan/-/nan-2.18.0.tgz. Extracting by manifest.
352 silly tarball no local data for @ionic/node-pty-prebuilt@https://registry.npmjs.org/@ionic/node-pty-prebuilt/-/node-pty-prebuilt-0.9.1.tgz. Extracting by manifest.
353 silly tarball no local data for readable-stream@https://registry.npmjs.org/readable-stream/-/readable-stream-3.6.2.tgz. Extracting by manifest.
354 silly tarball no local data for readable-stream@https://registry.npmjs.org/readable-stream/-/readable-stream-3.6.2.tgz. Extracting by manifest.
355 http fetch GET 200 https://registry.npmjs.org/base64-js/-/base64-js-1.5.1.tgz 596ms (cache miss)
356 timing reifyNode:node_modules/base64-js Completed in 636ms
357 http fetch GET 200 https://registry.npmjs.org/simple-concat/-/simple-concat-1.0.1.tgz 584ms (cache miss)
358 timing reifyNode:node_modules/simple-concat Completed in 642ms
359 http fetch GET 200 https://registry.npmjs.org/is-fullwidth-code-point/-/is-fullwidth-code-point-1.0.0.tgz 588ms (cache miss)
360 timing reifyNode:node_modules/is-fullwidth-code-point Completed in 643ms
361 http fetch GET 200 https://registry.npmjs.org/decompress-response/-/decompress-response-4.2.1.tgz 586ms (cache miss)
362 timing reifyNode:node_modules/decompress-response Completed in 645ms
363 http fetch GET 200 https://registry.npmjs.org/wrappy/-/wrappy-1.0.2.tgz 561ms (cache miss)
364 timing reifyNode:node_modules/wrappy Completed in 646ms
365 http fetch GET 200 https://registry.npmjs.org/code-point-at/-/code-point-at-1.1.0.tgz 615ms (cache miss)
366 timing reifyNode:node_modules/code-point-at Completed in 672ms
367 http fetch GET 200 https://registry.npmjs.org/chownr/-/chownr-1.1.4.tgz 625ms (cache miss)
368 timing reifyNode:node_modules/chownr Completed in 674ms
369 http fetch GET 200 https://registry.npmjs.org/fs-constants/-/fs-constants-1.0.0.tgz 632ms (cache miss)
370 timing reifyNode:node_modules/fs-constants Completed in 676ms
371 http fetch GET 200 https://registry.npmjs.org/ieee754/-/ieee754-1.2.1.tgz 642ms (cache miss)
372 timing reifyNode:node_modules/ieee754 Completed in 681ms
373 http fetch GET 200 https://registry.npmjs.org/safe-buffer/-/safe-buffer-5.1.2.tgz 612ms (cache miss)
374 timing reifyNode:node_modules/safe-buffer Completed in 680ms
375 http fetch GET 200 https://registry.npmjs.org/inherits/-/inherits-2.0.4.tgz 609ms (cache miss)
376 timing reifyNode:node_modules/inherits Completed in 680ms
377 http fetch GET 200 https://registry.npmjs.org/strip-json-comments/-/strip-json-comments-2.0.1.tgz 607ms (cache miss)
378 timing reifyNode:node_modules/strip-json-comments Completed in 680ms
379 http fetch GET 200 https://registry.npmjs.org/aproba/-/aproba-1.2.0.tgz 558ms (cache miss)
380 timing reifyNode:node_modules/aproba Completed in 681ms
381 http fetch GET 200 https://registry.npmjs.org/set-blocking/-/set-blocking-2.0.0.tgz 541ms (cache miss)
382 timing reifyNode:node_modules/set-blocking Completed in 683ms
383 http fetch GET 200 https://registry.npmjs.org/strip-ansi/-/strip-ansi-3.0.1.tgz 593ms (cache miss)
384 timing reifyNode:node_modules/strip-ansi Completed in 684ms
385 http fetch GET 200 https://registry.npmjs.org/are-we-there-yet/-/are-we-there-yet-1.1.7.tgz 546ms (cache miss)
386 http fetch GET 200 https://registry.npmjs.org/number-is-nan/-/number-is-nan-1.0.1.tgz 644ms (cache miss)
387 timing reifyNode:node_modules/number-is-nan Completed in 697ms
388 http fetch GET 200 https://registry.npmjs.org/util-deprecate/-/util-deprecate-1.0.2.tgz 631ms (cache miss)
389 timing reifyNode:node_modules/util-deprecate Completed in 698ms
390 http fetch GET 200 https://registry.npmjs.org/isarray/-/isarray-1.0.0.tgz 628ms (cache miss)
391 timing reifyNode:node_modules/isarray Completed in 698ms
392 http fetch GET 200 https://registry.npmjs.org/deep-extend/-/deep-extend-0.6.0.tgz 615ms (cache miss)
393 timing reifyNode:node_modules/deep-extend Completed in 698ms
394 http fetch GET 200 https://registry.npmjs.org/once/-/once-1.4.0.tgz 611ms (cache miss)
395 timing reifyNode:node_modules/once Completed in 698ms
396 http fetch GET 200 https://registry.npmjs.org/has-unicode/-/has-unicode-2.0.1.tgz 582ms (cache miss)
397 timing reifyNode:node_modules/has-unicode Completed in 699ms
398 http fetch GET 200 https://registry.npmjs.org/which-pm-runs/-/which-pm-runs-1.1.0.tgz 547ms (cache miss)
399 timing reifyNode:node_modules/which-pm-runs Completed in 698ms
400 http fetch GET 200 https://registry.npmjs.org/mimic-response/-/mimic-response-2.1.0.tgz 646ms (cache miss)
401 timing reifyNode:node_modules/mimic-response Completed in 703ms
402 http fetch GET 200 https://registry.npmjs.org/ansi-regex/-/ansi-regex-2.1.1.tgz 652ms (cache miss)
403 timing reifyNode:node_modules/ansi-regex Completed in 704ms
404 http fetch GET 200 https://registry.npmjs.org/string_decoder/-/string_decoder-1.1.1.tgz 638ms (cache miss)
405 timing reifyNode:node_modules/string_decoder Completed in 705ms
406 http fetch GET 200 https://registry.npmjs.org/process-nextick-args/-/process-nextick-args-2.0.1.tgz 636ms (cache miss)
407 timing reifyNode:node_modules/process-nextick-args Completed in 704ms
408 http fetch GET 200 https://registry.npmjs.org/core-util-is/-/core-util-is-1.0.3.tgz 634ms (cache miss)
409 timing reifyNode:node_modules/core-util-is Completed in 706ms
410 http fetch GET 200 https://registry.npmjs.org/object-assign/-/object-assign-4.1.1.tgz 611ms (cache miss)
411 timing reifyNode:node_modules/object-assign Completed in 706ms
412 http fetch GET 200 https://registry.npmjs.org/delegates/-/delegates-1.0.0.tgz 566ms (cache miss)
413 http fetch GET 200 https://registry.npmjs.org/string-width/-/string-width-1.0.2.tgz 613ms (cache miss)
414 timing reifyNode:node_modules/string-width Completed in 707ms
415 http fetch GET 200 https://registry.npmjs.org/end-of-stream/-/end-of-stream-1.4.4.tgz 619ms (cache miss)
416 timing reifyNode:node_modules/end-of-stream Completed in 707ms
417 timing reifyNode:node_modules/are-we-there-yet Completed in 706ms
418 http fetch GET 200 https://registry.npmjs.org/napi-build-utils/-/napi-build-utils-1.0.2.tgz 544ms (cache miss)
419 timing reifyNode:node_modules/napi-build-utils Completed in 708ms
420 http fetch GET 200 https://registry.npmjs.org/detect-libc/-/detect-libc-1.0.3.tgz 533ms (cache miss)
421 http fetch GET 200 https://registry.npmjs.org/noop-logger/-/noop-logger-0.1.1.tgz 550ms (cache miss)
422 http fetch GET 200 https://registry.npmjs.org/buffer/-/buffer-5.7.1.tgz 671ms (cache miss)
423 http fetch GET 200 https://registry.npmjs.org/signal-exit/-/signal-exit-3.0.7.tgz 617ms (cache miss)
424 timing reifyNode:node_modules/signal-exit Completed in 711ms
425 timing reifyNode:node_modules/delegates Completed in 712ms
426 http fetch GET 200 https://registry.npmjs.org/wide-align/-/wide-align-1.1.5.tgz 622ms (cache miss)
427 timing reifyNode:node_modules/wide-align Completed in 713ms
428 http fetch GET 200 https://registry.npmjs.org/tunnel-agent/-/tunnel-agent-0.6.0.tgz 560ms (cache miss)
429 timing reifyNode:node_modules/tunnel-agent Completed in 712ms
430 http fetch GET 200 https://registry.npmjs.org/mkdirp-classic/-/mkdirp-classic-0.5.3.tgz 548ms (cache miss)
431 timing reifyNode:node_modules/mkdirp-classic Completed in 715ms
432 http fetch GET 200 https://registry.npmjs.org/console-control-strings/-/console-control-strings-1.1.0.tgz 569ms (cache miss)
433 timing reifyNode:node_modules/console-control-strings Completed in 718ms
434 timing reifyNode:node_modules/noop-logger Completed in 717ms
435 http fetch GET 200 https://registry.npmjs.org/ini/-/ini-1.3.8.tgz 638ms (cache miss)
436 timing reifyNode:node_modules/ini Completed in 719ms
437 http fetch GET 200 https://registry.npmjs.org/simple-get/-/simple-get-3.1.1.tgz 564ms (cache miss)
438 timing reifyNode:node_modules/simple-get Completed in 719ms
439 http fetch GET 200 https://registry.npmjs.org/github-from-package/-/github-from-package-0.0.0.tgz 547ms (cache miss)
440 timing reifyNode:node_modules/detect-libc Completed in 721ms
441 timing reifyNode:node_modules/buffer Completed in 725ms
442 http fetch GET 200 https://registry.npmjs.org/npmlog/-/npmlog-4.1.2.tgz 565ms (cache miss)
443 timing reifyNode:node_modules/npmlog Completed in 727ms
444 http fetch GET 200 https://registry.npmjs.org/tar-stream/-/tar-stream-2.2.0.tgz 687ms (cache miss)
445 timing reifyNode:node_modules/tar-stream Completed in 739ms
446 http fetch GET 200 https://registry.npmjs.org/rc/-/rc-1.2.8.tgz 582ms (cache miss)
447 http fetch GET 200 https://registry.npmjs.org/pump/-/pump-3.0.0.tgz 581ms (cache miss)
448 timing reifyNode:node_modules/pump Completed in 738ms
449 http fetch GET 200 https://registry.npmjs.org/expand-template/-/expand-template-2.0.3.tgz 568ms (cache miss)
450 timing reifyNode:node_modules/expand-template Completed in 742ms
451 timing reifyNode:node_modules/github-from-package Completed in 743ms
452 timing reifyNode:node_modules/rc Completed in 745ms
453 http fetch GET 200 https://registry.npmjs.org/semver/-/semver-5.7.2.tgz 598ms (cache miss)
454 timing reifyNode:node_modules/semver Completed in 749ms
455 http fetch GET 200 https://registry.npmjs.org/prebuild-install/-/prebuild-install-5.3.6.tgz 575ms (cache miss)
456 http fetch GET 200 https://registry.npmjs.org/node-abi/-/node-abi-2.30.1.tgz 597ms (cache miss)
457 timing reifyNode:node_modules/node-abi Completed in 757ms
458 timing reifyNode:node_modules/prebuild-install Completed in 758ms
459 http fetch GET 200 https://registry.npmjs.org/bl/-/bl-4.1.0.tgz 712ms (cache miss)
460 timing reifyNode:node_modules/bl Completed in 760ms
461 http fetch GET 200 https://registry.npmjs.org/gauge/-/gauge-2.7.4.tgz 615ms (cache miss)
462 timing reifyNode:node_modules/gauge Completed in 763ms
463 http fetch GET 200 https://registry.npmjs.org/readable-stream/-/readable-stream-2.3.8.tgz 635ms (cache miss)
464 http fetch GET 200 https://registry.npmjs.org/minimist/-/minimist-1.2.8.tgz 606ms (cache miss)
465 timing reifyNode:node_modules/readable-stream Completed in 776ms
466 http fetch GET 200 https://registry.npmjs.org/readable-stream/-/readable-stream-3.6.2.tgz 595ms (cache miss)
467 timing reifyNode:node_modules/minimist Completed in 776ms
468 timing reifyNode:node_modules/tar-stream/node_modules/readable-stream Completed in 785ms
469 http fetch GET 200 https://registry.npmjs.org/readable-stream/-/readable-stream-3.6.2.tgz 611ms (cache miss)
470 timing reifyNode:node_modules/bl/node_modules/readable-stream Completed in 793ms
471 http fetch GET 200 https://registry.npmjs.org/tar-fs/-/tar-fs-2.1.1.tgz 640ms (cache miss)
472 timing reifyNode:node_modules/tar-fs Completed in 796ms
473 http fetch GET 200 https://registry.npmjs.org/nan/-/nan-2.18.0.tgz 631ms (cache miss)
474 timing reifyNode:node_modules/nan Completed in 809ms
475 http fetch GET 200 https://registry.npmjs.org/@ionic/node-pty-prebuilt/-/node-pty-prebuilt-0.9.1.tgz 1234ms (cache miss)
476 timing reifyNode:node_modules/@ionic/node-pty-prebuilt Completed in 1412ms
477 timing reify:unpack Completed in 1415ms
478 timing reify:unretire Completed in 1ms
479 timing build:queue Completed in 3ms
480 timing build:link:node_modules/detect-libc Completed in 2ms
481 timing build:link:node_modules/prebuild-install Completed in 2ms
482 timing build:link:node_modules/rc Completed in 2ms
483 timing build:link:node_modules/semver Completed in 1ms
484 timing build:link Completed in 2ms
485 info run @ionic/node-pty-prebuilt@0.9.1 install node_modules/@ionic/node-pty-prebuilt prebuild-install || node scripts/install.js
486 info run @ionic/node-pty-prebuilt@0.9.1 install { code: 0, signal: null }
487 timing build:run:install:node_modules/@ionic/node-pty-prebuilt Completed in 6648ms
488 timing build:run:install Completed in 6650ms
489 info run @ionic/node-pty-prebuilt@0.9.1 postinstall node_modules/@ionic/node-pty-prebuilt node scripts/post-install.js
490 info run @ionic/node-pty-prebuilt@0.9.1 postinstall { code: 0, signal: null }
491 timing build:run:postinstall:node_modules/@ionic/node-pty-prebuilt Completed in 78ms
492 timing build:run:postinstall Completed in 78ms
493 timing build:deps Completed in 6735ms
494 timing build Completed in 6735ms
495 timing reify:build Completed in 6735ms
496 timing reify:trash Completed in 0ms
497 timing reify:save Completed in 22ms
498 timing reify Completed in 9973ms
499 silly ADD node_modules/ieee754
500 silly ADD node_modules/base64-js
501 silly ADD node_modules/buffer
502 silly ADD node_modules/fs-constants
503 silly ADD node_modules/bl
504 silly ADD node_modules/bl/node_modules/readable-stream
505 silly ADD node_modules/tar-stream
506 silly ADD node_modules/tar-stream/node_modules/readable-stream
507 silly ADD node_modules/chownr
508 silly ADD node_modules/ansi-regex
509 silly ADD node_modules/number-is-nan
510 silly ADD node_modules/is-fullwidth-code-point
511 silly ADD node_modules/code-point-at
512 silly ADD node_modules/mimic-response
513 silly ADD node_modules/simple-concat
514 silly ADD node_modules/decompress-response
515 silly ADD node_modules/util-deprecate
516 silly ADD node_modules/string_decoder
517 silly ADD node_modules/safe-buffer
518 silly ADD node_modules/process-nextick-args
519 silly ADD node_modules/isarray
520 silly ADD node_modules/inherits
521 silly ADD node_modules/core-util-is
522 silly ADD node_modules/strip-json-comments
523 silly ADD node_modules/ini
524 silly ADD node_modules/deep-extend
525 silly ADD node_modules/wrappy
526 silly ADD node_modules/once
527 silly ADD node_modules/end-of-stream
528 silly ADD node_modules/wide-align
529 silly ADD node_modules/strip-ansi
530 silly ADD node_modules/string-width
531 silly ADD node_modules/signal-exit
532 silly ADD node_modules/object-assign
533 silly ADD node_modules/has-unicode
534 silly ADD node_modules/aproba
535 silly ADD node_modules/readable-stream
536 silly ADD node_modules/delegates
537 silly ADD node_modules/set-blocking
538 silly ADD node_modules/gauge
539 silly ADD node_modules/console-control-strings
540 silly ADD node_modules/are-we-there-yet
541 silly ADD node_modules/semver
542 silly ADD node_modules/which-pm-runs
543 silly ADD node_modules/tunnel-agent
544 silly ADD node_modules/tar-fs
545 silly ADD node_modules/simple-get
546 silly ADD node_modules/rc
547 silly ADD node_modules/pump
548 silly ADD node_modules/npmlog
549 silly ADD node_modules/noop-logger
550 silly ADD node_modules/node-abi
551 silly ADD node_modules/napi-build-utils
552 silly ADD node_modules/mkdirp-classic
553 silly ADD node_modules/minimist
554 silly ADD node_modules/github-from-package
555 silly ADD node_modules/expand-template
556 silly ADD node_modules/detect-libc
557 silly ADD node_modules/prebuild-install
558 silly ADD node_modules/nan
559 silly ADD node_modules/@ionic/node-pty-prebuilt
560 timing command:install Completed in 9982ms
561 notice
561 notice New major version of npm available! 9.5.1 -> 10.1.0
561 notice Changelog: <https://github.com/npm/cli/releases/tag/v10.1.0>
561 notice Run `npm install -g npm@10.1.0` to update!
561 notice
562 verbose exit 0
563 timing npm Completed in 10025ms
564 info ok
