[2023-10-23T02:13:53.298Z] Log level: Info
[2023-10-23T02:13:53.301Z] [info] Validating found git in: git
[2023-10-23T02:13:53.371Z] [info] Using git 2.34.1 from git
[2023-10-23T02:13:53.395Z] > git rev-parse --show-toplevel [6ms]
[2023-10-23T02:13:53.395Z] fatal: not a git repository (or any of the parent directories): .git
[2023-10-23T02:13:53.412Z] > git rev-parse --show-toplevel [3ms]
[2023-10-23T02:13:53.412Z] fatal: not a git repository (or any of the parent directories): .git
[2023-10-23T02:13:53.423Z] > git rev-parse --show-toplevel [2ms]
[2023-10-23T02:13:53.423Z] fatal: not a git repository (or any of the parent directories): .git
[2023-10-23T02:13:53.434Z] > git rev-parse --show-toplevel [2ms]
[2023-10-23T02:13:53.434Z] fatal: not a git repository (or any of the parent directories): .git
[2023-10-23T02:13:53.445Z] > git rev-parse --show-toplevel [1ms]
[2023-10-23T02:13:53.445Z] fatal: not a git repository (or any of the parent directories): .git
[2023-10-23T02:13:53.482Z] > git rev-parse --show-toplevel [2ms]
[2023-10-23T02:13:53.482Z] fatal: not a git repository (or any of the parent directories): .git
[2023-10-23T02:13:53.526Z] > git rev-parse --show-toplevel [3ms]
[2023-10-23T02:13:53.526Z] fatal: not a git repository (or any of the parent directories): .git
[2023-10-23T02:13:53.551Z] > git rev-parse --show-toplevel [10ms]
[2023-10-23T02:13:53.551Z] fatal: not a git repository (or any of the parent directories): .git
[2023-10-23T02:13:53.569Z] > git rev-parse --show-toplevel [2ms]
[2023-10-23T02:13:53.569Z] fatal: not a git repository (or any of the parent directories): .git
[2023-10-23T02:13:53.586Z] > git rev-parse --show-toplevel [2ms]
[2023-10-23T02:13:53.586Z] fatal: not a git repository (or any of the parent directories): .git
[2023-10-23T02:13:53.603Z] > git rev-parse --show-toplevel [7ms]
[2023-10-23T02:13:53.603Z] fatal: not a git repository (or any of the parent directories): .git
[2023-10-23T02:13:53.619Z] > git rev-parse --show-toplevel [2ms]
[2023-10-23T02:13:53.619Z] fatal: not a git repository (or any of the parent directories): .git
