[2023-10-21T22:47:54.787Z] Log level: Info
[2023-10-21T22:47:54.789Z] [info] Validating found git in: git
[2023-10-21T22:47:54.824Z] [info] Using git 2.34.1 from git
[2023-10-21T22:47:54.891Z] > git rev-parse --show-toplevel [13ms]
[2023-10-21T22:47:54.891Z] fatal: not a git repository (or any of the parent directories): .git
[2023-10-21T22:47:54.918Z] > git rev-parse --show-toplevel [2ms]
[2023-10-21T22:47:54.918Z] fatal: not a git repository (or any of the parent directories): .git
[2023-10-21T22:47:54.938Z] > git rev-parse --show-toplevel [4ms]
[2023-10-21T22:47:54.938Z] fatal: not a git repository (or any of the parent directories): .git
[2023-10-21T22:47:54.956Z] > git rev-parse --show-toplevel [4ms]
[2023-10-21T22:47:54.956Z] fatal: not a git repository (or any of the parent directories): .git
[2023-10-21T22:47:54.979Z] > git rev-parse --show-toplevel [3ms]
[2023-10-21T22:47:54.979Z] fatal: not a git repository (or any of the parent directories): .git
[2023-10-21T22:47:55.005Z] > git rev-parse --show-toplevel [6ms]
[2023-10-21T22:47:55.005Z] fatal: not a git repository (or any of the parent directories): .git
[2023-10-21T22:47:55.025Z] > git rev-parse --show-toplevel [4ms]
[2023-10-21T22:47:55.025Z] fatal: not a git repository (or any of the parent directories): .git
[2023-10-21T22:47:55.044Z] > git rev-parse --show-toplevel [4ms]
[2023-10-21T22:47:55.044Z] fatal: not a git repository (or any of the parent directories): .git
[2023-10-21T22:47:55.063Z] > git rev-parse --show-toplevel [2ms]
[2023-10-21T22:47:55.063Z] fatal: not a git repository (or any of the parent directories): .git
[2023-10-21T22:47:55.091Z] > git rev-parse --show-toplevel [4ms]
[2023-10-21T22:47:55.091Z] fatal: not a git repository (or any of the parent directories): .git
[2023-10-21T22:47:55.109Z] > git rev-parse --show-toplevel [3ms]
[2023-10-21T22:47:55.109Z] fatal: not a git repository (or any of the parent directories): .git
[2023-10-21T22:47:55.134Z] > git rev-parse --show-toplevel [7ms]
[2023-10-21T22:47:55.134Z] fatal: not a git repository (or any of the parent directories): .git
