[2023-10-22T00:22:31.129Z] Log level: Info
[2023-10-22T00:22:31.131Z] [info] Validating found git in: git
[2023-10-22T00:22:31.179Z] [info] Using git 2.34.1 from git
[2023-10-22T00:22:31.205Z] > git rev-parse --show-toplevel [7ms]
[2023-10-22T00:22:31.206Z] fatal: not a git repository (or any of the parent directories): .git
[2023-10-22T00:22:31.233Z] > git rev-parse --show-toplevel [3ms]
[2023-10-22T00:22:31.233Z] fatal: not a git repository (or any of the parent directories): .git
[2023-10-22T00:22:31.245Z] > git rev-parse --show-toplevel [2ms]
[2023-10-22T00:22:31.245Z] fatal: not a git repository (or any of the parent directories): .git
[2023-10-22T00:22:31.261Z] > git rev-parse --show-toplevel [5ms]
[2023-10-22T00:22:31.261Z] fatal: not a git repository (or any of the parent directories): .git
[2023-10-22T00:22:31.273Z] > git rev-parse --show-toplevel [2ms]
[2023-10-22T00:22:31.273Z] fatal: not a git repository (or any of the parent directories): .git
[2023-10-22T00:22:31.347Z] > git rev-parse --show-toplevel [53ms]
[2023-10-22T00:22:31.347Z] fatal: not a git repository (or any of the parent directories): .git
[2023-10-22T00:22:31.358Z] > git rev-parse --show-toplevel [2ms]
[2023-10-22T00:22:31.358Z] fatal: not a git repository (or any of the parent directories): .git
[2023-10-22T00:22:31.369Z] > git rev-parse --show-toplevel [2ms]
[2023-10-22T00:22:31.369Z] fatal: not a git repository (or any of the parent directories): .git
[2023-10-22T00:22:31.383Z] > git rev-parse --show-toplevel [4ms]
[2023-10-22T00:22:31.383Z] fatal: not a git repository (or any of the parent directories): .git
[2023-10-22T00:22:31.397Z] > git rev-parse --show-toplevel [5ms]
[2023-10-22T00:22:31.397Z] fatal: not a git repository (or any of the parent directories): .git
[2023-10-22T00:22:31.408Z] > git rev-parse --show-toplevel [2ms]
[2023-10-22T00:22:31.408Z] fatal: not a git repository (or any of the parent directories): .git
[2023-10-22T00:22:31.437Z] > git rev-parse --show-toplevel [15ms]
[2023-10-22T00:22:31.437Z] fatal: not a git repository (or any of the parent directories): .git
