0 verbose cli /usr/local/bin/node /usr/local/bin/npm
1 info using npm@10.2.0
2 info using node@v18.18.0
3 timing npm:load:whichnode Completed in 15ms
4 timing config:load:defaults Completed in 2ms
5 timing config:load:file:/usr/local/lib/node_modules/npm/npmrc Completed in 4ms
6 timing config:load:builtin Completed in 5ms
7 timing config:load:cli Completed in 3ms
8 timing config:load:env Completed in 1ms
9 timing config:load:project Completed in 0ms
10 timing config:load:file:/home/ubuntu/.npmrc Completed in 0ms
11 timing config:load:user Completed in 0ms
12 timing config:load:file:/usr/local/etc/npmrc Completed in 0ms
13 timing config:load:global Completed in 0ms
14 timing config:load:setEnvs Completed in 1ms
15 timing config:load Completed in 14ms
16 timing npm:load:configload Completed in 14ms
17 timing config:load:flatten Completed in 4ms
18 timing npm:load:mkdirpcache Completed in 1ms
19 timing npm:load:mkdirplogs Completed in 0ms
20 verbose title npm uninstall mysql2
21 verbose argv "uninstall" "mysql2"
22 timing npm:load:setTitle Completed in 1ms
23 timing npm:load:display Completed in 1ms
24 verbose logfile logs-max:10 dir:/home/ubuntu/.npm/_logs/2023-10-23T05_08_28_476Z-
25 verbose logfile /home/ubuntu/.npm/_logs/2023-10-23T05_08_28_476Z-debug-0.log
26 timing npm:load:logFile Completed in 12ms
27 timing npm:load:timers Completed in 0ms
28 timing npm:load:configScope Completed in 0ms
29 timing npm:load Completed in 69ms
30 timing arborist:ctor Completed in 1ms
31 silly logfile start cleaning logs, removing 1 files
32 silly logfile done cleaning log files
33 timing idealTree:init Completed in 973ms
34 timing idealTree:userRequests Completed in 6ms
35 silly idealTree buildDeps
36 timing idealTree:#root Completed in 1ms
37 timing idealTree:buildDeps Completed in 2ms
38 timing idealTree:fixDepFlags Completed in 25ms
39 timing idealTree Completed in 1021ms
40 timing arborist:ctor Completed in 0ms
41 timing reify:loadTrees Completed in 1372ms
42 timing reify:diffTrees Completed in 21ms
43 silly reify moves {}
44 timing reify:retireShallow Completed in 2ms
45 timing reify:createSparse Completed in 10ms
46 timing reify:loadBundles Completed in 0ms
47 silly audit bulk request {
47 silly audit   '@adminjs/design-system': [ '4.0.3' ],
47 silly audit   '@emotion/unitless': [ '0.7.5', '0.8.1' ],
47 silly audit   'styled-components': [ '5.3.9', '6.1.0' ],
47 silly audit   '@adminjs/express': [ '6.0.1' ],
47 silly audit   '@adminjs/passwords': [ '4.0.0' ],
47 silly audit   '@adminjs/sql': [ '2.2.1' ],
47 silly audit   '@ampproject/remapping': [ '2.2.1' ],
47 silly audit   '@babel/code-frame': [ '7.22.13' ],
47 silly audit   '@babel/compat-data': [ '7.22.20' ],
47 silly audit   '@babel/core': [ '7.23.0' ],
47 silly audit   '@babel/generator': [ '7.23.0' ],
47 silly audit   '@babel/helper-annotate-as-pure': [ '7.22.5' ],
47 silly audit   '@babel/helper-builder-binary-assignment-operator-visitor': [ '7.22.15' ],
47 silly audit   '@babel/helper-compilation-targets': [ '7.22.15' ],
47 silly audit   '@babel/helper-create-class-features-plugin': [ '7.22.15' ],
47 silly audit   '@babel/helper-create-regexp-features-plugin': [ '7.22.15' ],
47 silly audit   '@babel/helper-define-polyfill-provider': [ '0.4.2' ],
47 silly audit   '@babel/helper-environment-visitor': [ '7.22.20' ],
47 silly audit   '@babel/helper-function-name': [ '7.23.0' ],
47 silly audit   '@babel/helper-hoist-variables': [ '7.22.5' ],
47 silly audit   '@babel/helper-member-expression-to-functions': [ '7.23.0' ],
47 silly audit   '@babel/helper-module-imports': [ '7.22.15' ],
47 silly audit   '@babel/helper-module-transforms': [ '7.23.0' ],
47 silly audit   '@babel/helper-optimise-call-expression': [ '7.22.5' ],
47 silly audit   '@babel/helper-plugin-utils': [ '7.22.5' ],
47 silly audit   '@babel/helper-remap-async-to-generator': [ '7.22.20' ],
47 silly audit   '@babel/helper-replace-supers': [ '7.22.20' ],
47 silly audit   '@babel/helper-simple-access': [ '7.22.5' ],
47 silly audit   '@babel/helper-skip-transparent-expression-wrappers': [ '7.22.5' ],
47 silly audit   '@babel/helper-split-export-declaration': [ '7.22.6' ],
47 silly audit   '@babel/helper-string-parser': [ '7.22.5' ],
47 silly audit   '@babel/helper-validator-identifier': [ '7.22.20' ],
47 silly audit   '@babel/helper-validator-option': [ '7.22.15' ],
47 silly audit   '@babel/helper-wrap-function': [ '7.22.20' ],
47 silly audit   '@babel/helpers': [ '7.23.1' ],
47 silly audit   '@babel/highlight': [ '7.22.20' ],
47 silly audit   '@babel/parser': [ '7.23.0' ],
47 silly audit   '@babel/plugin-bugfix-safari-id-destructuring-collision-in-function-expression': [ '7.22.15' ],
47 silly audit   '@babel/plugin-bugfix-v8-spread-parameters-in-optional-chaining': [ '7.22.15' ],
47 silly audit   '@babel/plugin-proposal-private-property-in-object': [ '7.21.0-placeholder-for-preset-env.2' ],
47 silly audit   '@babel/plugin-syntax-async-generators': [ '7.8.4' ],
47 silly audit   '@babel/plugin-syntax-class-properties': [ '7.12.13' ],
47 silly audit   '@babel/plugin-syntax-class-static-block': [ '7.14.5' ],
47 silly audit   '@babel/plugin-syntax-dynamic-import': [ '7.8.3' ],
47 silly audit   '@babel/plugin-syntax-export-namespace-from': [ '7.8.3' ],
47 silly audit   '@babel/plugin-syntax-import-assertions': [ '7.22.5' ],
47 silly audit   '@babel/plugin-syntax-import-attributes': [ '7.22.5' ],
47 silly audit   '@babel/plugin-syntax-import-meta': [ '7.10.4' ],
47 silly audit   '@babel/plugin-syntax-json-strings': [ '7.8.3' ],
47 silly audit   '@babel/plugin-syntax-jsx': [ '7.22.5' ],
47 silly audit   '@babel/plugin-syntax-logical-assignment-operators': [ '7.10.4' ],
47 silly audit   '@babel/plugin-syntax-nullish-coalescing-operator': [ '7.8.3' ],
47 silly audit   '@babel/plugin-syntax-numeric-separator': [ '7.10.4' ],
47 silly audit   '@babel/plugin-syntax-object-rest-spread': [ '7.8.3' ],
47 silly audit   '@babel/plugin-syntax-optional-catch-binding': [ '7.8.3' ],
47 silly audit   '@babel/plugin-syntax-optional-chaining': [ '7.8.3' ],
47 silly audit   '@babel/plugin-syntax-private-property-in-object': [ '7.14.5' ],
47 silly audit   '@babel/plugin-syntax-top-level-await': [ '7.14.5' ],
47 silly audit   '@babel/plugin-syntax-typescript': [ '7.22.5' ],
47 silly audit   '@babel/plugin-syntax-unicode-sets-regex': [ '7.18.6' ],
47 silly audit   '@babel/plugin-transform-arrow-functions': [ '7.22.5' ],
47 silly audit   '@babel/plugin-transform-async-generator-functions': [ '7.22.15' ],
47 silly audit   '@babel/plugin-transform-async-to-generator': [ '7.22.5' ],
47 silly audit   '@babel/plugin-transform-block-scoped-functions': [ '7.22.5' ],
47 silly audit   '@babel/plugin-transform-block-scoping': [ '7.23.0' ],
47 silly audit   '@babel/plugin-transform-class-properties': [ '7.22.5' ],
47 silly audit   '@babel/plugin-transform-class-static-block': [ '7.22.11' ],
47 silly audit   '@babel/plugin-transform-classes': [ '7.22.15' ],
47 silly audit   '@babel/plugin-transform-computed-properties': [ '7.22.5' ],
47 silly audit   '@babel/plugin-transform-destructuring': [ '7.23.0' ],
47 silly audit   '@babel/plugin-transform-dotall-regex': [ '7.22.5' ],
47 silly audit   '@babel/plugin-transform-duplicate-keys': [ '7.22.5' ],
47 silly audit   '@babel/plugin-transform-dynamic-import': [ '7.22.11' ],
47 silly audit   '@babel/plugin-transform-exponentiation-operator': [ '7.22.5' ],
47 silly audit   '@babel/plugin-transform-export-namespace-from': [ '7.22.11' ],
47 silly audit   '@babel/plugin-transform-for-of': [ '7.22.15' ],
47 silly audit   '@babel/plugin-transform-function-name': [ '7.22.5' ],
47 silly audit   '@babel/plugin-transform-json-strings': [ '7.22.11' ],
47 silly audit   '@babel/plugin-transform-literals': [ '7.22.5' ],
47 silly audit   '@babel/plugin-transform-logical-assignment-operators': [ '7.22.11' ],
47 silly audit   '@babel/plugin-transform-member-expression-literals': [ '7.22.5' ],
47 silly audit   '@babel/plugin-transform-modules-amd': [ '7.23.0' ],
47 silly audit   '@babel/plugin-transform-modules-commonjs': [ '7.23.0' ],
47 silly audit   '@babel/plugin-transform-modules-systemjs': [ '7.23.0' ],
47 silly audit   '@babel/plugin-transform-modules-umd': [ '7.22.5' ],
47 silly audit   '@babel/plugin-transform-named-capturing-groups-regex': [ '7.22.5' ],
47 silly audit   '@babel/plugin-transform-new-target': [ '7.22.5' ],
47 silly audit   '@babel/plugin-transform-nullish-coalescing-operator': [ '7.22.11' ],
47 silly audit   '@babel/plugin-transform-numeric-separator': [ '7.22.11' ],
47 silly audit   '@babel/plugin-transform-object-rest-spread': [ '7.22.15' ],
47 silly audit   '@babel/plugin-transform-object-super': [ '7.22.5' ],
47 silly audit   '@babel/plugin-transform-optional-catch-binding': [ '7.22.11' ],
47 silly audit   '@babel/plugin-transform-optional-chaining': [ '7.23.0' ],
47 silly audit   '@babel/plugin-transform-parameters': [ '7.22.15' ],
47 silly audit   '@babel/plugin-transform-private-methods': [ '7.22.5' ],
47 silly audit   '@babel/plugin-transform-private-property-in-object': [ '7.22.11' ],
47 silly audit   '@babel/plugin-transform-property-literals': [ '7.22.5' ],
47 silly audit   '@babel/plugin-transform-react-display-name': [ '7.22.5' ],
47 silly audit   '@babel/plugin-transform-react-jsx': [ '7.22.15' ],
47 silly audit   '@babel/plugin-transform-react-jsx-development': [ '7.22.5' ],
47 silly audit   '@babel/plugin-transform-react-pure-annotations': [ '7.22.5' ],
47 silly audit   '@babel/plugin-transform-regenerator': [ '7.22.10' ],
47 silly audit   '@babel/plugin-transform-reserved-words': [ '7.22.5' ],
47 silly audit   '@babel/plugin-transform-runtime': [ '7.22.15' ],
47 silly audit   '@babel/plugin-transform-shorthand-properties': [ '7.22.5' ],
47 silly audit   '@babel/plugin-transform-spread': [ '7.22.5' ],
47 silly audit   '@babel/plugin-transform-sticky-regex': [ '7.22.5' ],
47 silly audit   '@babel/plugin-transform-template-literals': [ '7.22.5' ],
47 silly audit   '@babel/plugin-transform-typeof-symbol': [ '7.22.5' ],
47 silly audit   '@babel/plugin-transform-typescript': [ '7.22.15' ],
47 silly audit   '@babel/plugin-transform-unicode-escapes': [ '7.22.10' ],
47 silly audit   '@babel/plugin-transform-unicode-property-regex': [ '7.22.5' ],
47 silly audit   '@babel/plugin-transform-unicode-regex': [ '7.22.5' ],
47 silly audit   '@babel/plugin-transform-unicode-sets-regex': [ '7.22.5' ],
47 silly audit   '@babel/preset-env': [ '7.22.20' ],
47 silly audit   '@babel/preset-modules': [ '0.1.6-no-external-plugins' ],
47 silly audit   '@babel/preset-react': [ '7.22.15' ],
47 silly audit   '@babel/preset-typescript': [ '7.23.0' ],
47 silly audit   '@babel/register': [ '7.22.15' ],
47 silly audit   '@babel/regjsgen': [ '0.8.0' ],
47 silly audit   '@babel/runtime': [ '7.23.1' ],
47 silly audit   '@babel/template': [ '7.22.15' ],
47 silly audit   '@babel/traverse': [ '7.23.2' ],
47 silly audit   '@babel/types': [ '7.23.0' ],
47 silly audit   '@emotion/babel-plugin': [ '11.11.0' ],
47 silly audit   'convert-source-map': [ '1.9.0', '2.0.0' ],
47 silly audit   'escape-string-regexp': [ '4.0.0', '1.0.5' ],
47 silly audit   '@emotion/cache': [ '11.11.0' ],
47 silly audit   '@emotion/hash': [ '0.9.1' ],
47 silly audit   '@emotion/is-prop-valid': [ '1.2.1' ],
47 silly audit   '@emotion/memoize': [ '0.8.1' ],
47 silly audit   '@emotion/react': [ '11.11.1' ],
47 silly audit   '@emotion/serialize': [ '1.1.2' ],
47 silly audit   '@emotion/sheet': [ '1.2.2' ],
47 silly audit   '@emotion/stylis': [ '0.8.5' ],
47 silly audit   '@emotion/use-insertion-effect-with-fallbacks': [ '1.0.1' ],
47 silly audit   '@emotion/utils': [ '1.2.1' ],
47 silly audit   '@emotion/weak-memoize': [ '0.3.1' ],
47 silly audit   '@floating-ui/core': [ '1.5.0' ],
47 silly audit   '@floating-ui/dom': [ '1.5.3' ],
47 silly audit   '@floating-ui/utils': [ '0.1.6' ],
47 silly audit   '@hello-pangea/dnd': [ '16.3.0' ],
47 silly audit   '@hypnosphi/create-react-context': [ '0.3.1' ],
47 silly audit   '@jridgewell/gen-mapping': [ '0.3.3' ],
47 silly audit   '@jridgewell/resolve-uri': [ '3.1.1' ],
47 silly audit   '@jridgewell/set-array': [ '1.1.2' ],
47 silly audit   '@jridgewell/source-map': [ '0.3.5' ],
47 silly audit   '@jridgewell/sourcemap-codec': [ '1.4.15' ],
47 silly audit   '@jridgewell/trace-mapping': [ '0.3.19' ],
47 silly audit   '@mapbox/node-pre-gyp': [ '1.0.11' ],
47 silly audit   'lru-cache': [ '6.0.0', '5.1.1', '8.0.5', '7.18.3' ],
47 silly audit   'make-dir': [ '3.1.0', '2.1.0' ],
47 silly audit   semver: [ '6.3.1', '7.5.4', '5.7.2' ],
47 silly audit   yallist: [ '4.0.0', '3.1.1' ],
47 silly audit   '@popperjs/core': [ '2.11.8' ],
47 silly audit   '@redux-devtools/extension': [ '3.2.5' ],
47 silly audit   '@remirror/core-constants': [ '2.0.2' ],
47 silly audit   '@remirror/core-helpers': [ '3.0.0' ],
47 silly audit   '@remirror/types': [ '1.0.1' ],
47 silly audit   '@remix-run/router': [ '1.9.0' ],
47 silly audit   '@rollup/plugin-babel': [ '6.0.4' ],
47 silly audit   '@rollup/plugin-commonjs': [ '24.1.0' ],
47 silly audit   '@rollup/plugin-inject': [ '5.0.4' ],
47 silly audit   '@rollup/plugin-json': [ '6.0.1' ],
47 silly audit   '@rollup/plugin-node-resolve': [ '15.2.3' ],
47 silly audit   '@rollup/plugin-replace': [ '5.0.3' ],
47 silly audit   '@rollup/plugin-terser': [ '0.4.4' ],
47 silly audit   '@rollup/pluginutils': [ '5.0.5' ],
47 silly audit   '@styled-system/background': [ '5.1.2' ],
47 silly audit   '@styled-system/border': [ '5.1.5' ],
47 silly audit   '@styled-system/color': [ '5.1.2' ],
47 silly audit   '@styled-system/core': [ '5.1.2' ],
47 silly audit   '@styled-system/css': [ '5.1.5' ],
47 silly audit   '@styled-system/flexbox': [ '5.1.2' ],
47 silly audit   '@styled-system/grid': [ '5.1.2' ],
47 silly audit   '@styled-system/layout': [ '5.1.2' ],
47 silly audit   '@styled-system/position': [ '5.1.2' ],
47 silly audit   '@styled-system/shadow': [ '5.1.2' ],
47 silly audit   '@styled-system/space': [ '5.1.2' ],
47 silly audit   '@styled-system/typography': [ '5.1.2' ],
47 silly audit   '@styled-system/variant': [ '5.1.5' ],
47 silly audit   '@tiptap/core': [ '2.0.1' ],
47 silly audit   '@tiptap/extension-blockquote': [ '2.1.11' ],
47 silly audit   '@tiptap/extension-bold': [ '2.1.11' ],
47 silly audit   '@tiptap/extension-bubble-menu': [ '2.0.1' ],
47 silly audit   '@tiptap/extension-bullet-list': [ '2.1.11' ],
47 silly audit   '@tiptap/extension-character-count': [ '2.0.1' ],
47 silly audit   '@tiptap/extension-code': [ '2.0.1' ],
47 silly audit   '@tiptap/extension-code-block': [ '2.1.11' ],
47 silly audit   '@tiptap/extension-document': [ '2.0.1' ],
47 silly audit   '@tiptap/extension-dropcursor': [ '2.1.11' ],
47 silly audit   '@tiptap/extension-floating-menu': [ '2.0.1' ],
47 silly audit   '@tiptap/extension-gapcursor': [ '2.1.11' ],
47 silly audit   '@tiptap/extension-hard-break': [ '2.1.11' ],
47 silly audit   '@tiptap/extension-heading': [ '2.0.1' ],
47 silly audit   '@tiptap/extension-history': [ '2.1.11' ],
47 silly audit   '@tiptap/extension-horizontal-rule': [ '2.1.11' ],
47 silly audit   '@tiptap/extension-image': [ '2.0.1' ],
47 silly audit   '@tiptap/extension-italic': [ '2.1.11' ],
47 silly audit   '@tiptap/extension-link': [ '2.0.1' ],
47 silly audit   '@tiptap/extension-list-item': [ '2.1.11' ],
47 silly audit   '@tiptap/extension-ordered-list': [ '2.1.11' ],
47 silly audit   '@tiptap/extension-paragraph': [ '2.1.11' ],
47 silly audit   '@tiptap/extension-strike': [ '2.1.11' ],
47 silly audit   '@tiptap/extension-table': [ '2.0.1' ],
47 silly audit   '@tiptap/extension-table-cell': [ '2.0.1' ],
47 silly audit   '@tiptap/extension-table-header': [ '2.0.1' ],
47 silly audit   '@tiptap/extension-table-row': [ '2.0.1' ],
47 silly audit   '@tiptap/extension-text': [ '2.0.1' ],
47 silly audit   '@tiptap/extension-text-align': [ '2.0.1' ],
47 silly audit   '@tiptap/extension-typography': [ '2.0.1' ],
47 silly audit   '@tiptap/pm': [ '2.0.1' ],
47 silly audit   '@tiptap/react': [ '2.0.1' ],
47 silly audit   '@tiptap/starter-kit': [ '2.0.1' ],
47 silly audit   '@types/async': [ '3.2.21' ],
47 silly audit   '@types/babel-core': [ '6.25.8' ],
47 silly audit   '@types/babel-generator': [ '6.25.6' ],
47 silly audit   '@types/babel-template': [ '6.25.3' ],
47 silly audit   '@types/babel-traverse': [ '6.25.8' ],
47 silly audit   '@types/babel-types': [ '7.0.12' ],
47 silly audit   '@types/babylon': [ '6.16.7' ],
47 silly audit   '@types/d3-array': [ '3.0.8' ],
47 silly audit   '@types/d3-color': [ '3.1.1' ],
47 silly audit   '@types/d3-ease': [ '3.0.0' ],
47 silly audit   '@types/d3-interpolate': [ '3.0.2' ],
47 silly audit   '@types/d3-path': [ '3.0.0' ],
47 silly audit   '@types/d3-scale': [ '4.0.5' ],
47 silly audit   '@types/d3-shape': [ '3.1.3' ],
47 silly audit   '@types/d3-time': [ '3.0.1' ],
47 silly audit   '@types/d3-timer': [ '3.0.0' ],
47 silly audit   '@types/estree': [ '1.0.2' ],
47 silly audit   '@types/hoist-non-react-statics': [ '3.3.2' ],
47 silly audit   '@types/node': [ '20.8.6' ],
47 silly audit   '@types/object.omit': [ '3.0.1' ],
47 silly audit   '@types/object.pick': [ '1.3.2' ],
47 silly audit   '@types/parse-json': [ '4.0.0' ],
47 silly audit   '@types/pg': [ '8.10.5' ],
47 silly audit   '@types/prop-types': [ '15.7.8' ],
47 silly audit   '@types/raf': [ '3.4.1' ],
47 silly audit   '@types/react': [ '18.2.28' ],
47 silly audit   '@types/react-transition-group': [ '4.4.7' ],
47 silly audit   '@types/resolve': [ '1.20.2' ],
47 silly audit   '@types/scheduler': [ '0.16.4' ],
47 silly audit   '@types/stylis': [ '4.2.1' ],
47 silly audit   '@types/throttle-debounce': [ '2.1.0' ],
47 silly audit   '@types/use-sync-external-store': [ '0.0.3' ],
47 silly audit   abbrev: [ '1.1.1' ],
47 silly audit   accepts: [ '1.3.8' ],
47 silly audit   acorn: [ '8.10.0' ],
47 silly audit   adminjs: [ '7.2.2' ],
47 silly audit   'agent-base': [ '6.0.2' ],
47 silly audit   'ansi-regex': [ '6.0.1', '5.0.1' ],
47 silly audit   'ansi-styles': [ '3.2.1' ],
47 silly audit   aproba: [ '2.0.0' ],
47 silly audit   'are-we-there-yet': [ '2.0.0' ],
47 silly audit   argparse: [ '2.0.1' ],
47 silly audit   'array-flatten': [ '1.1.1' ],
47 silly audit   'assert-options': [ '0.8.1' ],
47 silly audit   asynckit: [ '0.4.0' ],
47 silly audit   atob: [ '2.1.2' ],
47 silly audit   axios: [ '1.5.1' ],
47 silly audit   'babel-plugin-macros': [ '3.1.0' ],
47 silly audit   'babel-plugin-polyfill-corejs2': [ '0.4.5' ],
47 silly audit   'babel-plugin-polyfill-corejs3': [ '0.8.4' ],
47 silly audit   'babel-plugin-polyfill-regenerator': [ '0.5.2' ],
47 silly audit   'babel-plugin-styled-components': [ '2.1.4' ],
47 silly audit   'balanced-match': [ '1.0.2' ],
47 silly audit   'base64-arraybuffer': [ '1.0.2' ],
47 silly audit   'base64-js': [ '1.5.1' ],
47 silly audit   bcrypt: [ '5.1.1' ],
47 silly audit   bl: [ '5.1.0' ],
47 silly audit   'body-parser': [ '1.20.1' ],
47 silly audit   debug: [ '2.6.9', '4.3.4', '2.2.0', '2.1.0' ],
47 silly audit   ms: [ '2.0.0', '2.1.2', '0.7.1', '2.1.3', '0.6.2' ],
47 silly audit   'brace-expansion': [ '2.0.1', '1.1.11' ],
47 silly audit   browserslist: [ '4.22.1' ],
47 silly audit   btoa: [ '1.2.1' ],
47 silly audit   buffer: [ '6.0.3' ],
47 silly audit   'buffer-from': [ '1.1.2' ],
47 silly audit   'buffer-writer': [ '2.0.0' ],
47 silly audit   'builtin-modules': [ '3.3.0' ],
47 silly audit   bytes: [ '3.1.2' ],
47 silly audit   'call-bind': [ '1.0.2' ],
47 silly audit   callsites: [ '3.1.0' ],
47 silly audit   camelize: [ '1.0.1' ],
47 silly audit   'caniuse-lite': [ '1.0.30001547' ],
47 silly audit   canvg: [ '3.0.10' ],
47 silly audit   'regenerator-runtime': [ '0.13.11', '0.14.0' ],
47 silly audit   'case-anything': [ '2.1.13' ],
47 silly audit   chalk: [ '2.4.2', '5.3.0' ],
47 silly audit   chownr: [ '2.0.0' ],
47 silly audit   classnames: [ '2.3.2' ],
47 silly audit   'cli-cursor': [ '4.0.0' ],
47 silly audit   'cli-spinners': [ '2.9.1' ],
47 silly audit   clone: [ '1.0.4' ],
47 silly audit   'clone-deep': [ '4.0.1' ],
47 silly audit   'color-convert': [ '1.9.3' ],
47 silly audit   'color-name': [ '1.1.3' ],
47 silly audit   'color-support': [ '1.1.3' ],
47 silly audit   colorette: [ '2.0.19' ],
47 silly audit   'combined-stream': [ '1.0.8' ],
47 silly audit   commander: [ '10.0.1', '2.20.3' ],
47 silly audit   commondir: [ '1.0.1' ],
47 silly audit   'concat-map': [ '0.0.1' ],
47 silly audit   'connect-pg-simple': [ '9.0.0' ],
47 silly audit   'console-control-strings': [ '1.1.0' ],
47 silly audit   'content-disposition': [ '0.5.4' ],
47 silly audit   'content-type': [ '1.0.5' ],
47 silly audit   cookie: [ '0.5.0', '0.4.2' ],
47 silly audit   'cookie-signature': [ '1.0.6' ],
47 silly audit   'core-js': [ '3.33.0' ],
47 silly audit   'core-js-compat': [ '3.33.0' ],
47 silly audit   'core-util-is': [ '1.0.3' ],
47 silly audit   cosmiconfig: [ '7.1.0' ],
47 silly audit   crelt: [ '1.0.6' ],
47 silly audit   'cross-fetch': [ '3.1.6' ],
47 silly audit   'css-box-model': [ '1.2.1' ],
47 silly audit   'css-color-keywords': [ '1.0.0' ],
47 silly audit   'css-line-break': [ '2.1.0' ],
47 silly audit   'css-to-react-native': [ '3.2.0' ],
47 silly audit   cssfilter: [ '0.0.10' ],
47 silly audit   csstype: [ '3.1.2' ],
47 silly audit   'd3-array': [ '3.2.4' ],
47 silly audit   'd3-color': [ '3.1.0' ],
47 silly audit   'd3-ease': [ '3.0.1' ],
47 silly audit   'd3-format': [ '3.1.0' ],
47 silly audit   'd3-interpolate': [ '3.0.1' ],
47 silly audit   'd3-path': [ '3.1.0' ],
47 silly audit   'd3-scale': [ '4.0.2' ],
47 silly audit   'd3-shape': [ '3.2.0' ],
47 silly audit   'd3-time': [ '3.1.0' ],
47 silly audit   'd3-time-format': [ '4.1.0' ],
47 silly audit   'd3-timer': [ '3.0.1' ],
47 silly audit   'dash-get': [ '1.0.2' ],
47 silly audit   'date-fns': [ '2.30.0' ],
47 silly audit   'decimal.js-light': [ '2.5.1' ],
47 silly audit   deepmerge: [ '4.3.1' ],
47 silly audit   defaults: [ '1.0.4' ],
47 silly audit   'delayed-stream': [ '1.0.0' ],
47 silly audit   delegates: [ '1.0.0' ],
47 silly audit   denque: [ '2.1.0' ],
47 silly audit   depd: [ '2.0.0' ],
47 silly audit   destroy: [ '1.2.0' ],
47 silly audit   'detect-libc': [ '2.0.2' ],
47 silly audit   'dom-helpers': [ '5.2.1', '3.4.0' ],
47 silly audit   dompurify: [ '2.4.7' ],
47 silly audit   'ee-first': [ '1.1.1' ],
47 silly audit   'electron-to-chromium': [ '1.4.548' ],
47 silly audit   'emoji-regex': [ '8.0.0' ],
47 silly audit   encodeurl: [ '1.0.2' ],
47 silly audit   entities: [ '3.0.1' ],
47 silly audit   'error-ex': [ '1.3.2' ],
47 silly audit   escalade: [ '3.1.1' ],
47 silly audit   'escape-html': [ '1.0.3' ],
47 silly audit   esm: [ '3.2.25' ],
47 silly audit   'estree-walker': [ '2.0.2' ],
47 silly audit   esutils: [ '2.0.3' ],
47 silly audit   etag: [ '1.8.1' ],
47 silly audit   eventemitter3: [ '4.0.7' ],
47 silly audit   express: [ '4.18.2' ],
47 silly audit   'express-formidable': [ '1.2.0' ],
47 silly audit   'express-session': [ '1.17.3' ],
47 silly audit   'express-session-mysql': [ '0.4.3' ],
47 silly audit   'fast-deep-equal': [ '3.1.3' ],
47 silly audit   'fast-equals': [ '5.0.1' ],
47 silly audit   fflate: [ '0.4.8' ],
47 silly audit   finalhandler: [ '1.2.0' ],
47 silly audit   'find-cache-dir': [ '2.1.0' ],
47 silly audit   'find-root': [ '1.1.0' ],
47 silly audit   'find-up': [ '3.0.0' ],
47 silly audit   flat: [ '5.0.2' ],
47 silly audit   'follow-redirects': [ '1.15.3' ],
47 silly audit   'form-data': [ '4.0.0' ],
47 silly audit   formidable: [ '1.2.6' ],
47 silly audit   forwarded: [ '0.2.0' ],
47 silly audit   fresh: [ '0.5.2' ],
47 silly audit   'fs-minipass': [ '2.1.0' ],
47 silly audit   minipass: [ '3.3.6', '5.0.0' ],
47 silly audit   'fs.realpath': [ '1.0.0' ],
47 silly audit   fsevents: [ '2.3.3' ],
47 silly audit   'function-bind': [ '1.1.1' ],
47 silly audit   gauge: [ '3.0.2' ],
47 silly audit   'strip-ansi': [ '6.0.1', '7.1.0' ],
47 silly audit   'generate-function': [ '2.3.1' ],
47 silly audit   gensync: [ '1.0.0-beta.2' ],
47 silly audit   'get-intrinsic': [ '1.2.1' ],
47 silly audit   'get-package-type': [ '0.1.0' ],
47 silly audit   getopts: [ '2.3.0' ],
47 silly audit   glob: [ '8.1.0', '7.2.3' ],
47 silly audit   globals: [ '11.12.0' ],
47 silly audit   gud: [ '1.0.0' ],
47 silly audit   has: [ '1.0.4' ],
47 silly audit   'has-flag': [ '3.0.0' ],
47 silly audit   'has-proto': [ '1.0.1' ],
47 silly audit   'has-symbols': [ '1.0.3' ],
47 silly audit   'has-unicode': [ '2.0.1' ],
47 silly audit   'hoist-non-react-statics': [ '3.3.2' ],
47 silly audit   'react-is': [ '16.13.1', '18.2.0' ],
47 silly audit   'html-parse-stringify': [ '3.0.1' ],
47 silly audit   html2canvas: [ '1.4.1' ],
47 silly audit   'http-errors': [ '2.0.0' ],
47 silly audit   'https-proxy-agent': [ '5.0.1' ],
47 silly audit   i18next: [ '22.5.1' ],
47 silly audit   'i18next-browser-languagedetector': [ '7.1.0' ],
47 silly audit   'i18next-http-backend': [ '2.2.2' ],
47 silly audit   'iconv-lite': [ '0.4.24', '0.6.3' ],
47 silly audit   ieee754: [ '1.2.1' ],
47 silly audit   immutable: [ '4.3.4' ],
47 silly audit   'import-fresh': [ '3.3.0' ],
47 silly audit   'resolve-from': [ '4.0.0', '5.0.0' ],
47 silly audit   inflight: [ '1.0.6' ],
47 silly audit   inherits: [ '2.0.4' ],
47 silly audit   internmap: [ '2.0.3' ],
47 silly audit   interpret: [ '2.2.0' ],
47 silly audit   'ipaddr.js': [ '1.9.1' ],
47 silly audit   'is-arrayish': [ '0.2.1' ],
47 silly audit   'is-builtin-module': [ '3.2.1' ],
47 silly audit   'is-core-module': [ '2.13.0' ],
47 silly audit   'is-extendable': [ '1.0.1' ],
47 silly audit   'is-fullwidth-code-point': [ '3.0.0' ],
47 silly audit   'is-interactive': [ '2.0.0' ],
47 silly audit   'is-module': [ '1.0.0' ],
47 silly audit   'is-plain-object': [ '2.0.4' ],
47 silly audit   'is-property': [ '1.0.2' ],
47 silly audit   'is-reference': [ '1.2.1' ],
47 silly audit   'is-unicode-supported': [ '1.3.0' ],
47 silly audit   isarray: [ '0.0.1' ],
47 silly audit   isobject: [ '3.0.1' ],
47 silly audit   'js-tokens': [ '4.0.0' ],
47 silly audit   jsesc: [ '2.5.2', '0.5.0' ],
47 silly audit   'json-parse-even-better-errors': [ '2.3.1' ],
47 silly audit   json5: [ '2.2.3' ],
47 silly audit   jspdf: [ '2.5.1' ],
47 silly audit   'jw-paginate': [ '1.0.4' ],
47 silly audit   'kind-of': [ '6.0.3' ],
47 silly audit   knex: [ '2.5.1' ],
47 silly audit   'lines-and-columns': [ '1.2.4' ],
47 silly audit   'linkify-it': [ '4.0.1' ],
47 silly audit   linkifyjs: [ '4.1.1' ],
47 silly audit   'locate-path': [ '3.0.0' ],
47 silly audit   lodash: [ '4.17.21' ],
47 silly audit   'lodash.debounce': [ '4.0.8' ],
47 silly audit   'lodash.memoize': [ '4.1.2' ],
47 silly audit   'lodash.reduce': [ '4.6.0' ],
47 silly audit   'lodash.startswith': [ '4.2.1' ],
47 silly audit   'log-symbols': [ '5.1.0' ],
47 silly audit   long: [ '5.2.3' ],
47 silly audit   'loose-envify': [ '1.4.0' ],
47 silly audit   'magic-string': [ '0.27.0' ],
47 silly audit   'make-error': [ '1.3.6' ],
47 silly audit   'markdown-it': [ '13.0.2' ],
47 silly audit   mdurl: [ '1.0.1' ],
47 silly audit   'media-typer': [ '0.3.0' ],
47 silly audit   'memoize-one': [ '6.0.0' ],
47 silly audit   'merge-descriptors': [ '1.0.1' ],
47 silly audit   methods: [ '1.1.2' ],
47 silly audit   mime: [ '1.6.0' ],
47 silly audit   'mime-db': [ '1.52.0' ],
47 silly audit   'mime-types': [ '2.1.35' ],
47 silly audit   'mimic-fn': [ '2.1.0' ],
47 silly audit   minimatch: [ '5.1.6', '3.1.2' ],
47 silly audit   minizlib: [ '2.1.2' ],
47 silly audit   mkdirp: [ '1.0.4' ],
47 silly audit   'mysql-connection-manager': [ '0.0.9' ],
47 silly audit   'bignumber.js': [ '1.4.1' ],
47 silly audit   mysql: [ '2.5.3' ],
47 silly audit   'readable-stream': [ '1.1.14', '3.6.2' ],
47 silly audit   string_decoder: [ '0.10.31', '1.3.0' ],
47 silly audit   mysql2: [ '3.6.1' ],
47 silly audit   'named-placeholders': [ '1.1.3' ],
47 silly audit   nanoid: [ '3.3.6' ],
47 silly audit   negotiator: [ '0.6.3' ],
47 silly audit   'node-addon-api': [ '5.1.0' ],
47 silly audit   'node-fetch': [ '2.7.0' ],
47 silly audit   'node-releases': [ '2.0.13' ],
47 silly audit   nopt: [ '5.0.0' ],
47 silly audit   npmlog: [ '5.0.1' ],
47 silly audit   'object-assign': [ '4.1.1' ],
47 silly audit   'object-inspect': [ '1.12.3' ],
47 silly audit   'object.omit': [ '3.0.0' ],
47 silly audit   'object.pick': [ '1.3.0' ],
47 silly audit   obuf: [ '1.1.2' ],
47 silly audit   'on-finished': [ '2.4.1' ],
47 silly audit   'on-headers': [ '1.0.2' ],
47 silly audit   once: [ '1.4.0' ],
47 silly audit   onetime: [ '5.1.2' ],
47 silly audit   ora: [ '6.3.1' ],
47 silly audit   orderedmap: [ '2.1.1' ],
47 silly audit   'p-limit': [ '2.3.0' ],
47 silly audit   'p-locate': [ '3.0.0' ],
47 silly audit   'p-try': [ '2.2.0' ],
47 silly audit   'packet-reader': [ '1.0.0' ],
47 silly audit   'parent-module': [ '1.0.1' ],
47 silly audit   'parse-json': [ '5.2.0' ],
47 silly audit   parseurl: [ '1.3.3' ],
47 silly audit   'path-exists': [ '3.0.0' ],
47 silly audit   'path-is-absolute': [ '1.0.1' ],
47 silly audit   'path-parse': [ '1.0.7' ],
47 silly audit   'path-to-regexp': [ '0.1.7' ],
47 silly audit   'path-type': [ '4.0.0' ],
47 silly audit   'performance-now': [ '2.1.0' ],
47 silly audit   pg: [ '8.11.3' ],
47 silly audit   'pg-cloudflare': [ '1.1.1' ],
47 silly audit   'pg-connection-string': [ '2.6.1', '2.6.2' ],
47 silly audit   'pg-int8': [ '1.0.1' ],
47 silly audit   'pg-minify': [ '1.6.3' ],
47 silly audit   'pg-numeric': [ '1.0.2' ],
47 silly audit   'pg-pool': [ '3.6.1' ],
47 silly audit   'pg-promise': [ '11.5.4' ],
47 silly audit   'pg-protocol': [ '1.6.0' ],
47 silly audit   'pg-types': [ '4.0.1', '2.2.0' ],
47 silly audit   'postgres-array': [ '2.0.0', '3.0.2' ],
47 silly audit   'postgres-bytea': [ '1.0.0', '3.0.0' ],
47 silly audit   'postgres-date': [ '1.0.7', '2.0.1' ],
47 silly audit   'postgres-interval': [ '1.2.0', '3.0.0' ],
47 silly audit   pgpass: [ '1.0.5' ],
47 silly audit   picocolors: [ '1.0.0' ],
47 silly audit   picomatch: [ '2.3.1' ],
47 silly audit   pify: [ '4.0.1' ],
47 silly audit   pirates: [ '4.0.6' ],
47 silly audit   'pkg-dir': [ '3.0.0' ],
47 silly audit   polished: [ '4.2.2' ],
47 silly audit   postcss: [ '8.4.31' ],
47 silly audit   'postcss-value-parser': [ '4.2.0' ],
47 silly audit   'postgres-range': [ '1.1.3' ],
47 silly audit   'prop-types': [ '15.8.1' ],
47 silly audit   'prosemirror-changeset': [ '2.2.1' ],
47 silly audit   'prosemirror-collab': [ '1.3.1' ],
47 silly audit   'prosemirror-commands': [ '1.5.2' ],
47 silly audit   'prosemirror-dropcursor': [ '1.8.1' ],
47 silly audit   'prosemirror-gapcursor': [ '1.3.2' ],
47 silly audit   'prosemirror-history': [ '1.3.2' ],
47 silly audit   'prosemirror-inputrules': [ '1.2.1' ],
47 silly audit   'prosemirror-keymap': [ '1.2.2' ],
47 silly audit   'prosemirror-markdown': [ '1.11.2' ],
47 silly audit   'prosemirror-menu': [ '1.2.4' ],
47 silly audit   'prosemirror-model': [ '1.19.3' ],
47 silly audit   'prosemirror-schema-basic': [ '1.2.2' ],
47 silly audit   'prosemirror-schema-list': [ '1.3.0' ],
47 silly audit   'prosemirror-state': [ '1.4.3' ],
47 silly audit   'prosemirror-tables': [ '1.3.4' ],
47 silly audit   'prosemirror-trailing-node': [ '2.0.7' ],
47 silly audit   'prosemirror-transform': [ '1.8.0' ],
47 silly audit   'prosemirror-view': [ '1.32.0' ],
47 silly audit   'proxy-addr': [ '2.0.7' ],
47 silly audit   'proxy-from-env': [ '1.1.0' ],
47 silly audit   punycode: [ '2.3.0' ],
47 silly audit   qs: [ '6.11.0' ],
47 silly audit   raf: [ '3.4.1' ],
47 silly audit   'raf-schd': [ '4.0.3' ],
47 silly audit   'random-bytes': [ '1.0.0' ],
47 silly audit   randombytes: [ '2.1.0' ],
47 silly audit   'range-parser': [ '1.2.1' ],
47 silly audit   'raw-body': [ '2.5.1' ],
47 silly audit   react: [ '18.2.0' ],
47 silly audit   'react-currency-input-field': [ '3.6.11' ],
47 silly audit   'react-datepicker': [ '4.20.0' ],
47 silly audit   'react-dom': [ '18.2.0' ],
47 silly audit   'react-fast-compare': [ '3.2.2' ],
47 silly audit   'react-feather': [ '2.0.10' ],
47 silly audit   'react-i18next': [ '12.3.1' ],
47 silly audit   'react-lifecycles-compat': [ '3.0.4' ],
47 silly audit   'react-onclickoutside': [ '6.13.0' ],
47 silly audit   'react-phone-input-2': [ '2.15.1' ],
47 silly audit   'react-popper': [ '2.3.0' ],
47 silly audit   'react-redux': [ '8.1.3' ],
47 silly audit   'react-resize-detector': [ '8.1.0' ],
47 silly audit   'react-router': [ '6.16.0' ],
47 silly audit   'react-router-dom': [ '6.16.0' ],
47 silly audit   'react-select': [ '5.7.7' ],
47 silly audit   'react-smooth': [ '2.0.5' ],
47 silly audit   'react-transition-group': [ '2.9.0', '4.4.5' ],
47 silly audit   'react-text-mask': [ '5.5.0' ],
47 silly audit   recharts: [ '2.9.0' ],
47 silly audit   'recharts-scale': [ '0.4.5' ],
47 silly audit   rechoir: [ '0.8.0' ],
47 silly audit   redux: [ '4.2.1' ],
47 silly audit   regenerate: [ '1.4.2' ],
47 silly audit   'regenerate-unicode-properties': [ '10.1.1' ],
47 silly audit   'regenerator-transform': [ '0.15.2' ],
47 silly audit   'regexpu-core': [ '5.3.2' ],
47 silly audit   regjsparser: [ '0.9.1' ],
47 silly audit   'require-all': [ '0.0.8' ],
47 silly audit   resolve: [ '1.22.6' ],
47 silly audit   'restore-cursor': [ '4.0.0' ],
47 silly audit   rgbcolor: [ '1.0.1' ],
47 silly audit   rimraf: [ '3.0.2' ],
47 silly audit   rollup: [ '3.29.4' ],
47 silly audit   'rollup-plugin-polyfill-node': [ '0.12.0' ],
47 silly audit   'rope-sequence': [ '1.3.4' ],
47 silly audit   'safe-buffer': [ '5.2.1' ],
47 silly audit   'safer-buffer': [ '2.1.2' ],
47 silly audit   scheduler: [ '0.23.0' ],
47 silly audit   send: [ '0.18.0' ],
47 silly audit   'seq-queue': [ '0.0.5' ],
47 silly audit   'serialize-javascript': [ '6.0.1' ],
47 silly audit   'serve-static': [ '1.15.0' ],
47 silly audit   'set-blocking': [ '2.0.0' ],
47 silly audit   setprototypeof: [ '1.2.0' ],
47 silly audit   'shallow-clone': [ '3.0.1' ],
47 silly audit   shallowequal: [ '1.1.0' ],
47 silly audit   'side-channel': [ '1.0.4' ],
47 silly audit   'signal-exit': [ '3.0.7' ],
47 silly audit   slash: [ '5.1.0' ],
47 silly audit   smob: [ '1.4.1' ],
47 silly audit   'source-map': [ '0.5.7', '0.6.1' ],
47 silly audit   'source-map-js': [ '1.0.2' ],
47 silly audit   'source-map-support': [ '0.5.21' ],
47 silly audit   spex: [ '3.3.0' ],
47 silly audit   split2: [ '4.2.0' ],
47 silly audit   sqlstring: [ '2.3.3' ],
47 silly audit   'stackblur-canvas': [ '2.6.0' ],
47 silly audit   statuses: [ '2.0.1' ],
47 silly audit   'stdin-discarder': [ '0.1.0' ],
47 silly audit   'string-width': [ '4.2.3' ],
47 silly audit   stylis: [ '4.3.0', '4.2.0' ],
47 silly audit   'styled-system': [ '5.1.5' ],
47 silly audit   'supports-color': [ '5.5.0' ],
47 silly audit   'supports-preserve-symlinks-flag': [ '1.0.0' ],
47 silly audit   'svg-pathdata': [ '6.0.3' ],
47 silly audit   tar: [ '6.2.0' ],
47 silly audit   tarn: [ '3.0.2' ],
47 silly audit   terser: [ '5.21.0' ],
47 silly audit   'text-mask-addons': [ '3.8.0' ],
47 silly audit   'text-segmentation': [ '1.0.3' ],
47 silly audit   'throttle-debounce': [ '3.0.1' ],
47 silly audit   tildify: [ '2.0.0' ],
47 silly audit   'tiny-invariant': [ '1.3.1' ],
47 silly audit   'tippy.js': [ '6.3.7' ],
47 silly audit   'to-fast-properties': [ '2.0.0' ],
47 silly audit   toidentifier: [ '1.0.1' ],
47 silly audit   tr46: [ '0.0.3' ],
47 silly audit   tslib: [ '2.6.2' ],
47 silly audit   'type-fest': [ '2.19.0' ],
47 silly audit   'type-is': [ '1.6.18' ],
47 silly audit   'uc.micro': [ '1.0.6' ],
47 silly audit   'uid-safe': [ '2.1.5' ],
47 silly audit   'undici-types': [ '5.25.3' ],
47 silly audit   'unicode-canonical-property-names-ecmascript': [ '2.0.0' ],
47 silly audit   'unicode-match-property-ecmascript': [ '2.0.0' ],
47 silly audit   'unicode-match-property-value-ecmascript': [ '2.1.0' ],
47 silly audit   'unicode-property-aliases-ecmascript': [ '2.1.0' ],
47 silly audit   unpipe: [ '1.0.0' ],
47 silly audit   'update-browserslist-db': [ '1.0.13' ],
47 silly audit   'use-isomorphic-layout-effect': [ '1.1.2' ],
47 silly audit   'use-memo-one': [ '1.1.3' ],
47 silly audit   'use-sync-external-store': [ '1.2.0' ],
47 silly audit   'util-deprecate': [ '1.0.2' ],
47 silly audit   'utils-merge': [ '1.0.1' ],
47 silly audit   utrie: [ '1.0.2' ],
47 silly audit   uuid: [ '9.0.1' ],
47 silly audit   vary: [ '1.1.2' ],
47 silly audit   'victory-vendor': [ '36.6.11' ],
47 silly audit   'void-elements': [ '3.1.0' ],
47 silly audit   'w3c-keyname': [ '2.2.8' ],
47 silly audit   warning: [ '4.0.3' ],
47 silly audit   wcwidth: [ '1.0.1' ],
47 silly audit   'webidl-conversions': [ '3.0.1' ],
47 silly audit   'whatwg-url': [ '5.0.0' ],
47 silly audit   'wide-align': [ '1.1.5' ],
47 silly audit   wrappy: [ '1.0.2' ],
47 silly audit   xss: [ '1.0.14' ],
47 silly audit   xtend: [ '4.0.2' ],
47 silly audit   yaml: [ '1.10.2' ]
47 silly audit }
48 verbose reify failed optional dependency /home/ubuntu/node_modules/fsevents
49 silly reify mark deleted [ '/home/ubuntu/node_modules/fsevents' ]
50 timing reifyNode:node_modules/fsevents Completed in 47ms
51 timing reify:unpack Completed in 47ms
52 timing reify:unretire Completed in 0ms
53 timing build:queue Completed in 9ms
54 timing build:deps Completed in 9ms
55 timing build Completed in 9ms
56 timing reify:build Completed in 10ms
57 timing reify:trash Completed in 2ms
58 timing reify:save Completed in 421ms
59 http fetch POST 200 https://registry.npmjs.org/-/npm/v1/security/advisories/bulk 702ms
60 timing auditReport:getReport Completed in 720ms
61 silly audit report {
61 silly audit report   debug: [
61 silly audit report     {
61 silly audit report       id: 1094222,
61 silly audit report       url: 'https://github.com/advisories/GHSA-gxpj-cx7g-858c',
61 silly audit report       title: 'Regular Expression Denial of Service in debug',
61 silly audit report       severity: 'moderate',
61 silly audit report       vulnerable_versions: '<2.6.9',
61 silly audit report       cwe: [Array],
61 silly audit report       cvss: [Object]
61 silly audit report     },
61 silly audit report     {
61 silly audit report       id: 1094422,
61 silly audit report       url: 'https://github.com/advisories/GHSA-9vvw-cc9w-f27h',
61 silly audit report       title: 'debug Inefficient Regular Expression Complexity vulnerability',
61 silly audit report       severity: 'high',
61 silly audit report       vulnerable_versions: '<2.6.9',
61 silly audit report       cwe: [Array],
61 silly audit report       cvss: [Object]
61 silly audit report     }
61 silly audit report   ],
61 silly audit report   ms: [
61 silly audit report     {
61 silly audit report       id: 1092253,
61 silly audit report       url: 'https://github.com/advisories/GHSA-3fx5-fwvr-xrjg',
61 silly audit report       title: 'Regular Expression Denial of Service in ms',
61 silly audit report       severity: 'high',
61 silly audit report       vulnerable_versions: '<0.7.1',
61 silly audit report       cwe: [Array],
61 silly audit report       cvss: [Object]
61 silly audit report     },
61 silly audit report     {
61 silly audit report       id: 1094419,
61 silly audit report       url: 'https://github.com/advisories/GHSA-w9mr-4mfr-499f',
61 silly audit report       title: 'Vercel ms Inefficient Regular Expression Complexity vulnerability',
61 silly audit report       severity: 'moderate',
61 silly audit report       vulnerable_versions: '<2.0.0',
61 silly audit report       cwe: [Array],
61 silly audit report       cvss: [Object]
61 silly audit report     }
61 silly audit report   ],
61 silly audit report   mysql: [
61 silly audit report     {
61 silly audit report       id: 1088014,
61 silly audit report       url: 'https://github.com/advisories/GHSA-5f7m-mmpc-qhh4',
61 silly audit report       title: 'mysql Node.JS Module Vulnerable to Remote Memory Exposure',
61 silly audit report       severity: 'moderate',
61 silly audit report       vulnerable_versions: '>=2.0.0-alpha8 <2.14.0',
61 silly audit report       cwe: [Array],
61 silly audit report       cvss: [Object]
61 silly audit report     }
61 silly audit report   ]
61 silly audit report }
62 timing metavuln:cache:get:security-advisory:debug:EpKwg5cjLAmTkl50ymXNYvQtZDn2bySyEwW/1w9PnRi0sMm/XayDZnA+GeBpBrkRddRNlhhr+fzEMUvGII7YaQ== Completed in 19ms
63 timing metavuln:cache:get:security-advisory:debug:i01Q8pHZhS5gdLtFKLfZCfZsHV/rrZAOM8It2yKHJZ9WJV9X3djgkjkGGbBnLQUzorGGvuEvC7G32vr1mrRg0Q== Completed in 16ms
64 timing metavuln:cache:get:security-advisory:ms:7JhkkVvMewxQyJNnp1XV4jJJrWm/oTV0CPbCSSWhHxRMdn9zhJ9Iz2+zs6DIr+x+LsEZbCN+r8tqqD4e/DLcMg== Completed in 16ms
65 timing metavuln:cache:get:security-advisory:ms:lRkwPXso2hhWj1PifuL3y93xU8G9YCFpC0ATu7pNDG2BKGKVSNFxoSrVWP3C6op2wRSOKr+NW9y50XXpJ3DH6A== Completed in 16ms
66 timing metavuln:cache:get:security-advisory:mysql:3u4Y283GvsKtc4nTMeKiIT2+WRXiNxyybM66cpR+in7oY5oZ4F1n35gY2CVcFZzwIjnNG//ETzWLxF/Ebog29w== Completed in 16ms
67 http fetch GET 200 https://registry.npmjs.org/debug 28ms (cache hit)
68 timing metavuln:packument:debug Completed in 31ms
69 timing metavuln:load:security-advisory:debug:1094222 Completed in 1ms
70 timing metavuln:calculate:security-advisory:debug:1094222 Completed in 34ms
71 timing metavuln:load:security-advisory:debug:1094422 Completed in 0ms
72 timing metavuln:calculate:security-advisory:debug:1094422 Completed in 31ms
73 http fetch GET 200 https://registry.npmjs.org/ms 31ms (cache hit)
74 timing metavuln:packument:ms Completed in 32ms
75 timing metavuln:load:security-advisory:ms:1092253 Completed in 0ms
76 timing metavuln:calculate:security-advisory:ms:1092253 Completed in 33ms
77 timing metavuln:load:security-advisory:ms:1094419 Completed in 0ms
78 timing metavuln:calculate:security-advisory:ms:1094419 Completed in 32ms
79 http fetch GET 200 https://registry.npmjs.org/mysql 31ms (cache hit)
80 timing metavuln:packument:mysql Completed in 34ms
81 timing metavuln:load:security-advisory:mysql:1088014 Completed in 0ms
82 timing metavuln:calculate:security-advisory:mysql:1088014 Completed in 34ms
83 timing metavuln:cache:get:security-advisory:express-session-mysql:BNevJCYc9EEpqxHwanuhI4MLfrfn/2ghvPNQC5ebbEOpjjLvIbxPaZ/fvTGjVokC2w6dDaiGaCLObcbt7p0gjw== Completed in 5ms
84 timing metavuln:cache:get:security-advisory:mysql-connection-manager:y/Bc/VlDawjz1im2v3PPqs5sgI94OOFw5d5/+KaBoodWto/kaR4gt4GhDL3IfbYQR1zXcbmL2+XQPsxs/KZAVQ== Completed in 4ms
85 http fetch GET 200 https://registry.npmjs.org/express-session-mysql 7ms (cache hit)
86 timing metavuln:packument:express-session-mysql Completed in 9ms
87 timing metavuln:load:security-advisory:express-session-mysql:EpKwg5cjLAmTkl50ymXNYvQtZDn2bySyEwW/1w9PnRi0sMm/XayDZnA+GeBpBrkRddRNlhhr+fzEMUvGII7YaQ== Completed in 0ms
88 timing metavuln:calculate:security-advisory:express-session-mysql:EpKwg5cjLAmTkl50ymXNYvQtZDn2bySyEwW/1w9PnRi0sMm/XayDZnA+GeBpBrkRddRNlhhr+fzEMUvGII7YaQ== Completed in 9ms
89 http fetch GET 200 https://registry.npmjs.org/mysql-connection-manager 7ms (cache hit)
90 timing metavuln:packument:mysql-connection-manager Completed in 9ms
91 timing metavuln:load:security-advisory:mysql-connection-manager:EpKwg5cjLAmTkl50ymXNYvQtZDn2bySyEwW/1w9PnRi0sMm/XayDZnA+GeBpBrkRddRNlhhr+fzEMUvGII7YaQ== Completed in 0ms
92 timing metavuln:calculate:security-advisory:mysql-connection-manager:EpKwg5cjLAmTkl50ymXNYvQtZDn2bySyEwW/1w9PnRi0sMm/XayDZnA+GeBpBrkRddRNlhhr+fzEMUvGII7YaQ== Completed in 9ms
93 timing metavuln:cache:get:security-advisory:debug:7l7mMmAV3Hpwmd9JajsMdMojgEJiA6P+bvaIOJYp6fbr9eJEblGgkgw/0JtCr3hF7B9gyGeX/34aV9xBob2unw== Completed in 1ms
94 timing metavuln:load:security-advisory:debug:7JhkkVvMewxQyJNnp1XV4jJJrWm/oTV0CPbCSSWhHxRMdn9zhJ9Iz2+zs6DIr+x+LsEZbCN+r8tqqD4e/DLcMg== Completed in 0ms
95 timing metavuln:calculate:security-advisory:debug:7JhkkVvMewxQyJNnp1XV4jJJrWm/oTV0CPbCSSWhHxRMdn9zhJ9Iz2+zs6DIr+x+LsEZbCN+r8tqqD4e/DLcMg== Completed in 1ms
96 timing metavuln:cache:get:security-advisory:debug:LoJ6loxaIypRwIYp7DxJNhNvF/S+L3GsA/4IB1nVZzVERfQkhyyTsxAuoTEGt7sFEohAYnzxvg/x/bDu1424Hw== Completed in 0ms
97 timing metavuln:load:security-advisory:debug:lRkwPXso2hhWj1PifuL3y93xU8G9YCFpC0ATu7pNDG2BKGKVSNFxoSrVWP3C6op2wRSOKr+NW9y50XXpJ3DH6A== Completed in 1ms
98 timing metavuln:calculate:security-advisory:debug:lRkwPXso2hhWj1PifuL3y93xU8G9YCFpC0ATu7pNDG2BKGKVSNFxoSrVWP3C6op2wRSOKr+NW9y50XXpJ3DH6A== Completed in 1ms
99 timing metavuln:cache:get:security-advisory:mysql-connection-manager:oAYt4ZASH0UO7ViTaLqeCuZVRSz9iHnJJ3/hjS8Yeb+oI8KREi0e+uR2GWywnAq+3QCVa8t9kZvnvqn+ZMJNJw== Completed in 1ms
100 timing metavuln:load:security-advisory:mysql-connection-manager:3u4Y283GvsKtc4nTMeKiIT2+WRXiNxyybM66cpR+in7oY5oZ4F1n35gY2CVcFZzwIjnNG//ETzWLxF/Ebog29w== Completed in 0ms
101 timing metavuln:calculate:security-advisory:mysql-connection-manager:3u4Y283GvsKtc4nTMeKiIT2+WRXiNxyybM66cpR+in7oY5oZ4F1n35gY2CVcFZzwIjnNG//ETzWLxF/Ebog29w== Completed in 1ms
102 timing metavuln:cache:get:security-advisory:express-session-mysql:0YiyjanWGBHuc3UnyHthGBSfmTBSR6NZWufJDOXBYsgV02p87MVrRI37IjauHI3wk2VdjnN9LkgiElGw82lWnw== Completed in 2ms
103 timing metavuln:load:security-advisory:express-session-mysql:y/Bc/VlDawjz1im2v3PPqs5sgI94OOFw5d5/+KaBoodWto/kaR4gt4GhDL3IfbYQR1zXcbmL2+XQPsxs/KZAVQ== Completed in 1ms
104 timing metavuln:calculate:security-advisory:express-session-mysql:y/Bc/VlDawjz1im2v3PPqs5sgI94OOFw5d5/+KaBoodWto/kaR4gt4GhDL3IfbYQR1zXcbmL2+XQPsxs/KZAVQ== Completed in 3ms
105 timing auditReport:init Completed in 60ms
106 timing reify:audit Completed in 781ms
107 timing reify Completed in 2202ms
108 silly ADD
109 timing command:uninstall Completed in 2223ms
110 verbose exit 0
111 timing npm Completed in 2483ms
112 info ok
