0 verbose cli /usr/local/bin/node /home/ubuntu/.c9/dependencies/node18-linux-x64/29464ded064f0ff9d852d16001e84a5d5a7439136b832669f5b4fb3c064f311ab39a4b96564565e6996af05ddc6a0a19458ea9c732d2c7ca9e9a9c29e5b8ad5e/bin/npm
1 info using npm@9.5.1
2 info using node@v18.18.0
3 timing npm:load:whichnode Completed in 8ms
4 timing config:load:defaults Completed in 2ms
5 timing config:load:file:/home/ubuntu/.c9/dependencies/node18-linux-x64/29464ded064f0ff9d852d16001e84a5d5a7439136b832669f5b4fb3c064f311ab39a4b96564565e6996af05ddc6a0a19458ea9c732d2c7ca9e9a9c29e5b8ad5e/lib/node_modules/npm/npmrc Completed in 1ms
6 timing config:load:builtin Completed in 1ms
7 timing config:load:cli Completed in 19ms
8 timing config:load:env Completed in 0ms
9 timing config:load:file:/home/ubuntu/.cache/typescript/3.7/.npmrc Completed in 0ms
10 timing config:load:project Completed in 15ms
11 timing config:load:file:/home/ubuntu/.npmrc Completed in 0ms
12 timing config:load:user Completed in 1ms
13 timing config:load:file:/usr/local/etc/npmrc Completed in 7ms
14 timing config:load:global Completed in 7ms
15 timing config:load:setEnvs Completed in 2ms
16 timing config:load Completed in 48ms
17 timing npm:load:configload Completed in 48ms
18 timing npm:load:mkdirpcache Completed in 1ms
19 timing npm:load:mkdirplogs Completed in 0ms
20 verbose title npm install types-registry@latest
21 verbose argv "install" "--ignore-scripts" "types-registry@latest"
22 timing npm:load:setTitle Completed in 2ms
23 timing config:load:flatten Completed in 5ms
24 timing npm:load:display Completed in 12ms
25 verbose logfile logs-max:10 dir:/home/ubuntu/.npm/_logs/2023-10-18T15_44_22_835Z-
26 verbose logfile /home/ubuntu/.npm/_logs/2023-10-18T15_44_22_835Z-debug-0.log
27 timing npm:load:logFile Completed in 11ms
28 timing npm:load:timers Completed in 0ms
29 timing npm:load:configScope Completed in 0ms
30 timing npm:load Completed in 83ms
31 timing arborist:ctor Completed in 4ms
32 silly logfile start cleaning logs, removing 1 files
33 silly logfile done cleaning log files
34 timing idealTree:init Completed in 37ms
35 timing arborist:ctor Completed in 0ms
36 http fetch GET 200 https://registry.npmjs.org/types-registry 53ms (cache hit)
37 timing idealTree:userRequests Completed in 81ms
38 silly idealTree buildDeps
39 silly fetch manifest types-registry@0.1.665
40 silly placeDep ROOT types-registry@0.1.665 REPLACE for:  want: 0.1.665
41 timing idealTree:#root Completed in 19ms
42 timing idealTree:node_modules/types-registry Completed in 0ms
43 timing idealTree:buildDeps Completed in 20ms
44 timing idealTree:fixDepFlags Completed in 1ms
45 timing idealTree Completed in 140ms
46 timing reify:loadTrees Completed in 142ms
47 timing reify:diffTrees Completed in 2ms
48 silly reify moves {}
49 timing reify:retireShallow Completed in 2ms
50 timing reify:createSparse Completed in 0ms
51 timing reify:loadBundles Completed in 0ms
52 silly audit bulk request { 'types-registry': [ '0.1.665' ] }
53 timing reify:unpack Completed in 3ms
54 timing reify:unretire Completed in 0ms
55 timing build:queue Completed in 0ms
56 timing build:deps Completed in 0ms
57 timing build Completed in 0ms
58 timing reify:build Completed in 1ms
59 timing reify:trash Completed in 0ms
60 timing reify:save Completed in 67ms
61 http fetch POST 200 https://registry.npmjs.org/-/npm/v1/security/advisories/bulk 270ms
62 timing auditReport:getReport Completed in 272ms
63 silly audit report {}
64 timing auditReport:init Completed in 0ms
65 timing reify:audit Completed in 273ms
66 timing reify Completed in 437ms
67 timing command:install Completed in 450ms
68 verbose exit 0
69 timing npm Completed in 556ms
70 info ok
