0 verbose cli /usr/local/bin/node /home/ubuntu/.c9/dependencies/node18-linux-x64/29464ded064f0ff9d852d16001e84a5d5a7439136b832669f5b4fb3c064f311ab39a4b96564565e6996af05ddc6a0a19458ea9c732d2c7ca9e9a9c29e5b8ad5e/bin/npm
1 info using npm@9.5.1
2 info using node@v18.18.0
3 timing npm:load:whichnode Completed in 9ms
4 timing config:load:defaults Completed in 3ms
5 timing config:load:file:/home/ubuntu/.c9/dependencies/node18-linux-x64/29464ded064f0ff9d852d16001e84a5d5a7439136b832669f5b4fb3c064f311ab39a4b96564565e6996af05ddc6a0a19458ea9c732d2c7ca9e9a9c29e5b8ad5e/lib/node_modules/npm/npmrc Completed in 10ms
6 timing config:load:builtin Completed in 10ms
7 timing config:load:cli Completed in 14ms
8 timing config:load:env Completed in 1ms
9 timing config:load:file:/home/ubuntu/.cache/typescript/3.7/.npmrc Completed in 2ms
10 timing config:load:project Completed in 21ms
11 timing config:load:file:/home/ubuntu/.npmrc Completed in 6ms
12 timing config:load:user Completed in 7ms
13 timing config:load:file:/usr/local/etc/npmrc Completed in 0ms
14 timing config:load:global Completed in 1ms
15 timing config:load:setEnvs Completed in 12ms
16 timing config:load Completed in 71ms
17 timing npm:load:configload Completed in 71ms
18 timing npm:load:mkdirpcache Completed in 0ms
19 timing npm:load:mkdirplogs Completed in 0ms
20 verbose title npm install types-registry@latest
21 verbose argv "install" "--ignore-scripts" "types-registry@latest"
22 timing npm:load:setTitle Completed in 2ms
23 timing config:load:flatten Completed in 10ms
24 timing npm:load:display Completed in 13ms
25 verbose logfile logs-max:10 dir:/home/ubuntu/.npm/_logs/2023-10-18T15_42_10_161Z-
26 verbose logfile /home/ubuntu/.npm/_logs/2023-10-18T15_42_10_161Z-debug-0.log
27 timing npm:load:logFile Completed in 14ms
28 timing npm:load:timers Completed in 0ms
29 timing npm:load:configScope Completed in 0ms
30 timing npm:load Completed in 111ms
31 timing arborist:ctor Completed in 3ms
32 silly logfile start cleaning logs, removing 1 files
33 silly logfile done cleaning log files
34 timing idealTree:init Completed in 46ms
35 timing arborist:ctor Completed in 0ms
36 http fetch GET 200 https://registry.npmjs.org/types-registry 261ms (cache revalidated)
37 timing idealTree:userRequests Completed in 282ms
38 silly idealTree buildDeps
39 silly fetch manifest types-registry@0.1.665
40 silly placeDep ROOT types-registry@0.1.665 REPLACE for:  want: 0.1.665
41 timing idealTree:#root Completed in 6ms
42 timing idealTree:node_modules/types-registry Completed in 1ms
43 timing idealTree:buildDeps Completed in 8ms
44 timing idealTree:fixDepFlags Completed in 0ms
45 timing idealTree Completed in 338ms
46 timing reify:loadTrees Completed in 339ms
47 timing reify:diffTrees Completed in 2ms
48 silly reify moves {}
49 timing reify:retireShallow Completed in 2ms
50 timing reify:createSparse Completed in 0ms
51 timing reify:loadBundles Completed in 0ms
52 silly audit bulk request { 'types-registry': [ '0.1.665' ] }
53 timing reify:unpack Completed in 1ms
54 timing reify:unretire Completed in 0ms
55 timing build:queue Completed in 0ms
56 timing build:deps Completed in 1ms
57 timing build Completed in 1ms
58 timing reify:build Completed in 1ms
59 timing reify:trash Completed in 0ms
60 timing reify:save Completed in 22ms
61 http fetch POST 200 https://registry.npmjs.org/-/npm/v1/security/advisories/bulk 121ms
62 timing auditReport:getReport Completed in 124ms
63 silly audit report {}
64 timing auditReport:init Completed in 0ms
65 timing reify:audit Completed in 126ms
66 timing reify Completed in 486ms
67 timing command:install Completed in 515ms
68 verbose exit 0
69 timing npm Completed in 659ms
70 info ok
