[2023-10-21T17:48:44.213Z] Log level: Info
[2023-10-21T17:48:44.214Z] [info] Validating found git in: git
[2023-10-21T17:48:44.267Z] [info] Using git 2.34.1 from git
[2023-10-21T17:48:44.310Z] > git rev-parse --show-toplevel [22ms]
[2023-10-21T17:48:44.310Z] fatal: not a git repository (or any of the parent directories): .git
[2023-10-21T17:48:44.332Z] > git rev-parse --show-toplevel [4ms]
[2023-10-21T17:48:44.332Z] fatal: not a git repository (or any of the parent directories): .git
[2023-10-21T17:48:44.420Z] > git rev-parse --show-toplevel [59ms]
[2023-10-21T17:48:44.420Z] fatal: not a git repository (or any of the parent directories): .git
[2023-10-21T17:48:44.440Z] > git rev-parse --show-toplevel [5ms]
[2023-10-21T17:48:44.440Z] fatal: not a git repository (or any of the parent directories): .git
[2023-10-21T17:48:44.468Z] > git rev-parse --show-toplevel [7ms]
[2023-10-21T17:48:44.468Z] fatal: not a git repository (or any of the parent directories): .git
[2023-10-21T17:48:44.490Z] > git rev-parse --show-toplevel [5ms]
[2023-10-21T17:48:44.490Z] fatal: not a git repository (or any of the parent directories): .git
[2023-10-21T17:48:44.510Z] > git rev-parse --show-toplevel [10ms]
[2023-10-21T17:48:44.510Z] fatal: not a git repository (or any of the parent directories): .git
[2023-10-21T17:48:44.544Z] > git rev-parse --show-toplevel [9ms]
[2023-10-21T17:48:44.544Z] fatal: not a git repository (or any of the parent directories): .git
[2023-10-21T17:48:44.662Z] > git rev-parse --show-toplevel [102ms]
[2023-10-21T17:48:44.662Z] fatal: not a git repository (or any of the parent directories): .git
[2023-10-21T17:48:44.678Z] > git rev-parse --show-toplevel [3ms]
[2023-10-21T17:48:44.678Z] fatal: not a git repository (or any of the parent directories): .git
[2023-10-21T17:48:44.708Z] > git rev-parse --show-toplevel [7ms]
[2023-10-21T17:48:44.708Z] fatal: not a git repository (or any of the parent directories): .git
[2023-10-21T17:48:44.724Z] > git rev-parse --show-toplevel [6ms]
[2023-10-21T17:48:44.724Z] fatal: not a git repository (or any of the parent directories): .git
[2023-10-21T17:48:44.737Z] > git rev-parse --show-toplevel [4ms]
[2023-10-21T17:48:44.737Z] fatal: not a git repository (or any of the parent directories): .git
[2023-10-21T17:48:52.431Z] > git rev-parse --show-toplevel [3ms]
[2023-10-21T17:48:52.431Z] fatal: not a git repository (or any of the parent directories): .git
[2023-10-21T19:27:08.230Z] > git rev-parse --show-toplevel [6ms]
[2023-10-21T19:27:08.230Z] fatal: not a git repository (or any of the parent directories): .git
[2023-10-21T19:27:08.260Z] > git rev-parse --show-toplevel [1ms]
[2023-10-21T19:27:08.260Z] fatal: not a git repository (or any of the parent directories): .git
[2023-10-21T21:08:40.519Z] > git rev-parse --show-toplevel [2ms]
[2023-10-21T21:08:40.519Z] fatal: not a git repository (or any of the parent directories): .git
[2023-10-21T21:08:40.530Z] > git rev-parse --show-toplevel [1ms]
[2023-10-21T21:08:40.530Z] fatal: not a git repository (or any of the parent directories): .git
[2023-10-21T21:08:40.552Z] > git rev-parse --show-toplevel [4ms]
[2023-10-21T21:08:40.552Z] fatal: not a git repository (or any of the parent directories): .git
[2023-10-21T21:09:02.727Z] > git rev-parse --show-toplevel [7ms]
[2023-10-21T21:09:02.727Z] fatal: not a git repository (or any of the parent directories): .git
[2023-10-21T21:09:02.744Z] > git rev-parse --show-toplevel [3ms]
[2023-10-21T21:09:02.744Z] fatal: not a git repository (or any of the parent directories): .git
[2023-10-21T21:09:02.756Z] > git rev-parse --show-toplevel [1ms]
[2023-10-21T21:09:02.756Z] fatal: not a git repository (or any of the parent directories): .git
[2023-10-21T21:09:02.767Z] > git rev-parse --show-toplevel [1ms]
[2023-10-21T21:09:02.767Z] fatal: not a git repository (or any of the parent directories): .git
