[2023-10-23T04:43:10.317Z] Log level: Info
[2023-10-23T04:43:10.319Z] [info] Validating found git in: git
[2023-10-23T04:43:10.350Z] [info] Using git 2.34.1 from git
[2023-10-23T04:43:10.396Z] > git rev-parse --show-toplevel [7ms]
[2023-10-23T04:43:10.396Z] fatal: not a git repository (or any of the parent directories): .git
[2023-10-23T04:43:10.434Z] > git rev-parse --show-toplevel [1ms]
[2023-10-23T04:43:10.434Z] fatal: not a git repository (or any of the parent directories): .git
[2023-10-23T04:43:10.461Z] > git rev-parse --show-toplevel [4ms]
[2023-10-23T04:43:10.461Z] fatal: not a git repository (or any of the parent directories): .git
[2023-10-23T04:43:10.485Z] > git rev-parse --show-toplevel [4ms]
[2023-10-23T04:43:10.485Z] fatal: not a git repository (or any of the parent directories): .git
[2023-10-23T04:43:10.515Z] > git rev-parse --show-toplevel [13ms]
[2023-10-23T04:43:10.515Z] fatal: not a git repository (or any of the parent directories): .git
[2023-10-23T04:43:10.537Z] > git rev-parse --show-toplevel [3ms]
[2023-10-23T04:43:10.538Z] fatal: not a git repository (or any of the parent directories): .git
[2023-10-23T04:43:10.560Z] > git rev-parse --show-toplevel [4ms]
[2023-10-23T04:43:10.560Z] fatal: not a git repository (or any of the parent directories): .git
[2023-10-23T04:43:10.582Z] > git rev-parse --show-toplevel [3ms]
[2023-10-23T04:43:10.582Z] fatal: not a git repository (or any of the parent directories): .git
[2023-10-23T04:43:10.606Z] > git rev-parse --show-toplevel [3ms]
[2023-10-23T04:43:10.606Z] fatal: not a git repository (or any of the parent directories): .git
[2023-10-23T04:43:10.628Z] > git rev-parse --show-toplevel [3ms]
[2023-10-23T04:43:10.628Z] fatal: not a git repository (or any of the parent directories): .git
[2023-10-23T04:43:10.651Z] > git rev-parse --show-toplevel [3ms]
[2023-10-23T04:43:10.651Z] fatal: not a git repository (or any of the parent directories): .git
[2023-10-23T04:43:10.674Z] > git rev-parse --show-toplevel [6ms]
[2023-10-23T04:43:10.674Z] fatal: not a git repository (or any of the parent directories): .git
[2023-10-23T04:43:45.954Z] > git rev-parse --show-toplevel [1ms]
[2023-10-23T04:43:45.954Z] fatal: not a git repository (or any of the parent directories): .git
[2023-10-23T04:43:45.980Z] > git rev-parse --show-toplevel [5ms]
[2023-10-23T04:43:45.980Z] fatal: not a git repository (or any of the parent directories): .git
[2023-10-23T04:43:52.928Z] > git rev-parse --show-toplevel [2ms]
[2023-10-23T04:43:52.928Z] fatal: not a git repository (or any of the parent directories): .git
[2023-10-23T04:44:01.038Z] > git rev-parse --show-toplevel [2ms]
[2023-10-23T04:44:01.038Z] fatal: not a git repository (or any of the parent directories): .git
[2023-10-23T04:44:08.992Z] > git rev-parse --show-toplevel [1ms]
[2023-10-23T04:44:08.992Z] fatal: not a git repository (or any of the parent directories): .git
[2023-10-23T04:44:09.005Z] > git rev-parse --show-toplevel [1ms]
[2023-10-23T04:44:09.005Z] fatal: not a git repository (or any of the parent directories): .git
[2023-10-23T04:44:13.506Z] > git rev-parse --show-toplevel [3ms]
[2023-10-23T04:44:13.506Z] fatal: not a git repository (or any of the parent directories): .git
[2023-10-23T04:44:14.366Z] > git rev-parse --show-toplevel [2ms]
[2023-10-23T04:44:14.366Z] fatal: not a git repository (or any of the parent directories): .git
[2023-10-23T04:44:14.382Z] > git rev-parse --show-toplevel [4ms]
[2023-10-23T04:44:14.382Z] fatal: not a git repository (or any of the parent directories): .git
[2023-10-23T04:44:19.512Z] > git rev-parse --show-toplevel [3ms]
[2023-10-23T04:44:19.512Z] fatal: not a git repository (or any of the parent directories): .git
[2023-10-23T04:44:21.854Z] > git rev-parse --show-toplevel [2ms]
[2023-10-23T04:44:21.854Z] fatal: not a git repository (or any of the parent directories): .git
[2023-10-23T04:44:21.879Z] > git rev-parse --show-toplevel [3ms]
[2023-10-23T04:44:21.879Z] fatal: not a git repository (or any of the parent directories): .git
[2023-10-23T04:44:26.105Z] > git rev-parse --show-toplevel [3ms]
[2023-10-23T04:44:26.105Z] fatal: not a git repository (or any of the parent directories): .git
[2023-10-23T04:44:26.121Z] > git rev-parse --show-toplevel [3ms]
[2023-10-23T04:44:26.121Z] fatal: not a git repository (or any of the parent directories): .git
[2023-10-23T04:44:26.139Z] > git rev-parse --show-toplevel [2ms]
[2023-10-23T04:44:26.139Z] fatal: not a git repository (or any of the parent directories): .git
[2023-10-23T04:44:29.763Z] > git rev-parse --show-toplevel [13ms]
[2023-10-23T04:44:29.763Z] fatal: not a git repository (or any of the parent directories): .git
[2023-10-23T04:44:29.780Z] > git rev-parse --show-toplevel [3ms]
[2023-10-23T04:44:29.780Z] fatal: not a git repository (or any of the parent directories): .git
[2023-10-23T04:44:30.991Z] > git rev-parse --show-toplevel [28ms]
[2023-10-23T04:44:30.991Z] fatal: not a git repository (or any of the parent directories): .git
[2023-10-23T04:44:31.948Z] > git rev-parse --show-toplevel [22ms]
[2023-10-23T04:44:31.948Z] fatal: not a git repository (or any of the parent directories): .git
[2023-10-23T04:44:32.017Z] > git rev-parse --show-toplevel [14ms]
[2023-10-23T04:44:32.017Z] fatal: not a git repository (or any of the parent directories): .git
[2023-10-23T04:44:33.914Z] > git rev-parse --show-toplevel [5ms]
[2023-10-23T04:44:33.914Z] fatal: not a git repository (or any of the parent directories): .git
[2023-10-23T04:44:34.742Z] > git rev-parse --show-toplevel [4ms]
[2023-10-23T04:44:34.742Z] fatal: not a git repository (or any of the parent directories): .git
[2023-10-23T04:44:34.759Z] > git rev-parse --show-toplevel [4ms]
[2023-10-23T04:44:34.759Z] fatal: not a git repository (or any of the parent directories): .git
[2023-10-23T04:44:36.319Z] > git rev-parse --show-toplevel [9ms]
[2023-10-23T04:44:36.319Z] fatal: not a git repository (or any of the parent directories): .git
[2023-10-23T04:44:37.325Z] > git rev-parse --show-toplevel [23ms]
[2023-10-23T04:44:37.325Z] fatal: not a git repository (or any of the parent directories): .git
[2023-10-23T04:44:37.370Z] > git rev-parse --show-toplevel [14ms]
[2023-10-23T04:44:37.370Z] fatal: not a git repository (or any of the parent directories): .git
[2023-10-23T04:44:37.921Z] > git rev-parse --show-toplevel [3ms]
[2023-10-23T04:44:37.921Z] fatal: not a git repository (or any of the parent directories): .git
[2023-10-23T04:44:39.035Z] > git rev-parse --show-toplevel [8ms]
[2023-10-23T04:44:39.035Z] fatal: not a git repository (or any of the parent directories): .git
[2023-10-23T04:44:39.076Z] > git rev-parse --show-toplevel [8ms]
[2023-10-23T04:44:39.076Z] fatal: not a git repository (or any of the parent directories): .git
[2023-10-23T04:44:48.339Z] > git rev-parse --show-toplevel [5ms]
[2023-10-23T04:44:48.339Z] fatal: not a git repository (or any of the parent directories): .git
[2023-10-23T04:44:50.759Z] > git rev-parse --show-toplevel [6ms]
[2023-10-23T04:44:50.759Z] fatal: not a git repository (or any of the parent directories): .git
[2023-10-23T04:44:50.787Z] > git rev-parse --show-toplevel [1ms]
[2023-10-23T04:44:50.787Z] fatal: not a git repository (or any of the parent directories): .git
[2023-10-23T04:44:54.132Z] > git rev-parse --show-toplevel [6ms]
[2023-10-23T04:44:54.132Z] fatal: not a git repository (or any of the parent directories): .git
[2023-10-23T04:44:54.156Z] > git rev-parse --show-toplevel [3ms]
[2023-10-23T04:44:54.156Z] fatal: not a git repository (or any of the parent directories): .git
[2023-10-23T04:44:54.172Z] > git rev-parse --show-toplevel [2ms]
[2023-10-23T04:44:54.172Z] fatal: not a git repository (or any of the parent directories): .git
[2023-10-23T04:45:05.777Z] > git rev-parse --show-toplevel [4ms]
[2023-10-23T04:45:05.777Z] fatal: not a git repository (or any of the parent directories): .git
[2023-10-23T04:45:05.793Z] > git rev-parse --show-toplevel [2ms]
[2023-10-23T04:45:05.793Z] fatal: not a git repository (or any of the parent directories): .git
[2023-10-23T04:45:06.680Z] > git rev-parse --show-toplevel [5ms]
[2023-10-23T04:45:06.680Z] fatal: not a git repository (or any of the parent directories): .git
[2023-10-23T04:45:06.725Z] > git rev-parse --show-toplevel [3ms]
[2023-10-23T04:45:06.725Z] fatal: not a git repository (or any of the parent directories): .git
[2023-10-23T04:45:06.757Z] > git rev-parse --show-toplevel [3ms]
[2023-10-23T04:45:06.757Z] fatal: not a git repository (or any of the parent directories): .git
[2023-10-23T04:45:20.605Z] > git rev-parse --show-toplevel [2ms]
[2023-10-23T04:45:20.605Z] fatal: not a git repository (or any of the parent directories): .git
[2023-10-23T04:45:20.618Z] > git rev-parse --show-toplevel [3ms]
[2023-10-23T04:45:20.618Z] fatal: not a git repository (or any of the parent directories): .git
[2023-10-23T04:45:22.188Z] > git rev-parse --show-toplevel [1ms]
[2023-10-23T04:45:22.188Z] fatal: not a git repository (or any of the parent directories): .git
[2023-10-23T04:45:22.204Z] > git rev-parse --show-toplevel [1ms]
[2023-10-23T04:45:22.204Z] fatal: not a git repository (or any of the parent directories): .git
[2023-10-23T04:45:22.217Z] > git rev-parse --show-toplevel [1ms]
[2023-10-23T04:45:22.217Z] fatal: not a git repository (or any of the parent directories): .git
[2023-10-23T04:45:24.576Z] > git rev-parse --show-toplevel [4ms]
[2023-10-23T04:45:24.576Z] fatal: not a git repository (or any of the parent directories): .git
[2023-10-23T04:45:24.592Z] > git rev-parse --show-toplevel [2ms]
[2023-10-23T04:45:24.592Z] fatal: not a git repository (or any of the parent directories): .git
