[2023-10-22T00:31:21.134Z] Log level: Info
[2023-10-22T00:31:21.144Z] [info] Validating found git in: git
[2023-10-22T00:31:21.185Z] [info] Using git 2.34.1 from git
[2023-10-22T00:31:21.225Z] > git rev-parse --show-toplevel [11ms]
[2023-10-22T00:31:21.225Z] fatal: not a git repository (or any of the parent directories): .git
[2023-10-22T00:31:21.247Z] > git rev-parse --show-toplevel [4ms]
[2023-10-22T00:31:21.247Z] fatal: not a git repository (or any of the parent directories): .git
[2023-10-22T00:31:21.279Z] > git rev-parse --show-toplevel [17ms]
[2023-10-22T00:31:21.280Z] fatal: not a git repository (or any of the parent directories): .git
[2023-10-22T00:31:21.301Z] > git rev-parse --show-toplevel [4ms]
[2023-10-22T00:31:21.301Z] fatal: not a git repository (or any of the parent directories): .git
[2023-10-22T00:31:21.318Z] > git rev-parse --show-toplevel [3ms]
[2023-10-22T00:31:21.318Z] fatal: not a git repository (or any of the parent directories): .git
[2023-10-22T00:31:21.339Z] > git rev-parse --show-toplevel [6ms]
[2023-10-22T00:31:21.339Z] fatal: not a git repository (or any of the parent directories): .git
[2023-10-22T00:31:21.361Z] > git rev-parse --show-toplevel [3ms]
[2023-10-22T00:31:21.361Z] fatal: not a git repository (or any of the parent directories): .git
[2023-10-22T00:31:21.385Z] > git rev-parse --show-toplevel [9ms]
[2023-10-22T00:31:21.385Z] fatal: not a git repository (or any of the parent directories): .git
[2023-10-22T00:31:21.400Z] > git rev-parse --show-toplevel [3ms]
[2023-10-22T00:31:21.400Z] fatal: not a git repository (or any of the parent directories): .git
[2023-10-22T00:31:21.416Z] > git rev-parse --show-toplevel [3ms]
[2023-10-22T00:31:21.416Z] fatal: not a git repository (or any of the parent directories): .git
[2023-10-22T00:31:21.431Z] > git rev-parse --show-toplevel [2ms]
[2023-10-22T00:31:21.431Z] fatal: not a git repository (or any of the parent directories): .git
[2023-10-22T00:31:21.451Z] > git rev-parse --show-toplevel [3ms]
[2023-10-22T00:31:21.451Z] fatal: not a git repository (or any of the parent directories): .git
