[2023-10-22T01:11:35.772Z] Log level: Info
[2023-10-22T01:11:35.773Z] [info] Validating found git in: git
[2023-10-22T01:11:35.835Z] [info] Using git 2.34.1 from git
[2023-10-22T01:11:35.859Z] > git rev-parse --show-toplevel [6ms]
[2023-10-22T01:11:35.859Z] fatal: not a git repository (or any of the parent directories): .git
[2023-10-22T01:11:35.873Z] > git rev-parse --show-toplevel [1ms]
[2023-10-22T01:11:35.873Z] fatal: not a git repository (or any of the parent directories): .git
[2023-10-22T01:11:35.884Z] > git rev-parse --show-toplevel [2ms]
[2023-10-22T01:11:35.884Z] fatal: not a git repository (or any of the parent directories): .git
[2023-10-22T01:11:35.895Z] > git rev-parse --show-toplevel [2ms]
[2023-10-22T01:11:35.895Z] fatal: not a git repository (or any of the parent directories): .git
[2023-10-22T01:11:35.932Z] > git rev-parse --show-toplevel [28ms]
[2023-10-22T01:11:35.932Z] fatal: not a git repository (or any of the parent directories): .git
[2023-10-22T01:11:35.944Z] > git rev-parse --show-toplevel [2ms]
[2023-10-22T01:11:35.944Z] fatal: not a git repository (or any of the parent directories): .git
[2023-10-22T01:11:35.959Z] > git rev-parse --show-toplevel [3ms]
[2023-10-22T01:11:35.959Z] fatal: not a git repository (or any of the parent directories): .git
[2023-10-22T01:11:36.045Z] > git rev-parse --show-toplevel [72ms]
[2023-10-22T01:11:36.045Z] fatal: not a git repository (or any of the parent directories): .git
[2023-10-22T01:11:36.072Z] > git rev-parse --show-toplevel [14ms]
[2023-10-22T01:11:36.072Z] fatal: not a git repository (or any of the parent directories): .git
[2023-10-22T01:11:36.097Z] > git rev-parse --show-toplevel [6ms]
[2023-10-22T01:11:36.097Z] fatal: not a git repository (or any of the parent directories): .git
[2023-10-22T01:11:36.119Z] > git rev-parse --show-toplevel [13ms]
[2023-10-22T01:11:36.119Z] fatal: not a git repository (or any of the parent directories): .git
[2023-10-22T01:11:36.190Z] > git rev-parse --show-toplevel [49ms]
[2023-10-22T01:11:36.190Z] fatal: not a git repository (or any of the parent directories): .git
