[2023-10-23T14:25:32.645Z] Log level: Info
[2023-10-23T14:25:32.646Z] [info] Validating found git in: git
[2023-10-23T14:25:32.729Z] [info] Using git 2.34.1 from git
[2023-10-23T14:25:32.788Z] > git rev-parse --show-toplevel [25ms]
[2023-10-23T14:25:32.810Z] > git rev-parse --git-dir --git-common-dir [3ms]
[2023-10-23T14:25:32.820Z] [info] Open repository: /home/ubuntu
[2023-10-23T14:25:33.701Z] > git show --textconv :app.js [213ms]
[2023-10-23T14:25:44.762Z] > git status -z -uall [11924ms]
[2023-10-23T14:25:44.794Z] > git symbolic-ref --short HEAD [17ms]
[2023-10-23T14:25:44.825Z] > git for-each-ref --format=%(refname)%00%(upstream:short)%00%(objectname)%00%(upstream:track)%00%(upstream:remotename)%00%(upstream:remoteref) refs/heads/main refs/remotes/main [15ms]
[2023-10-23T14:25:44.853Z] > git for-each-ref --sort -committerdate --format %(refname) %(objectname) %(*objectname) [14ms]
[2023-10-23T14:25:44.856Z] > git remote --verbose [6ms]
[2023-10-23T14:25:44.886Z] > git config --get commit.template [4ms]
[2023-10-23T14:25:45.864Z] > git check-ignore -v -z --stdin [262ms]
[2023-10-23T14:25:46.897Z] > git show --textconv :app.js [76ms]
[2023-10-23T14:28:00.719Z] > git status -z -uall [1108ms]
[2023-10-23T14:28:00.731Z] > git symbolic-ref --short HEAD [1ms]
[2023-10-23T14:28:00.744Z] > git for-each-ref --format=%(refname)%00%(upstream:short)%00%(objectname)%00%(upstream:track)%00%(upstream:remotename)%00%(upstream:remoteref) refs/heads/main refs/remotes/main [3ms]
[2023-10-23T14:28:00.763Z] > git for-each-ref --sort -committerdate --format %(refname) %(objectname) %(*objectname) [10ms]
[2023-10-23T14:28:00.764Z] > git remote --verbose [3ms]
[2023-10-23T14:28:00.777Z] > git config --get commit.template [2ms]
[2023-10-23T14:28:01.321Z] > git show --textconv :app.js [67ms]
[2023-10-23T14:28:01.729Z] > git check-ignore -v -z --stdin [325ms]
[2023-10-23T14:29:58.065Z] > git status -z -uall [968ms]
[2023-10-23T14:29:58.084Z] > git symbolic-ref --short HEAD [6ms]
[2023-10-23T14:29:58.109Z] > git for-each-ref --format=%(refname)%00%(upstream:short)%00%(objectname)%00%(upstream:track)%00%(upstream:remotename)%00%(upstream:remoteref) refs/heads/main refs/remotes/main [3ms]
[2023-10-23T14:29:58.141Z] > git remote --verbose [2ms]
[2023-10-23T14:29:58.141Z] > git for-each-ref --sort -committerdate --format %(refname) %(objectname) %(*objectname) [22ms]
[2023-10-23T14:29:58.154Z] > git config --get commit.template [1ms]
[2023-10-23T14:29:58.666Z] > git show --textconv :app.js [38ms]
[2023-10-23T14:29:58.906Z] > git check-ignore -v -z --stdin [171ms]
[2023-10-23T14:30:04.233Z] > git status -z -uall [1068ms]
[2023-10-23T14:30:04.246Z] > git symbolic-ref --short HEAD [2ms]
[2023-10-23T14:30:04.259Z] > git for-each-ref --format=%(refname)%00%(upstream:short)%00%(objectname)%00%(upstream:track)%00%(upstream:remotename)%00%(upstream:remoteref) refs/heads/main refs/remotes/main [3ms]
[2023-10-23T14:30:04.282Z] > git for-each-ref --sort -committerdate --format %(refname) %(objectname) %(*objectname) [14ms]
[2023-10-23T14:30:04.283Z] > git remote --verbose [3ms]
[2023-10-23T14:30:04.296Z] > git config --get commit.template [1ms]
[2023-10-23T14:30:04.836Z] > git show --textconv :app.js [53ms]
[2023-10-23T14:30:05.104Z] > git check-ignore -v -z --stdin [235ms]
[2023-10-23T14:30:26.865Z] > git show --textconv :.gitconfig [72ms]
[2023-10-23T14:30:54.258Z] > git status -z -uall [1034ms]
[2023-10-23T14:30:54.275Z] > git symbolic-ref --short HEAD [7ms]
[2023-10-23T14:30:54.286Z] > git for-each-ref --format=%(refname)%00%(upstream:short)%00%(objectname)%00%(upstream:track)%00%(upstream:remotename)%00%(upstream:remoteref) refs/heads/main refs/remotes/main [2ms]
[2023-10-23T14:30:54.308Z] > git remote --verbose [4ms]
[2023-10-23T14:30:54.309Z] > git for-each-ref --sort -committerdate --format %(refname) %(objectname) %(*objectname) [13ms]
[2023-10-23T14:30:54.321Z] > git config --get commit.template [2ms]
[2023-10-23T14:30:55.015Z] > git show --textconv :routes/visitas.js [87ms]
[2023-10-23T14:30:55.173Z] > git check-ignore -v -z --stdin [275ms]
[2023-10-23T14:30:58.260Z] > git show --textconv :.gitignore [39ms]
[2023-10-23T14:31:35.008Z] > git show --textconv :.gitignore [49ms]
[2023-10-23T14:31:36.016Z] > git show --textconv :.gitignore [76ms]
[2023-10-23T14:31:36.662Z] > git show --textconv :.gitignore [49ms]
[2023-10-23T14:31:37.013Z] > git show --textconv :.gitignore [63ms]
[2023-10-23T14:31:37.318Z] > git show --textconv :.gitignore [38ms]
[2023-10-23T14:31:40.473Z] > git show --textconv :.gitignore [61ms]
[2023-10-23T14:31:41.911Z] > git show --textconv :.gitignore [39ms]
[2023-10-23T14:31:42.489Z] > git show --textconv :.gitignore [45ms]
[2023-10-23T14:31:43.128Z] > git show --textconv :.gitignore [44ms]
[2023-10-23T14:31:45.695Z] > git show --textconv :.gitignore [72ms]
[2023-10-23T14:31:46.394Z] > git show --textconv :.gitignore [79ms]
[2023-10-23T14:31:54.210Z] > git show --textconv :.gitignore [67ms]
[2023-10-23T14:31:54.445Z] > git show --textconv :.gitignore [51ms]
[2023-10-23T14:31:55.318Z] > git show --textconv :.gitignore [44ms]
[2023-10-23T14:32:04.069Z] > git show --textconv :.gitignore [46ms]
[2023-10-23T14:32:04.346Z] > git show --textconv :.gitignore [43ms]
[2023-10-23T14:32:05.303Z] > git show --textconv :.gitignore [40ms]
[2023-10-23T14:32:05.596Z] > git show --textconv :.gitignore [40ms]
[2023-10-23T14:32:06.242Z] > git show --textconv :.gitignore [36ms]
[2023-10-23T14:32:07.196Z] > git show --textconv :.gitignore [48ms]
[2023-10-23T14:32:07.775Z] > git show --textconv :.gitignore [58ms]
[2023-10-23T14:32:20.251Z] > git show --textconv :.gitignore [37ms]
[2023-10-23T14:32:21.860Z] > git show --textconv :.gitignore [54ms]
[2023-10-23T14:32:32.932Z] > git show --textconv :.gitignore [41ms]
[2023-10-23T14:32:36.624Z] > git show --textconv :.gitignore [76ms]
[2023-10-23T14:32:37.017Z] > git show --textconv :.gitignore [40ms]
[2023-10-23T14:32:39.324Z] > git show --textconv :.gitignore [50ms]
[2023-10-23T14:32:39.648Z] > git show --textconv :.gitignore [64ms]
[2023-10-23T14:32:42.095Z] > git show --textconv :.gitignore [44ms]
[2023-10-23T14:32:42.434Z] > git show --textconv :.gitignore [40ms]
[2023-10-23T14:32:44.380Z] > git show --textconv :.gitignore [64ms]
[2023-10-23T14:32:44.615Z] > git show --textconv :.gitignore [74ms]
[2023-10-23T14:32:46.614Z] > git show --textconv :.gitignore [41ms]
[2023-10-23T14:32:46.851Z] > git show --textconv :.gitignore [42ms]
[2023-10-23T14:32:49.274Z] > git show --textconv :.gitignore [53ms]
[2023-10-23T14:32:49.500Z] > git show --textconv :.gitignore [43ms]
[2023-10-23T14:32:51.659Z] > git show --textconv :.gitignore [43ms]
[2023-10-23T14:32:52.384Z] > git show --textconv :.gitignore [42ms]
[2023-10-23T14:32:55.789Z] > git show --textconv :.gitignore [47ms]
[2023-10-23T14:32:55.992Z] > git show --textconv :.gitignore [51ms]
[2023-10-23T14:32:58.516Z] > git show --textconv :.gitignore [53ms]
[2023-10-23T14:33:08.451Z] > git show --textconv :.gitignore [38ms]
[2023-10-23T14:33:08.723Z] > git show --textconv :.gitignore [39ms]
[2023-10-23T14:33:09.289Z] > git show --textconv :.gitignore [61ms]
[2023-10-23T14:33:09.692Z] > git show --textconv :.gitignore [50ms]
[2023-10-23T14:33:13.254Z] > git show --textconv :.gitignore [51ms]
[2023-10-23T14:33:16.593Z] > git show --textconv :.gitignore [39ms]
[2023-10-23T14:33:17.603Z] > git show --textconv :.gitignore [60ms]
[2023-10-23T14:33:18.572Z] > git show --textconv :.gitignore [46ms]
[2023-10-23T14:33:19.745Z] > git show --textconv :.gitignore [58ms]
[2023-10-23T14:33:31.905Z] > git status -z -uall [423ms]
[2023-10-23T14:33:31.918Z] > git symbolic-ref --short HEAD [2ms]
[2023-10-23T14:33:31.930Z] > git for-each-ref --format=%(refname)%00%(upstream:short)%00%(objectname)%00%(upstream:track)%00%(upstream:remotename)%00%(upstream:remoteref) refs/heads/main refs/remotes/main [3ms]
[2023-10-23T14:33:31.950Z] > git for-each-ref --sort -committerdate --format %(refname) %(objectname) %(*objectname) [10ms]
[2023-10-23T14:33:31.950Z] > git remote --verbose [2ms]
[2023-10-23T14:33:31.975Z] > git config --get commit.template [1ms]
[2023-10-23T14:33:32.459Z] > git show --textconv :.gitignore [35ms]
[2023-10-23T14:33:32.747Z] > git check-ignore -v -z --stdin [204ms]
[2023-10-23T14:33:33.976Z] > git show --textconv :.gitconfig [37ms]
[2023-10-23T14:33:55.788Z] > git status -z -uall [514ms]
[2023-10-23T14:33:55.810Z] > git symbolic-ref --short HEAD [4ms]
[2023-10-23T14:33:55.826Z] > git for-each-ref --format=%(refname)%00%(upstream:short)%00%(objectname)%00%(upstream:track)%00%(upstream:remotename)%00%(upstream:remoteref) refs/heads/main refs/remotes/main [4ms]
[2023-10-23T14:33:55.863Z] > git show --textconv :.gitignore [94ms]
[2023-10-23T14:33:55.864Z] > git for-each-ref --sort -committerdate --format %(refname) %(objectname) %(*objectname) [27ms]
[2023-10-23T14:33:55.869Z] > git remote --verbose [11ms]
[2023-10-23T14:33:55.896Z] > git config --get commit.template [2ms]
[2023-10-23T14:33:56.415Z] > git show --textconv :.gitignore [68ms]
[2023-10-23T14:33:56.667Z] > git check-ignore -v -z --stdin [180ms]
[2023-10-23T14:33:59.200Z] > git show --textconv :routes/visitas.js [89ms]
[2023-10-23T14:34:07.776Z] > git status -z -uall [968ms]
[2023-10-23T14:34:07.786Z] > git symbolic-ref --short HEAD [2ms]
[2023-10-23T14:34:07.796Z] > git for-each-ref --format=%(refname)%00%(upstream:short)%00%(objectname)%00%(upstream:track)%00%(upstream:remotename)%00%(upstream:remoteref) refs/heads/main refs/remotes/main [2ms]
[2023-10-23T14:34:07.825Z] > git for-each-ref --sort -committerdate --format %(refname) %(objectname) %(*objectname) [21ms]
[2023-10-23T14:34:07.826Z] > git remote --verbose [7ms]
[2023-10-23T14:34:07.841Z] > git config --get commit.template [1ms]
[2023-10-23T14:34:08.374Z] > git show --textconv :routes/visitas.js [53ms]
[2023-10-23T14:34:08.712Z] > git check-ignore -v -z --stdin [293ms]
